Sequence          		tRNA   	Bounds 	tRNA	Anti	Intron Bounds	Inf	      
Name              	tRNA #	Begin  	End    	Type	Codon	Begin	End	Score	Note
--------          	------	-----  	------ 	----	-----	-----	----	------	------
JAQOTN010000001.1 	1	537009 	536938 	Thr	CGT	0	0	70.2	
JAQOTN010000001.1 	2	425085 	425014 	Trp	CCA	0	0	62.0	
JAQOTN010000001.1 	3	424955 	424883 	Lys	CTT	0	0	77.7	
JAQOTN010000013.1 	1	244528 	244598 	His	GTG	0	0	74.0	
JAQOTN010000013.1 	2	244823 	244895 	Phe	GAA	0	0	91.0	
JAQOTN010000013.1 	3	244722 	244651 	Glu	TTC	0	0	63.4	
JAQOTN010000015.1 	1	206989 	206902 	SeC	TCA	0	0	117.5	
JAQOTN010000016.1 	1	55860  	55941  	Leu	CAA	0	0	77.1	
JAQOTN010000016.1 	2	56072  	55992  	Ser	CGA	0	0	67.5	
JAQOTN010000017.1 	1	163407 	163478 	Pro	AGG	0	0	66.6	
JAQOTN010000018.1 	1	524223 	524312 	Tyr	GTA	524260	524276	72.2	
JAQOTN010000019.1 	1	117073 	117145 	Asn	GTT	0	0	73.2	
JAQOTN010000019.1 	2	1061453	1061524	Pro	TGG	0	0	68.7	
JAQOTN010000019.1 	3	1061646	1061575	Cys	GCA	0	0	77.9	
JAQOTN010000019.1 	4	1061352	1061281	iMet	CAT	0	0	70.5	
JAQOTN010000019.1 	5	1061199	1061118	Leu	AAG	0	0	74.7	
JAQOTN010000002.1 	1	92948  	92877  	Thr	AGT	0	0	71.4	
JAQOTN010000027.1 	1	127476 	127547 	Asp	GTC	0	0	65.2	
JAQOTN010000028.1 	1	52773  	52844  	Arg	ACG	0	0	72.0	
JAQOTN010000029.1 	1	502    	584    	Leu	CAG	0	0	75.3	
JAQOTN010000029.1 	2	403    	331    	Asn	GTT	0	0	73.2	
JAQOTN010000029.1 	3	270    	200    	Sup	CTA	0	0	50.1	
JAQOTN010000003.1 	1	397697 	397769 	Lys	TTT	0	0	86.4	
JAQOTN010000003.1 	2	398416 	398487 	Gly	TCC	0	0	66.4	
JAQOTN010000003.1 	3	398551 	398622 	Gln	TTG	0	0	80.2	
JAQOTN010000003.1 	4	398709 	398781 	Val	TAC	0	0	66.8	
JAQOTN010000003.1 	5	399014 	399085 	Thr	TGT	0	0	74.1	
JAQOTN010000003.1 	6	399416 	399488 	Lys	TTT	0	0	78.7	
JAQOTN010000003.1 	7	398902 	398831 	Arg	TCG	0	0	72.8	
JAQOTN010000003.1 	8	398321 	398250 	Trp	CCA	0	0	62.0	
JAQOTN010000003.1 	9	398190 	398118 	Lys	CTT	0	0	77.7	
JAQOTN010000003.1 	10	397616 	397543 	Ile	TAT	0	0	70.1	
JAQOTN010000031.1 	1	394449 	394522 	Ile	AAT	0	0	80.1	
JAQOTN010000031.1 	2	394621 	394701 	Ser	AGA	0	0	69.8	
JAQOTN010000031.1 	3	548018 	547948 	Gly	GCC	0	0	68.8	
JAQOTN010000031.1 	4	547888 	547817 	Glu	CTC	0	0	65.4	
JAQOTN010000034.1 	1	141591 	141663 	Val	CAC	0	0	63.7	
JAQOTN010000035.1 	1	558260 	558340 	Ser	TGA	0	0	68.8	
JAQOTN010000035.1 	2	558611 	558684 	Val	AAC	0	0	58.6	
JAQOTN010000035.1 	3	558745 	558818 	Ile	AAT	0	0	80.1	
JAQOTN010000035.1 	4	558499 	558410 	Tyr	GTA	558462	558446	72.2	
JAQOTN010000035.1 	5	558166 	558087 	Leu	TAG	0	0	76.6	
JAQOTN010000038.1 	1	186828 	186748 	Ser	GCT	0	0	81.8	
JAQOTN010000038.1 	2	173931 	173851 	Ser	GCT	0	0	81.8	
JAQOTN010000041.1 	1	695929 	696001 	Arg	TCT	0	0	72.6	
JAQOTN010000041.1 	2	696062 	696134 	Arg	CCT	0	0	76.0	
JAQOTN010000041.1 	3	695837 	695766 	Ala	TGC	0	0	70.1	
JAQOTN010000045.1 	1	180916 	180844 	Ala	AGC	0	0	57.1	
JAQOTN010000047.1 	1	131804 	131733 	Gln	CTG	0	0	67.2	
JAQOTN010000050.1 	1	8980   	9051   	Pro	CGG	0	0	73.0	
JAQOTN010000050.1 	2	8723   	8642   	Leu	TAA	0	0	59.9	
JAQOTN010000051.1 	1	175019 	175100 	Leu	AAG	0	0	74.7	
JAQOTN010000051.1 	2	185254 	185324 	Gly	CCC	0	0	72.8	
JAQOTN010000051.1 	3	185384 	185455 	Ala	CGC	0	0	68.1	
JAQOTN010000051.1 	4	332874 	332946 	Met	CAT	0	0	72.5	
JAQOTN010000051.1 	5	333069 	332998 	Asp	GTC	0	0	65.2	
JAQOTN010000051.1 	6	332793 	332722 	Arg	ACG	0	0	72.0	
JAQOTN010000051.1 	7	185186 	185105 	Leu	AAG	0	0	74.7	
JAQOTN010000051.1 	8	174951 	174881 	Gly	CCC	0	0	72.8	
JAQOTN010000051.1 	9	174821 	174750 	Ala	CGC	0	0	68.1	
JAQOTN010000052.1 	1	60208  	60279  	Arg	ACG	0	0	64.0	
JAQOTN010000006.1 	1	383739 	383811 	Ala	AGC	0	0	57.1	
JAQOTN010000006.1 	2	619187 	619259 	Asn	GTT	0	0	73.2	
JAQOTN010000061.1 	1	23772  	23843  	Sup	TTA	0	0	71.6	
JAQOTN010000061.1 	2	24099  	24028  	Arg	CCG	0	0	67.3	
JAQOTN010000061.1 	3	23694  	23622  	Phe	GAA	0	0	91.0	
JAQOTN010000065.1 	1	160112 	160041 	Thr	AGT	0	0	71.4	
JAQOTN010000071.1 	1	21096  	21167  	Asp	GTC	0	0	65.2	
