Sequence          		tRNA  	Bounds	tRNA	Anti	Intron Bounds	Inf	      
Name              	tRNA #	Begin 	End   	Type	Codon	Begin	End	Score	Note
--------          	------	----- 	------	----	-----	-----	----	------	------
CBFDEM010000001.1 	1	493068	493141	Ile	TAT	0	0	83.5	
CBFDEM010000001.1 	2	375775	375695	Ser	AGA	0	0	85.2	
CBFDEM010000002.1 	1	62765 	62836 	Cys	GCA	0	0	63.9	
CBFDEM010000002.1 	2	62958 	63029 	Cys	GCA	0	0	63.9	
CBFDEM010000002.1 	3	542296	542376	Ser	TGA	0	0	81.3	
CBFDEM010000003.1 	1	113481	113552	Ser	GCT	0	0	41.1	
CBFDEM010000004.1 	1	329629	329702	Ile	AAT	0	0	85.4	
CBFDEM010000004.1 	2	968671	968603	Lys	TTT	0	0	38.5	
CBFDEM010000004.1 	3	916648	916576	Trp	CCA	0	0	57.7	
CBFDEM010000004.1 	4	915464	915392	Trp	CCA	0	0	57.7	
CBFDEM010000004.1 	5	914670	914598	Trp	CCA	0	0	57.7	
CBFDEM010000004.1 	6	676189	676119	Gly	GCC	0	0	60.0	
CBFDEM010000005.1 	1	272498	272569	Pro	AGG	0	0	74.5	
CBFDEM010000005.1 	2	410746	410675	Pro	TGG	0	0	74.1	
CBFDEM010000005.1 	3	223459	223387	Asp	GTC	0	0	65.2	
CBFDEM010000009.1 	1	311575	311493	Tyr	GTA	311538	311529	72.5	
CBFDEM010000010.1 	1	276672	276744	Arg	TCT	0	0	54.8	
CBFDEM010000010.1 	2	348358	348430	Glu	TTC	0	0	64.6	
CBFDEM010000011.1 	1	557237	557309	Lys	TTT	0	0	86.6	
CBFDEM010000011.1 	2	557368	557440	Lys	CTT	0	0	86.9	
CBFDEM010000011.1 	3	854133	854203	Gly	GCC	0	0	60.0	
CBFDEM010000011.1 	4	962890	962819	Pro	AGG	0	0	74.5	
CBFDEM010000012.1 	1	99743 	99822 	Leu	CAG	0	0	68.9	
CBFDEM010000012.1 	2	606665	606593	Val	TAC	0	0	73.8	
CBFDEM010000012.1 	3	389651	389579	Asn	GTT	0	0	78.3	
CBFDEM010000012.1 	4	83495 	83423 	Ala	TGC	0	0	55.3	
CBFDEM010000012.1 	5	83173 	83102 	Val	GAC	0	0	59.4	
CBFDEM010000012.1 	6	82909 	82837 	Ala	TGC	0	0	55.1	
CBFDEM010000013.1 	1	489183	489255	Arg	TCT	0	0	76.6	
CBFDEM010000013.1 	2	787144	787064	Ser	CGA	0	0	78.8	
CBFDEM010000013.1 	3	585537	585466	iMet	CAT	0	0	65.5	
CBFDEM010000014.1 	1	161972	162044	Trp	CCA	0	0	57.7	
CBFDEM010000014.1 	2	767970	767898	Lys	TTT	0	0	86.6	
CBFDEM010000014.1 	3	767838	767766	Lys	CTT	0	0	86.9	
CBFDEM010000014.1 	4	427550	427480	Gly	GCC	0	0	60.0	
CBFDEM010000015.1 	1	432496	432425	Ala	TGC	0	0	70.4	
CBFDEM010000015.1 	2	410395	410325	Glu	TTC	0	0	58.9	
CBFDEM010000015.1 	3	410154	410082	Val	CAC	0	0	51.8	
CBFDEM010000015.1 	4	66128 	66056 	Val	AAC	0	0	79.0	
CBFDEM010000016.1 	1	89307 	89379 	Val	CAC	0	0	77.9	
CBFDEM010000016.1 	2	358442	358512	His	GTG	0	0	54.8	
CBFDEM010000016.1 	3	459490	459411	Leu	AAG	0	0	64.8	
CBFDEM010000016.1 	4	251940	251868	Glu	TTC	0	0	64.6	
CBFDEM010000018.1 	1	163607	163679	Arg	CCT	0	0	61.3	
CBFDEM010000018.1 	2	643453	643535	Leu	TAA	0	0	69.6	
CBFDEM010000020.1 	1	192352	192434	Leu	CAA	0	0	63.6	
CBFDEM010000020.1 	2	545213	545285	Arg	TCT	0	0	76.6	
CBFDEM010000020.1 	3	600341	600271	Gln	TTG	0	0	75.6	
CBFDEM010000020.1 	4	569919	569838	Ser	GCT	0	0	81.9	
CBFDEM010000020.1 	5	541902	541829	Phe	GAA	0	0	75.2	
CBFDEM010000020.1 	6	364521	364449	Lys	TTT	0	0	86.6	
CBFDEM010000020.1 	7	98084 	98012 	Thr	AGT	0	0	75.3	
CBFDEM010000021.1 	1	302446	302516	Arg	CCG	0	0	62.3	
CBFDEM010000021.1 	2	702747	702676	Arg	TCG	0	0	76.3	
CBFDEM010000021.1 	3	43539 	43469 	Gly	CCC	0	0	57.0	
CBFDEM010000022.1 	1	105832	105911	Leu	AAG	0	0	67.3	
CBFDEM010000023.1 	1	524001	523929	Arg	CCT	0	0	61.3	
CBFDEM010000023.1 	2	184523	184452	iMet	CAT	0	0	63.5	
CBFDEM010000023.1 	3	184326	184255	iMet	CAT	0	0	64.6	
CBFDEM010000024.1 	1	394910	394829	Ser	GCT	0	0	81.9	
CBFDEM010000024.1 	2	62528 	62456 	Thr	AGT	0	0	76.2	
CBFDEM010000026.1 	1	96910 	96983 	Ile	AAT	0	0	85.4	
CBFDEM010000027.1 	1	117502	117573	Cys	GCA	0	0	64.0	
CBFDEM010000027.1 	2	356505	356576	Arg	ACG	0	0	57.0	
CBFDEM010000027.1 	3	489493	489564	Gln	CTG	0	0	70.6	
CBFDEM010000027.1 	4	232111	232040	iMet	CAT	0	0	64.6	
CBFDEM010000028.1 	1	431854	431782	Asn	GTT	0	0	78.3	
CBFDEM010000029.1 	1	262242	262321	Leu	TAG	0	0	67.3	
CBFDEM010000030.1 	1	344074	344156	Leu	TAA	0	0	69.6	
CBFDEM010000030.1 	2	560098	560027	Arg	ACG	0	0	57.0	
CBFDEM010000030.1 	3	372717	372646	Gln	CTG	0	0	70.6	
CBFDEM010000030.1 	4	34529 	34443 	SeC	TCA	0	0	97.8	
CBFDEM010000032.1 	1	109612	109691	Leu	AAG	0	0	64.8	
CBFDEM010000032.1 	2	409519	409589	Gln	TTG	0	0	75.6	
CBFDEM010000032.1 	3	544856	544784	Thr	TGT	0	0	78.2	
CBFDEM010000032.1 	4	128041	127970	Gly	TCC	0	0	66.6	
CBFDEM010000033.1 	1	141256	141326	His	GTG	0	0	55.1	
CBFDEM010000033.1 	2	266900	266972	Glu	TTC	0	0	64.6	
CBFDEM010000033.1 	3	668565	668636	Ala	TGC	0	0	70.4	
CBFDEM010000033.1 	4	658807	658736	Pro	CGG	0	0	70.9	
CBFDEM010000033.1 	5	56630 	56559 	Phe	AAA	0	0	32.3	
CBFDEM010000034.1 	1	314516	314443	Ile	TAT	0	0	83.5	
CBFDEM010000035.1 	1	258714	258786	Val	AAC	0	0	78.9	
CBFDEM010000035.1 	2	705554	705481	Ile	AAT	0	0	85.4	
CBFDEM010000036.1 	1	219759	219831	Glu	TTC	0	0	64.6	
CBFDEM010000036.1 	2	902414	902342	Met	CAT	0	0	82.7	
CBFDEM010000036.1 	3	296919	296848	Pro	TGG	0	0	74.8	
CBFDEM010000037.1 	1	127654	127725	Undet	NNN	0	0	47.4	
CBFDEM010000037.1 	2	415421	415349	Ala	AGC	0	0	56.4	
CBFDEM010000038.1 	1	225011	225091	Ser	TGA	0	0	81.3	
CBFDEM010000038.1 	2	258955	259025	Gln	TTG	0	0	75.6	
CBFDEM010000038.1 	3	378546	378475	Gly	TCC	0	0	66.6	
CBFDEM010000038.1 	4	104538	104467	Arg	GCG	0	0	41.4	
CBFDEM010000039.1 	1	236168	236240	Ala	AGC	0	0	56.4	
CBFDEM010000040.1 	1	508482	508552	Gln	CTG	0	0	69.5	
CBFDEM010000040.1 	2	554741	554814	Ile	AAT	0	0	85.4	
CBFDEM010000040.1 	3	477758	477686	Met	CAT	0	0	82.7	
CBFDEM010000040.1 	4	33810 	33731 	Leu	TAG	0	0	62.7	
CBFDEM010000041.1 	1	10191 	10273 	Tyr	GTA	10228	10237	72.5	
CBFDEM010000041.1 	2	20978 	20906 	Arg	TCT	0	0	76.6	
CBFDEM010000042.1 	1	33548 	33627 	Leu	CAG	0	0	68.9	
CBFDEM010000042.1 	2	52403 	52475 	Ala	AGC	0	0	49.8	
CBFDEM010000042.1 	3	21795 	21724 	Undet	NNN	0	0	25.2	pseudo
CBFDEM010000042.1 	4	21656 	21582 	Leu	CAG	0	0	56.9	
CBFDEM010000043.1 	1	356125	356206	Ser	GCT	0	0	81.9	
CBFDEM010000043.1 	2	575380	575308	Val	CAC	0	0	77.9	
CBFDEM010000043.1 	3	32164 	32094 	Gly	CCC	0	0	63.7	
CBFDEM010000044.1 	1	182864	182935	Gly	TCC	0	0	66.6	
CBFDEM010000044.1 	2	431348	431420	Thr	TGT	0	0	78.2	
CBFDEM010000044.1 	3	201116	201044	Trp	CCA	0	0	57.7	
CBFDEM010000045.1 	1	558125	558197	Asn	GTT	0	0	74.4	
CBFDEM010000045.1 	2	547774	547701	Ile	AAT	0	0	85.4	
CBFDEM010000046.1 	1	491545	491616	Gly	TCC	0	0	66.6	
CBFDEM010000046.1 	2	498390	498318	Trp	CCA	0	0	57.7	
CBFDEM010000046.1 	3	363472	363400	Asp	GTC	0	0	65.2	
CBFDEM010000046.1 	4	325951	325869	Leu	TAA	0	0	69.6	
CBFDEM010000047.1 	1	599337	599408	Ala	TGC	0	0	70.4	
CBFDEM010000047.1 	2	764334	764407	Ile	AAT	0	0	85.4	
CBFDEM010000047.1 	3	751392	751320	Asn	GTT	0	0	78.3	
CBFDEM010000047.1 	4	750194	750122	Asn	GTT	0	0	78.3	
CBFDEM010000047.1 	5	749993	749921	Asn	GTT	0	0	78.3	
CBFDEM010000047.1 	6	748917	748845	Asn	GTT	0	0	78.3	
CBFDEM010000048.1 	1	408544	408616	Lys	TTT	0	0	86.6	
CBFDEM010000050.1 	1	111916	111988	Glu	TTC	0	0	64.6	
CBFDEM010000050.1 	2	118240	118319	Leu	AAG	0	0	64.8	
CBFDEM010000050.1 	3	260892	260964	Lys	CTT	0	0	86.9	
CBFDEM010000050.1 	4	325425	325497	Thr	CGT	0	0	72.3	
CBFDEM010000050.1 	5	22080 	22009 	Pro	CGG	0	0	71.7	
CBFDEM010000051.1 	1	499095	499166	Pro	AGG	0	0	74.5	
CBFDEM010000051.1 	2	25107 	25035 	Ala	AGC	0	0	56.4	
CBFDEM010000052.1 	1	105857	105785	Val	AAC	0	0	76.1	
CBFDEM010000052.1 	2	74111 	74039 	Val	TAC	0	0	76.8	
CBFDEM010000053.1 	1	171831	171903	Lys	CTT	0	0	86.9	
CBFDEM010000053.1 	2	602544	602614	Gly	GCC	0	0	60.0	
CBFDEM010000053.1 	3	919705	919777	Asp	GTC	0	0	65.2	
CBFDEM010000053.1 	4	1022208	1022280	Asp	GTC	0	0	65.2	
CBFDEM010000053.1 	5	1255475	1255403	Thr	AGT	0	0	75.3	
CBFDEM010000053.1 	6	978166	978095	Pro	AGG	0	0	74.5	
CBFDEM010000053.1 	7	856777	856705	Thr	AGT	0	0	75.3	
CBFDEM010000053.1 	8	341075	341003	Asp	GTC	0	0	65.2	
CBFDEM010000054.1 	1	473916	473845	Ala	CGC	0	0	69.3	
CBFDEM010000054.1 	2	390162	390080	Tyr	GTA	390125	390116	72.5	
CBFDEM010000055.1 	1	61818 	61891 	Phe	GAA	0	0	75.2	
CBFDEM010000055.1 	2	61282 	61210 	Glu	CTC	0	0	72.7	
CBFDEM010000056.1 	1	763666	763738	Lys	TTT	0	0	86.6	
CBFDEM010000056.1 	2	879335	879407	Arg	TCT	0	0	76.6	
CBFDEM010000056.1 	3	953523	953605	Leu	CAA	0	0	63.6	
CBFDEM010000056.1 	4	923235	923165	Gln	TTG	0	0	75.6	
CBFDEM010000056.1 	5	893197	893116	Ser	GCT	0	0	81.9	
CBFDEM010000056.1 	6	875785	875712	Phe	GAA	0	0	75.2	
CBFDEM010000056.1 	7	91119 	91047 	Lys	TTT	0	0	86.6	
CBFDEM010000057.1 	1	368562	368634	Glu	TTC	0	0	64.6	
CBFDEM010000057.1 	2	632573	632646	Phe	GAA	0	0	75.2	
CBFDEM010000057.1 	3	629352	629280	Glu	CTC	0	0	72.7	
CBFDEM010000057.1 	4	469250	469179	Pro	TGG	0	0	74.8	
CBFDEM010000057.1 	5	185461	185389	Met	CAT	0	0	82.7	
CBFDEM010000058.1 	1	115940	116019	Leu	TAG	0	0	67.3	
CBFDEM010000058.1 	2	446998	447069	iMet	CAT	0	0	64.6	
CBFDEM010000060.1 	1	219750	219823	Ile	AAT	0	0	85.4	
CBFDEM010000060.1 	2	94582 	94512 	Gln	TTG	0	0	75.6	
CBFDEM010000062.1 	1	113787	113859	Ala	AGC	0	0	56.4	
CBFDEM010000062.1 	2	128034	128104	His	GTG	0	0	55.1	
CBFDEM010000062.1 	3	543194	543276	Tyr	GTA	543231	543240	72.5	
CBFDEM010000062.1 	4	816016	816086	His	GTG	0	0	54.8	
CBFDEM010000062.1 	5	381182	381102	Ser	AGA	0	0	85.2	
CBFDEM010000062.1 	6	61942 	61870 	Met	CAT	0	0	22.0	pseudo
CBFDEM010000063.1 	1	81194 	81273 	Leu	AAG	0	0	64.8	
CBFDEM010000063.1 	2	160798	160878	Ser	TGA	0	0	81.3	
CBFDEM010000063.1 	3	468513	468433	Ser	CGA	0	0	78.8	
