Sequence          		tRNA	Bounds	tRNA	Anti	Intron Bounds	Inf	      
Name              	tRNA #	Begin	End	Type	Codon	Begin	End	Score	Note
--------          	------	-----	------	----	-----	-----	----	------	------
JAQGFW010000214.1 	1	194	122	Ile	AAT	0	0	86.9	
JAQGFW010000663.1 	1	4342	4269	Arg	ACG	0	0	54.9	
JAQGFW010000715.1 	1	807	951	Glu	TTC	844	918	41.9	
JAQGFW010001090.1 	1	154	82 	Val	TAC	0	0	77.5	
JAQGFW010001984.1 	1	656	727	Gln	CTG	0	0	68.2	
JAQGFW010003371.1 	1	1327	1255	His	GTG	0	0	52.4	
JAQGFW010003745.1 	1	801	715	SeC	TCA	0	0	76.5	
JAQGFW010003835.1 	1	494	566	Asn	GTT	0	0	72.1	
JAQGFW010004359.1 	1	219	148	Val	CAC	0	0	54.6	
JAQGFW010004590.1 	1	2422	2348	Val	GAC	0	0	58.7	
JAQGFW010004633.1 	1	694	775	Lys	CTT	731	740	53.6	
JAQGFW010004782.1 	1	348	276	Asn	GTT	0	0	74.9	
JAQGFW010005898.1 	1	1777	1706	Phe	GAA	0	0	48.3	
JAQGFW010006395.1 	1	942	870	Glu	TTC	0	0	68.9	
JAQGFW010006766.1 	1	341	270	Ala	TGC	0	0	71.3	
JAQGFW010007081.1 	1	1825	1897	Arg	CCG	0	0	59.5	
JAQGFW010007543.1 	1	330	260	Gly	GCC	0	0	55.9	
JAQGFW010007914.1 	1	170	99 	Pro	AGG	0	0	68.4	
JAQGFW010008157.1 	1	435	513	Leu	AAG	0	0	69.2	
JAQGFW010008305.1 	1	1827	1749	Leu	TAG	0	0	72.3	
JAQGFW010008347.1 	1	390	461	Met	CAT	0	0	48.9	
JAQGFW010008613.1 	1	264	336	Met	CAT	0	0	75.8	
JAQGFW010009044.1 	1	12370	12280	Ser	GCT	12332	12315	54.7	
JAQGFW010009860.1 	1	926	855	Gly	CCC	0	0	76.1	
JAQGFW010010223.1 	1	9361	9288	Met	CAT	0	0	69.8	
JAQGFW010010644.1 	1	168	97 	Thr	CGT	0	0	72.4	
JAQGFW010011509.1 	1	149	78 	Pro	CGG	0	0	70.6	
JAQGFW010012344.1 	1	306	377	His	GTG	0	0	39.4	
JAQGFW010012344.1 	2	480	408	Pro	TGG	0	0	30.1	
JAQGFW010012344.1 	3	297	225	Met	CAT	0	0	37.8	
JAQGFW010013837.1 	1	1581	1507	Met	CAT	0	0	53.0	
JAQGFW010014150.1 	1	340	255	Tyr	GTA	303	291	72.5	
JAQGFW010015655.1 	1	262	342	Leu	CAA	0	0	65.5	
JAQGFW010016381.1 	1	434	505	Met	CAT	0	0	66.0	
JAQGFW010017638.1 	1	309	381	Ala	AGC	0	0	55.9	
JAQGFW010018668.1 	1	168	96 	Glu	CTC	0	0	67.6	
JAQGFW010019659.1 	1	447	376	Lys	TTT	0	0	91.0	
JAQGFW010019895.1 	1	170	98 	Val	CAC	0	0	77.5	
JAQGFW010020309.1 	1	1823	1894	Phe	GAA	0	0	35.6	
JAQGFW010020309.1 	2	1956	2038	Leu	TAA	0	0	44.9	
JAQGFW010020309.1 	3	3644	3715	Arg	TCT	0	0	46.3	
JAQGFW010020309.1 	4	3718	3797	Tyr	GTA	0	0	38.9	
JAQGFW010020309.1 	5	4200	4282	Ser	GCT	0	0	41.4	
JAQGFW010020309.1 	6	4382	4448	Ala	TGC	0	0	31.1	
JAQGFW010020309.1 	7	4464	4552	Ser	TGA	0	0	61.0	
JAQGFW010020309.1 	8	4556	4628	Asn	GTT	0	0	68.6	
JAQGFW010021275.1 	1	4312	4239	Met	CAT	0	0	85.6	
JAQGFW010022426.1 	1	462	544	Leu	TAA	0	0	65.9	
JAQGFW010022720.1 	1	523	602	Sup	TTA	560	567	39.4	
JAQGFW010023109.1 	1	468	539	Gln	TTG	0	0	72.1	
JAQGFW010023158.1 	1	9716	9800	Leu	CAA	0	0	58.6	
JAQGFW010023279.1 	1	12038	12109	Arg	CCG	0	0	56.7	
JAQGFW010023596.1 	1	7695	7767	Pro	TGG	0	0	31.5	
JAQGFW010023596.1 	2	7873	7946	Met	CAT	0	0	35.9	
JAQGFW010023596.1 	3	7863	7792	Undet	NNN	0	0	43.0	
JAQGFW010023633.1 	1	335	264	His	GTG	0	0	53.1	
JAQGFW010023903.1 	1	964	1037	His	GTG	0	0	66.6	
JAQGFW010025098.1 	1	537	608	Thr	AGT	0	0	82.5	
JAQGFW010025352.1 	1	2945	2875	Cys	GCA	0	0	38.8	
JAQGFW010026054.1 	1	330	401	Lys	TTT	0	0	91.0	
JAQGFW010026067.1 	1	94 	22 	Arg	CCG	0	0	60.7	
JAQGFW010026621.1 	1	5418	5490	Ala	TGC	0	0	73.3	
JAQGFW010026947.1 	1	2113	2027	Ser	TGA	0	0	60.2	
JAQGFW010027473.1 	1	193	122	Sup	TCA	0	0	66.9	
JAQGFW010027490.1 	1	1815	1884	Met	CAT	0	0	49.8	
JAQGFW010029378.1 	1	521	450	Lys	TTT	0	0	91.0	
JAQGFW010029650.1 	1	2244	2172	Lys	CTT	0	0	89.7	
JAQGFW010029667.1 	1	1553	1631	Asp	GTC	0	0	44.1	
JAQGFW010030310.1 	1	183	111	Arg	CCT	0	0	57.8	
JAQGFW010030575.1 	1	98 	172	Arg	TCT	0	0	73.3	
JAQGFW010030909.1 	1	834	906	Val	AAC	0	0	74.9	
JAQGFW010031466.1 	1	1406	1332	Cys	GCA	0	0	64.5	
JAQGFW010031994.1 	1	537	611	Trp	CCA	0	0	47.9	
JAQGFW010032396.1 	1	687	758	iMet	CAT	0	0	65.1	
JAQGFW010032518.1 	1	1061	990	Asp	GTC	0	0	70.9	
JAQGFW010032518.1 	2	832	761	Asp	GTC	0	0	70.9	
JAQGFW010032857.1 	1	142	70 	Glu	TTC	0	0	68.3	
JAQGFW010034896.1 	1	627	698	Gln	TTG	0	0	72.1	
JAQGFW010034914.1 	1	4758	4828	Cys	GCA	0	0	53.4	
JAQGFW010035310.1 	1	846	917	Gly	TCC	0	0	79.8	
