Sequence          		tRNA 	Bounds	tRNA	Anti	Intron Bounds	Inf	      
Name              	tRNA #	Begin	End  	Type	Codon	Begin	End	Score	Note
--------          	------	-----	------	----	-----	-----	----	------	------
JBLZUQ010000002.1 	1	300  	372  	Phe	GAA	0	0	66.4	
JBLZUQ010000002.1 	2	12150	12222	Gln	TTG	0	0	28.5	pseudo
JBLZUQ010000002.1 	3	12242	12314	Gln	CTG	0	0	35.4	pseudo
JBLZUQ010000002.1 	4	18537	18609	His	GTG	0	0	52.4	
JBLZUQ010000004.1 	1	22885	22801	Tyr	GTA	0	0	61.7	
JBLZUQ010000004.1 	2	20082	20012	Sup	TCA	0	0	54.4	
JBLZUQ010006164.1 	1	150  	81   	Lys	TTT	0	0	32.8	pseudo
JBLZUQ010007862.1 	1	2915 	2986 	Thr	CGT	0	0	72.4	
JBLZUQ010010322.1 	1	2358 	2428 	Gly	TCC	0	0	55.6	
JBLZUQ010012248.1 	1	2288 	2210 	Leu	CAG	0	0	69.5	
JBLZUQ010013802.1 	1	1546 	1474 	Ile	AAT	0	0	40.9	
JBLZUQ010013932.1 	1	1941 	2012 	Gln	CTG	0	0	68.2	
JBLZUQ010022831.1 	1	1012 	1079 	Thr	CGT	0	0	30.0	pseudo
JBLZUQ010023809.1 	1	1208 	1279 	Thr	TGT	0	0	82.5	
JBLZUQ010024228.1 	1	450  	521  	Gly	CCC	0	0	76.1	
JBLZUQ010024228.1 	2	927  	1000 	Lys	TTT	0	0	24.4	
JBLZUQ010025164.1 	1	1064 	1135 	Gln	TTG	0	0	72.1	
JBLZUQ010027775.1 	1	710  	637  	Sup	TTA	0	0	58.4	
JBLZUQ010027924.1 	1	837  	908  	Gly	TCC	0	0	79.8	
JBLZUQ010028544.1 	1	171  	100  	Thr	TGT	0	0	81.5	
JBLZUQ010029333.1 	1	413  	485  	Pro	TGG	0	0	56.2	
JBLZUQ010030122.1 	1	716  	787  	Gln	CTG	0	0	68.2	
JBLZUQ010030135.1 	1	472  	553  	Leu	CAA	0	0	44.7	
JBLZUQ010030470.1 	1	703  	774  	Thr	CGT	0	0	72.4	
JBLZUQ010030546.1 	1	674  	745  	iMet	CAT	0	0	65.1	
JBLZUQ010030590.1 	1	712  	626  	SeC	TCA	0	0	77.7	
JBLZUQ010030799.1 	1	341  	270  	Lys	TTT	0	0	91.0	
JBLZUQ010031150.1 	1	351  	279  	Asn	GTT	0	0	83.3	
JBLZUQ010031560.1 	1	335  	248  	Ser	TGA	0	0	57.7	
JBLZUQ010031857.1 	1	559  	630  	Thr	AGT	0	0	82.5	
JBLZUQ010031858.1 	1	549  	621  	Arg	CCG	0	0	60.7	
JBLZUQ010031907.1 	1	448  	377  	Ala	TGC	0	0	51.0	
JBLZUQ010032010.1 	1	415  	335  	Leu	CAA	0	0	65.5	
JBLZUQ010032233.1 	1	192  	120  	Asn	GTT	0	0	68.7	
JBLZUQ010032276.1 	1	381  	452  	His	GTG	0	0	53.1	
JBLZUQ010032344.1 	1	197  	126  	Asp	GTC	0	0	68.8	
JBLZUQ010032354.1 	1	337  	408  	Ala	TGC	0	0	71.3	
JBLZUQ010032386.1 	1	98   	26   	Cys	GCA	0	0	49.0	
JBLZUQ010032467.1 	1	479  	551  	Lys	CTT	0	0	89.7	
JBLZUQ010032553.1 	1	320  	250  	Gly	GCC	0	0	55.9	
JBLZUQ010032595.1 	1	180  	108  	Glu	CTC	0	0	67.6	
JBLZUQ010032822.1 	1	328  	255  	Asn	GTT	0	0	54.4	
JBLZUQ010032874.1 	1	163  	92   	Pro	AGG	0	0	68.4	
JBLZUQ010033069.1 	1	184  	102  	Leu	TAA	0	0	65.9	
JBLZUQ010033195.1 	1	59   	1    	Phe	GAA	0	0	50.1	
JBLZUQ010033240.1 	1	419  	491  	Val	TAC	0	0	77.5	
JBLZUQ010033272.1 	1	187  	109  	Leu	AAG	0	0	69.2	
JBLZUQ010033404.1 	1	343  	424  	Leu	TAA	380	389	56.3	
JBLZUQ010033460.1 	1	130  	201  	Arg	CCT	0	0	43.2	
JBLZUQ010033460.1 	2	205  	294  	Ser	GCT	0	0	40.7	pseudo
JBLZUQ010033460.1 	3	346  	418  	Gln	TTG	0	0	52.6	
JBLZUQ010033479.1 	1	52   	123  	Ile	TAT	0	0	63.4	
JBLZUQ010033518.1 	1	222  	150  	Ile	TAT	0	0	62.4	
JBLZUQ010033567.1 	1	391  	463  	Arg	CCT	0	0	57.8	
JBLZUQ010033580.1 	1	372  	444  	Trp	CCA	0	0	67.0	
JBLZUQ010033632.1 	1	518  	445  	Asp	GTC	0	0	78.5	
JBLZUQ010033740.1 	1	207  	135  	Glu	TTC	0	0	68.3	
JBLZUQ010033756.1 	1	349  	421  	Ala	AGC	0	0	55.9	
JBLZUQ010034018.1 	1	174  	103  	Ala	CGC	0	0	79.8	
JBLZUQ010034105.1 	1	329  	414  	Tyr	GTA	366	378	72.5	
JBLZUQ010034201.1 	1	324  	406  	Ser	GCT	0	0	75.5	
JBLZUQ010034243.1 	1	333  	405  	Met	CAT	0	0	76.4	
JBLZUQ010034261.1 	1	356  	427  	Pro	CGG	0	0	70.6	
JBLZUQ010034365.1 	1	184  	106  	Leu	TAG	0	0	72.3	
JBLZUQ010034406.1 	1	205  	133  	Phe	GAA	0	0	80.5	
JBLZUQ010034467.1 	1	337  	410  	Arg	TCT	0	0	71.4	
JBLZUQ010034514.1 	1	317  	389  	Arg	TCG	0	0	72.9	
JBLZUQ010034618.1 	1	449  	506  	Ala	AGC	0	0	29.3	pseudo
JBLZUQ010034635.1 	1	63   	1    	Leu	AAG	0	0	21.4	pseudo
JBLZUQ010034807.1 	1	340  	259  	Ser	CGA	0	0	84.4	
JBLZUQ010034823.1 	1	211  	130  	Ser	AGA	0	0	84.8	
JBLZUQ010034838.1 	1	181  	110  	Cys	GCA	0	0	78.8	
JBLZUQ010034899.1 	1	304  	385  	Ser	TGA	0	0	84.8	
JBLZUQ010034917.1 	1	76   	148  	Ile	GAT	0	0	53.6	
JBLZUQ010034917.1 	2	163  	236  	Val	TAC	0	0	59.1	
JBLZUQ010034978.1 	1	319  	391  	Val	AAC	0	0	74.9	
JBLZUQ010035052.1 	1	71   	142  	Glu	TTC	0	0	47.9	
JBLZUQ010035196.1 	1	303  	375  	Ile	AAT	0	0	86.9	
JBLZUQ010035343.1 	1	310  	381  	Pro	TGG	0	0	76.5	
JBLZUQ010036058.1 	1	251  	322  	Sup	TCA	0	0	65.0	
JBLZUQ010036060.1 	1	251  	322  	Sup	TCA	0	0	68.5	
JBLZUQ010036119.1 	1	248  	175  	Asp	GTC	0	0	65.9	
JBLZUQ010036216.1 	1	216  	144  	Lys	TTT	0	0	69.1	
JBLZUQ010036216.1 	2	105  	24   	Leu	TAG	0	0	45.0	
JBLZUQ010036296.1 	1	285  	357  	Arg	ACG	0	0	66.7	
JBLZUQ010036353.1 	1	311  	240  	Cys	GCA	0	0	40.7	
JBLZUQ010036353.1 	2	216  	146  	Met	CAT	0	0	36.3	pseudo
JBLZUQ010036500.1 	1	140  	225  	Undet	NNN	0	0	39.6	
JBLZUQ010036581.1 	1	101  	30   	Thr	AGT	0	0	69.6	
JBLZUQ010036582.1 	1	66   	1    	Lys	TTT	0	0	62.7	
JBLZUQ010038247.1 	1	66   	1    	Lys	TTT	0	0	62.7	
JBLZUQ010039087.1 	1	182  	254  	Gln	TTG	0	0	72.5	
JBLZUQ010039525.1 	1	128  	211  	Leu	CAA	165	176	43.8	
JBLZUQ010039598.1 	1	41   	121  	Ser	AGA	0	0	59.4	
JBLZUQ010039664.1 	1	82   	163  	Tyr	GTA	0	0	62.1	
JBLZUQ010039896.1 	1	192  	119  	Pro	TGG	0	0	65.4	
JBLZUQ010040302.1 	1	319  	249  	Met	CAT	0	0	53.1	
JBLZUQ010040302.1 	2	234  	164  	Sup	TCA	0	0	50.4	
JBLZUQ010040302.1 	3	162  	91   	Phe	GAA	0	0	64.0	
JBLZUQ010040302.1 	4	71   	1    	Ala	TGC	0	0	42.3	
JBLZUQ010040428.1 	1	100  	170  	Cys	GCA	0	0	53.4	
JBLZUQ010040484.1 	1	250  	179  	Glu	CTC	0	0	53.0	
JBLZUQ010040684.1 	1	129  	199  	Gln	TTG	0	0	44.2	
JBLZUQ010040685.1 	1	137  	216  	Lys	TTT	0	0	60.9	
JBLZUQ010043023.1 	1	258  	176  	Tyr	GTA	221	212	65.8	
JBLZUQ010044360.1 	1	47   	107  	Ser	CGA	0	0	24.0	pseudo
JBLZUQ010046143.1 	1	217  	146  	Gln	TTG	0	0	58.6	
JBLZUQ010046459.1 	1	117  	46   	Lys	TTT	0	0	64.8	
JBLZUQ010046671.1 	1	79   	7    	Glu	TTC	0	0	50.0	
JBLZUQ010047697.1 	1	27   	98   	Ile	GAT	0	0	72.5	
JBLZUQ010048074.1 	1	126  	55   	Sup	TTA	0	0	54.1	
JBLZUQ010049968.1 	1	99   	27   	Thr	AGT	0	0	52.1	
JBLZUQ010050003.1 	1	110  	22   	Lys	TTT	0	0	26.9	
JBLZUQ010050164.1 	1	249  	186  	Asn	GTT	0	0	56.0	
JBLZUQ010051086.1 	1	128  	56   	Thr	TGT	0	0	79.2	
JBLZUQ010053247.1 	1	163  	234  	Thr	GGT	0	0	57.9	
JBLZUQ010053398.1 	1	87   	159  	Glu	CTC	0	0	61.5	
JBLZUQ010054890.1 	1	144  	71   	His	GTG	0	0	33.4	
JBLZUQ010055989.1 	1	125  	197  	Glu	CTC	0	0	70.4	
JBLZUQ010059492.1 	1	41   	114  	Ile	AAT	0	0	74.8	
