Sequence       		tRNA	Bounds	tRNA	Anti	Intron Bounds	Inf	      
Name           	tRNA #	Begin	End 	Type	Codon	Begin	End	Score	Note
--------       	------	-----	------	----	-----	-----	----	------	------
MJUV02000512.1 	1	1837	1765	Phe	GAA	0	0	73.7	
MJUV02007239.1 	1	1874	1802	Ile	TAT	0	0	60.1	
MJUV02012734.1 	1	1305	1233	Asn	GTT	0	0	79.7	
MJUV02013640.1 	1	1316	1388	Ala	GGC	0	0	64.1	
MJUV02019166.1 	1	316 	386 	Gly	GCC	0	0	53.7	
MJUV02019166.1 	2	748 	670 	Leu	AAG	0	0	70.3	
MJUV02020291.1 	1	608 	538 	Sup	CTA	0	0	44.8	
MJUV02020291.1 	2	217 	146 	Glu	TTC	0	0	70.9	
MJUV02022421.1 	1	593 	664 	Gly	TCC	0	0	60.6	
MJUV02022605.1 	1	707 	634 	Met	CAT	0	0	64.2	
MJUV02022759.1 	1	378 	450 	Ala	GGC	0	0	65.6	
MJUV02023870.1 	1	189 	260 	His	GTG	0	0	49.5	
MJUV02024070.1 	1	469 	398 	Lys	TTT	0	0	85.6	
MJUV02024162.1 	1	514 	585 	Asp	GTC	0	0	65.2	
MJUV02024398.1 	1	493 	564 	iMet	CAT	0	0	62.2	
MJUV02024672.1 	1	166 	94  	Asn	GTT	0	0	76.4	
MJUV02024700.1 	1	170 	92  	Leu	CAG	0	0	69.5	
MJUV02024878.1 	1	483 	555 	Arg	TCG	0	0	70.6	
MJUV02025113.1 	1	480 	552 	Arg	CCT	0	0	70.5	
MJUV02025721.1 	1	76  	4   	Phe	GAA	0	0	78.1	
MJUV02025788.1 	1	302 	374 	Ile	TAT	0	0	60.1	
MJUV02025863.1 	1	20  	93  	Thr	TGT	0	0	72.3	
MJUV02025893.1 	1	170 	98  	Arg	CCG	0	0	63.2	
MJUV02026137.1 	1	459 	377 	Ser	CGA	0	0	81.3	
MJUV02026517.1 	1	168 	94  	Undet	NNN	0	0	22.5	pseudo
MJUV02027255.1 	1	102 	21  	Leu	TAG	0	0	58.8	
MJUV02027518.1 	1	301 	215 	SeC	TCA	0	0	77.1	
MJUV02028036.1 	1	354 	427 	Lys	CTT	0	0	85.8	
MJUV02028184.1 	1	347 	276 	Ala	TGC	0	0	70.3	
MJUV02028263.1 	1	182 	110 	Ala	AGC	0	0	55.9	
MJUV02028396.1 	1	186 	104 	Ser	GCT	0	0	73.1	
MJUV02028445.1 	1	344 	416 	Glu	TTC	0	0	69.3	
MJUV02028446.1 	1	309 	381 	Met	CAT	0	0	79.0	
MJUV02028611.1 	1	187 	115 	Arg	TCT	0	0	71.4	
MJUV02028612.1 	1	321 	407 	Tyr	GTA	358	371	66.8	
MJUV02028614.1 	1	165 	94  	Gln	TTG	0	0	67.4	
MJUV02028672.1 	1	194 	123 	Sup	TCA	0	0	61.3	
MJUV02028673.1 	1	186 	116 	Gln	CTG	0	0	62.2	
MJUV02028675.1 	1	330 	401 	Sup	TCA	0	0	67.6	
MJUV02028805.1 	1	330 	401 	Thr	AGT	0	0	79.5	
MJUV02028848.1 	1	191 	119 	Val	AAC	0	0	74.7	
MJUV02028900.1 	1	273 	351 	Leu	TAG	0	0	69.3	
MJUV02029034.1 	1	174 	102 	Trp	CCA	0	0	61.9	
MJUV02029071.1 	1	315 	386 	Pro	TGG	0	0	68.2	
MJUV02029235.1 	1	165 	93  	Glu	CTC	0	0	75.6	
MJUV02029286.1 	1	195 	114 	Leu	CAA	0	0	69.6	
MJUV02029308.1 	1	195 	125 	Gly	TCC	0	0	51.8	pseudo
MJUV02029337.1 	1	196 	126 	Gly	CCC	0	0	64.2	
MJUV02029349.1 	1	309 	380 	Cys	GCA	0	0	69.1	
MJUV02029360.1 	1	185 	103 	Leu	TAA	0	0	70.5	
MJUV02029363.1 	1	312 	384 	Val	CAC	0	0	75.0	
MJUV02029366.1 	1	182 	101 	Ser	AGA	0	0	85.7	
MJUV02029435.1 	1	310 	382 	Phe	GAA	0	0	77.7	
MJUV02029445.1 	1	168 	96  	Arg	ACG	0	0	66.7	
MJUV02029447.1 	1	303 	374 	Pro	AGG	0	0	68.1	
MJUV02029456.1 	1	307 	379 	Val	TAC	0	0	74.6	
MJUV02029475.1 	1	293 	365 	Ile	AAT	0	0	82.8	
MJUV02029481.1 	1	167 	86  	Ser	TGA	0	0	83.5	
MJUV02029492.1 	1	166 	94  	Trp	CCA	0	0	49.5	
MJUV02029574.1 	1	302 	373 	Thr	TGT	0	0	78.6	
MJUV02029715.1 	1	273 	343 	Gly	ACC	0	0	50.7	
MJUV02030360.1 	1	172 	101 	Ala	CGC	0	0	71.5	
