Sequence          		tRNA 	Bounds	tRNA	Anti	Intron Bounds	Inf	      
Name              	tRNA #	Begin	End  	Type	Codon	Begin	End	Score	Note
--------          	------	-----	------	----	-----	-----	----	------	------
JAGYYL010000048.1 	1	6573 	6501 	Thr	AGT	0	0	78.4	
JAGYYL010000083.1 	1	8823 	8894 	Arg	ACG	0	0	72.5	
JAGYYL010000484.1 	1	598  	668  	Sup	TCA	0	0	54.8	
JAGYYL010000735.1 	1	2862 	2962 	Ser	TGA	2900	2918	62.4	
JAGYYL010000849.1 	1	2312 	2395 	Sup	TCA	2349	2360	35.5	pseudo
JAGYYL010000883.1 	1	3005 	3077 	Gln	TTG	0	0	38.5	
JAGYYL010002007.1 	1	2914 	2841 	Ile	AAT	0	0	80.0	
JAGYYL010002007.1 	2	1506 	1405 	Val	AAC	1469	1441	56.6	
JAGYYL010002014.1 	1	164  	265  	Val	AAC	201	229	56.6	
JAGYYL010002386.1 	1	1853 	1782 	Lys	TTT	0	0	41.9	
JAGYYL010002963.1 	1	682  	820  	Arg	TCT	720	726	26.2	pseudo
JAGYYL010003124.1 	1	72   	1    	Arg	ACG	0	0	72.5	
JAGYYL010003476.1 	1	21   	106  	Tyr	GTA	0	0	40.7	
JAGYYL010003476.1 	2	2804 	2874 	Sup	TCA	0	0	54.4	
JAGYYL010003613.1 	1	3221 	3150 	Ser	AGA	0	0	46.2	
JAGYYL010004908.1 	1	3    	85   	Arg	CCT	39	49	61.3	
JAGYYL010005610.1 	1	2410 	2482 	Ala	AGC	0	0	55.9	
JAGYYL010005908.1 	1	431  	361  	Arg	CCT	0	0	33.4	pseudo
JAGYYL010005964.1 	1	1991 	1920 	Asp	GTC	0	0	55.3	
JAGYYL010006371.1 	1	1498 	1428 	Met	CAT	0	0	46.2	
JAGYYL010008732.1 	1	72   	150  	Leu	CAG	0	0	69.5	
JAGYYL010009269.1 	1	1379 	1236 	Sup	TTA	1341	1271	43.6	
JAGYYL010010054.1 	1	1482 	1563 	Ala	TGC	1518	1527	52.6	
JAGYYL010011531.1 	1	3    	74   	Thr	AGT	0	0	82.5	
JAGYYL010011734.1 	1	1282 	1355 	Asp	GTC	0	0	81.2	
JAGYYL010011990.1 	1	1718 	1648 	Cys	GCA	0	0	62.5	
JAGYYL010013274.1 	1	115  	44   	Asp	GTC	0	0	68.8	
JAGYYL010013682.1 	1	1658 	1581 	Gly	TCC	1624	1614	29.7	pseudo
JAGYYL010014120.1 	1	350  	258  	Glu	CTC	313	293	59.4	
JAGYYL010014175.1 	1	1181 	1109 	Met	CAT	0	0	48.9	
JAGYYL010014591.1 	1	352  	260  	Glu	CTC	315	295	59.4	
JAGYYL010014664.1 	1	901  	1002 	Ile	TAT	939	966	48.2	
JAGYYL010015599.1 	1	3    	74   	Thr	AGT	0	0	82.5	
JAGYYL010016773.1 	1	1206 	1321 	Leu	CAG	1243	1277	65.0	
JAGYYL010017105.1 	1	484  	609  	Arg	TCG	521	573	29.6	
JAGYYL010017553.1 	1	790  	885  	Ala	AGC	826	849	63.2	
JAGYYL010017688.1 	1	487  	559  	Thr	TGT	0	0	84.1	
JAGYYL010017688.1 	2	606  	688  	Tyr	GTA	0	0	50.5	
JAGYYL010017688.1 	3	703  	775  	Gly	TCC	0	0	76.6	
JAGYYL010017688.1 	4	899  	970  	Thr	GGT	0	0	73.9	
JAGYYL010018775.1 	1	1321 	1245 	Ser	GCT	0	0	58.2	
JAGYYL010019398.1 	1	66   	1    	Ser	AGA	0	0	39.0	pseudo
JAGYYL010019400.1 	1	418  	519  	Phe	GAA	455	483	57.4	
JAGYYL010020184.1 	1	1105 	1032 	Ile	GAT	0	0	75.0	
JAGYYL010020184.1 	2	852  	780  	Ala	TGC	0	0	70.4	
JAGYYL010020192.1 	1	398  	470  	Met	CAT	0	0	74.9	
JAGYYL010020564.1 	1	1106 	1034 	Met	CAT	0	0	38.6	pseudo
JAGYYL010020564.1 	2	789  	718  	Glu	TTC	0	0	51.4	
JAGYYL010020879.1 	1	999  	914  	Tyr	GTA	962	950	68.1	
JAGYYL010022203.1 	1	673  	755  	Leu	CAG	0	0	72.5	
JAGYYL010022203.1 	2	811  	883  	Met	CAT	0	0	78.1	
JAGYYL010022203.1 	3	1117 	1045 	Arg	CCT	0	0	70.0	
JAGYYL010022203.1 	4	989  	918  	Ala	TGC	0	0	72.9	
JAGYYL010022203.1 	5	604  	523  	Leu	AAG	0	0	75.6	
JAGYYL010023307.1 	1	441  	513  	His	GTG	0	0	29.2	
JAGYYL010023307.1 	2	673  	745  	Met	CAT	0	0	33.9	pseudo
JAGYYL010023596.1 	1	954  	1034 	Ser	TGA	0	0	70.1	
JAGYYL010024120.1 	1	836  	961  	Glu	CTC	872	922	34.4	
JAGYYL010024404.1 	1	909  	980  	Gly	TCC	0	0	79.8	
JAGYYL010025090.1 	1	763  	904  	Glu	TTC	800	871	43.1	
JAGYYL010025144.1 	1	746  	824  	Pro	TGG	777	790	39.7	
JAGYYL010025149.1 	1	220  	128  	Glu	CTC	183	163	59.4	
JAGYYL010025236.1 	1	175  	105  	Gly	CCC	0	0	63.4	
JAGYYL010025411.1 	1	828  	900  	Val	TAC	0	0	25.3	pseudo
JAGYYL010025959.1 	1	189  	259  	Cys	GCA	0	0	69.2	
JAGYYL010027265.1 	1	687  	615  	Ala	TGC	0	0	70.3	
JAGYYL010027265.1 	2	558  	485  	Ile	GAT	0	0	82.0	
JAGYYL010027371.1 	1	374  	301  	Arg	TCT	0	0	65.7	
JAGYYL010028724.1 	1	1    	81   	Leu	TAG	0	0	22.3	pseudo
JAGYYL010028724.1 	2	352  	425  	Arg	TCG	0	0	55.4	
JAGYYL010029022.1 	1	216  	289  	Ile	GAT	0	0	76.3	
JAGYYL010029022.1 	2	441  	513  	Ala	TGC	0	0	67.1	
JAGYYL010029369.1 	1	828  	693  	Glu	CTC	737	728	32.7	pseudo
JAGYYL010029655.1 	1	558  	485  	Ile	GAT	0	0	82.0	
JAGYYL010029774.1 	1	31   	104  	Pro	TGG	0	0	55.0	
JAGYYL010029774.1 	2	113  	184  	Asn	GTT	0	0	58.5	
JAGYYL010029774.1 	3	714  	786  	Val	GAC	0	0	56.5	
JAGYYL010030179.1 	1	110  	181  	Cys	GCA	0	0	78.8	
JAGYYL010030224.1 	1	796  	724  	His	GTG	0	0	47.4	
JAGYYL010030297.1 	1	290  	209  	Ser	CGA	0	0	83.9	
JAGYYL010030840.1 	1	258  	186  	Met	CAT	0	0	36.8	pseudo
JAGYYL010031671.1 	1	256  	182  	Pro	GGG	0	0	63.5	
JAGYYL010032148.1 	1	819  	748  	Arg	ACG	0	0	72.5	
JAGYYL010032230.1 	1	604  	675  	Arg	ACG	0	0	69.3	
JAGYYL010032230.1 	2	536  	466  	Gly	GCC	0	0	60.6	
JAGYYL010032230.1 	3	410  	339  	Gln	TTG	0	0	76.0	
JAGYYL010032647.1 	1	640  	734  	Gly	GCC	676	699	57.0	
JAGYYL010033039.1 	1	733  	803  	Gly	TCC	765	775	25.3	pseudo
JAGYYL010033075.1 	1	10   	90   	Ala	TGC	0	0	48.3	
JAGYYL010034369.1 	1	471  	543  	Gly	GCC	0	0	74.7	
JAGYYL010034537.1 	1	572  	645  	Pro	CGG	0	0	70.7	
JAGYYL010034625.1 	1	664  	746  	Leu	TAA	0	0	59.3	
JAGYYL010034844.1 	1	130  	203  	Met	CAT	0	0	71.8	
JAGYYL010035327.1 	1	170  	98   	Asn	GTT	0	0	57.3	
JAGYYL010035949.1 	1	153  	279  	iMet	CAT	0	0	29.9	
JAGYYL010036514.1 	1	468  	539  	Cys	GCA	0	0	55.3	
JAGYYL010036719.1 	1	267  	346  	Leu	TAG	0	0	47.3	
JAGYYL010036948.1 	1	486  	558  	Arg	ACG	0	0	75.9	
JAGYYL010037054.1 	1	84   	155  	Val	CAC	0	0	72.2	
JAGYYL010037746.1 	1	400  	547  	Leu	AAG	437	513	52.0	
JAGYYL010038816.1 	1	350  	421  	Thr	CGT	0	0	75.0	
JAGYYL010040022.1 	1	154  	53   	Met	CAT	117	88	51.6	
JAGYYL010040168.1 	1	558  	487  	Glu	CTC	0	0	58.6	
JAGYYL010040580.1 	1	581  	484  	Asn	GTT	538	520	50.6	
JAGYYL010041272.1 	1	154  	82   	Lys	CTT	0	0	81.2	
JAGYYL010042311.1 	1	317  	236  	Leu	CAG	0	0	53.4	
JAGYYL010042443.1 	1	336  	266  	Gly	GCC	0	0	55.9	
JAGYYL010042515.1 	1	252  	179  	Arg	TCT	0	0	66.4	
JAGYYL010042910.1 	1	145  	217  	Asn	GTT	0	0	79.0	
JAGYYL010043328.1 	1	266  	339  	Met	CAT	0	0	65.7	
JAGYYL010043331.1 	1	272  	199  	Met	CAT	0	0	61.1	
JAGYYL010043331.1 	2	190  	119  	Thr	GGT	0	0	77.6	
JAGYYL010043375.1 	1	500  	608  	Phe	GAA	536	575	27.8	
JAGYYL010043853.1 	1	81   	1    	Ser	GCT	0	0	75.7	
JAGYYL010043884.1 	1	380  	509  	iMet	CAT	0	0	29.2	
JAGYYL010044047.1 	1	306  	235  	Ala	TGC	0	0	71.3	
JAGYYL010044125.1 	1	380  	452  	Glu	CTC	0	0	66.0	
JAGYYL010044410.1 	1	127  	198  	Ala	TGC	0	0	42.3	pseudo
JAGYYL010044410.1 	2	243  	316  	Phe	GAA	0	0	53.4	
JAGYYL010044928.1 	1	296  	368  	Sup	TCA	0	0	30.3	pseudo
JAGYYL010045004.1 	1	567  	497  	Arg	CCT	0	0	43.6	
JAGYYL010045107.1 	1	312  	384  	Asn	GTT	0	0	75.0	
JAGYYL010045703.1 	1	348  	201  	Undet	NNN	0	0	35.2	
JAGYYL010046601.1 	1	136  	254  	Leu	CAG	173	210	64.8	
JAGYYL010046678.1 	1	562  	491  	Thr	AGT	0	0	82.5	
JAGYYL010047334.1 	1	156  	265  	Leu	CAA	193	220	69.3	
JAGYYL010047501.1 	1	220  	362  	Undet	NNN	0	0	33.4	
JAGYYL010048014.1 	1	372  	444  	iMet	CAT	0	0	69.6	
JAGYYL010048014.1 	2	556  	490  	Arg	ACG	0	0	48.4	
JAGYYL010048014.1 	3	304  	233  	Cys	GCA	0	0	76.0	
JAGYYL010048014.1 	4	176  	105  	Pro	TGG	0	0	66.6	
JAGYYL010048189.1 	1	111  	191  	Leu	CAA	0	0	65.5	
JAGYYL010048247.1 	1	357  	284  	Pro	TGG	0	0	57.7	
JAGYYL010048247.1 	2	163  	91   	Pro	TGG	0	0	48.6	
JAGYYL010048772.1 	1	544  	471  	Thr	TGT	0	0	48.3	
JAGYYL010048957.1 	1	482  	411  	Gly	CCC	0	0	76.0	
JAGYYL010049504.1 	1	97   	168  	Glu	CTC	0	0	65.5	
JAGYYL010049520.1 	1	412  	497  	Tyr	GTA	449	461	68.1	
JAGYYL010049860.1 	1	526  	445  	Leu	TAA	0	0	59.3	
JAGYYL010050603.1 	1	269  	386  	Undet	NNN	0	0	36.2	
JAGYYL010050651.1 	1	433  	505  	Pro	AGG	0	0	49.8	pseudo
JAGYYL010051095.1 	1	242  	170  	Phe	GAA	0	0	62.4	
JAGYYL010051565.1 	1	421  	496  	Leu	TAA	0	0	37.0	
JAGYYL010051652.1 	1	223  	145  	Leu	TAG	0	0	72.7	
JAGYYL010052139.1 	1	274  	203  	His	GTG	0	0	41.7	
JAGYYL010052144.1 	1	367  	272  	Glu	TTC	330	307	54.8	
JAGYYL010052710.1 	1	32   	114  	Leu	TAA	0	0	51.8	
JAGYYL010053252.1 	1	244  	348  	Thr	AGT	280	312	69.2	
JAGYYL010053289.1 	1	72   	1    	Thr	AGT	0	0	82.5	
