Sequence          		tRNA  	Bounds	tRNA	Anti	Intron Bounds	Inf	      
Name              	tRNA #	Begin 	End   	Type	Codon	Begin	End	Score	Note
--------          	------	----- 	------	----	-----	-----	----	------	------
JAGYYQ010000001.1 	1	50824 	50897 	Gln	TTG	0	0	38.7	
JAGYYQ010000001.1 	2	50905 	50978 	Glu	TTC	0	0	51.7	
JAGYYQ010000001.1 	3	51096 	51167 	Gln	TTG	0	0	46.4	
JAGYYQ010000001.1 	4	51169 	51233 	Undet	NNN	0	0	39.5	
JAGYYQ010000001.1 	5	82016 	82087 	Cys	GCA	0	0	58.1	
JAGYYQ010000003.1 	1	100253	100326	Arg	TCG	0	0	63.9	
JAGYYQ010000004.1 	1	8190  	8345  	Thr	CGT	8233	8311	25.0	pseudo
JAGYYQ010000004.1 	2	8353  	8467  	Cys	GCA	8393	8434	27.7	pseudo
JAGYYQ010000006.1 	1	13552 	13622 	Gln	TTG	0	0	48.1	pseudo
JAGYYQ010000048.1 	1	15097 	15169 	Phe	GAA	0	0	64.7	
JAGYYQ010000048.1 	2	15754 	15825 	Glu	TTC	0	0	48.3	pseudo
JAGYYQ010000048.1 	3	16270 	16350 	Leu	TAA	0	0	45.4	pseudo
JAGYYQ010000048.1 	4	25953 	26025 	Gln	TTG	0	0	39.7	pseudo
JAGYYQ010000048.1 	5	14818 	14732 	Tyr	GTA	0	0	67.2	
JAGYYQ010000048.1 	6	1653  	1582  	Met	CAT	0	0	44.3	pseudo
JAGYYQ010000065.1 	1	6055  	5983  	Asn	GTT	0	0	74.3	
JAGYYQ010000091.1 	1	6596  	6524  	Cys	GCA	0	0	53.1	
JAGYYQ010000242.1 	1	462   	533   	Ala	TGC	0	0	78.8	
JAGYYQ010000285.1 	1	5357  	5286  	Trp	CCA	0	0	68.6	
JAGYYQ010000444.1 	1	3933  	4005  	Arg	TCT	0	0	75.4	
JAGYYQ010000444.1 	2	4564  	4640  	Ile	TAT	0	0	49.9	
JAGYYQ010000737.1 	1	1804  	1733  	Asn	GTT	0	0	86.0	
JAGYYQ010000737.1 	2	1726  	1654  	Ile	TAT	0	0	81.7	
JAGYYQ010000746.1 	1	2639  	2696  	Met	CAT	0	0	26.7	
JAGYYQ010001137.1 	1	1020  	1099  	Leu	TAA	0	0	61.9	
JAGYYQ010001491.1 	1	1944  	1872  	Arg	CCG	0	0	66.3	
JAGYYQ010001491.1 	2	1333  	1262  	Thr	GGT	0	0	44.1	
JAGYYQ010001491.1 	3	1244  	1159  	Undet	NNN	0	0	29.1	
JAGYYQ010001580.1 	1	4     	74    	Gly	GCC	0	0	65.3	
JAGYYQ010001893.1 	1	738   	831   	Ser	TGA	0	0	52.2	
JAGYYQ010001893.1 	2	839   	927   	Ser	GCT	0	0	51.1	
JAGYYQ010001939.1 	1	2484  	2414  	His	GTG	0	0	33.8	pseudo
JAGYYQ010001939.1 	2	2345  	2271  	Leu	TAA	0	0	37.6	
JAGYYQ010001939.1 	3	2180  	2109  	Phe	GAA	0	0	54.5	
JAGYYQ010001939.1 	4	1951  	1866  	Pro	TGG	0	0	32.4	pseudo
JAGYYQ010001939.1 	5	1805  	1734  	Gly	TCC	0	0	46.8	
JAGYYQ010002008.1 	1	2366  	2293  	Arg	TCT	0	0	60.4	
JAGYYQ010002152.1 	1	2190  	2263  	His	ATG	2227	2229	21.9	
JAGYYQ010002277.1 	1	407   	336   	Trp	CCA	0	0	68.5	
JAGYYQ010002289.1 	1	395   	534   	Undet	NNN	0	0	32.2	
JAGYYQ010002554.1 	1	1946  	2017  	Sup	CTA	0	0	48.9	
JAGYYQ010002806.1 	1	2417  	2344  	Glu	CTC	0	0	53.9	
JAGYYQ010003226.1 	1	1735  	1808  	Tyr	GTA	0	0	63.8	
JAGYYQ010003226.1 	2	1821  	1893  	Undet	NNN	0	0	20.8	
JAGYYQ010003226.1 	3	2067  	2138  	Cys	GCA	0	0	37.1	
JAGYYQ010003368.1 	1	207   	280   	Gln	CTG	0	0	63.0	
JAGYYQ010003368.1 	2	575   	662   	Ser	GGA	0	0	45.7	
JAGYYQ010003554.1 	1	963   	1047  	Cys	GCA	0	0	58.0	
JAGYYQ010003554.1 	2	1082  	1166  	Met	CAT	0	0	50.1	
JAGYYQ010003554.1 	3	1168  	1241  	Ile	TAT	0	0	74.8	
JAGYYQ010003554.1 	4	1973  	2055  	Tyr	GTA	0	0	30.4	pseudo
JAGYYQ010003604.1 	1	1276  	1348  	Asn	GTT	0	0	79.4	
JAGYYQ010003648.1 	1	1372  	1444  	Thr	TGT	0	0	50.0	
JAGYYQ010003697.1 	1	1382  	1455  	Asp	GTC	0	0	55.0	
JAGYYQ010003697.1 	2	1541  	1613  	Pro	TGG	0	0	51.0	
JAGYYQ010003770.1 	1	2134  	2080  	Trp	CCA	0	0	33.7	pseudo
JAGYYQ010003858.1 	1	2019  	1946  	Met	CAT	0	0	61.8	
JAGYYQ010003893.1 	1	124   	206   	Ser	GCT	0	0	50.5	
JAGYYQ010003893.1 	2	209   	291   	Ser	TGA	0	0	60.8	
JAGYYQ010003893.1 	3	367   	440   	Cys	GCA	0	0	58.9	
JAGYYQ010003893.1 	4	517   	587   	Gly	TCC	0	0	66.5	
JAGYYQ010003893.1 	5	591   	673   	Tyr	GTA	0	0	46.9	
JAGYYQ010003893.1 	6	676   	747   	Ile	GAT	0	0	62.9	
JAGYYQ010003893.1 	7	822   	894   	Ala	TGC	0	0	61.9	
JAGYYQ010003893.1 	8	963   	1035  	Asn	GTT	0	0	78.5	
JAGYYQ010003893.1 	9	1039  	1112  	Asp	GTC	0	0	72.9	
JAGYYQ010003893.1 	10	1113  	1185  	Gln	TTG	0	0	65.1	
JAGYYQ010004059.1 	1	1677  	1606  	Glu	TTC	0	0	49.2	
JAGYYQ010004073.1 	1	1779  	1708  	His	GTG	0	0	42.2	
JAGYYQ010004073.1 	2	1365  	1293  	Thr	TGT	0	0	61.3	
JAGYYQ010004073.1 	3	188   	118   	Asn	GTT	0	0	59.9	
JAGYYQ010004145.1 	1	756   	827   	Gly	TCC	0	0	40.7	
JAGYYQ010004233.1 	1	993   	1064  	Asp	GTC	0	0	78.4	
JAGYYQ010004291.1 	1	303   	373   	Thr	TGT	0	0	55.3	
JAGYYQ010004291.1 	2	1560  	1630  	Thr	GGT	0	0	50.4	
JAGYYQ010004291.1 	3	1916  	1990  	Pro	TGG	0	0	54.2	
JAGYYQ010004582.1 	1	1555  	1472  	Leu	CAA	0	0	28.2	pseudo
JAGYYQ010004601.1 	1	1179  	1300  	Undet	NNN	0	0	26.0	pseudo
JAGYYQ010004697.1 	1	1861  	1790  	Ile	TAT	0	0	66.2	
JAGYYQ010004699.1 	1	892   	821   	Thr	GGT	0	0	36.3	pseudo
JAGYYQ010004699.1 	2	493   	345   	Undet	NNN	0	0	22.3	pseudo
JAGYYQ010004845.1 	1	1278  	1154  	Undet	NNN	0	0	30.7	
JAGYYQ010005330.1 	1	1545  	1473  	Arg	ACG	0	0	66.7	
JAGYYQ010005590.1 	1	67    	140   	His	GTG	0	0	27.7	
JAGYYQ010005830.1 	1	2     	111   	Pro	GGG	45	71	22.4	pseudo
JAGYYQ010005957.1 	1	318   	245   	Met	CAT	0	0	65.3	
JAGYYQ010006355.1 	1	1611  	1527  	Undet	NNN	0	0	30.6	
JAGYYQ010006523.1 	1	785   	714   	Cys	GCA	0	0	24.0	pseudo
JAGYYQ010006526.1 	1	946   	1019  	Arg	TCT	0	0	45.2	
JAGYYQ010006526.1 	2	1097  	1168  	Arg	ACG	0	0	56.7	
JAGYYQ010007659.1 	1	1542  	1469  	Pro	GGG	0	0	59.5	
JAGYYQ010007874.1 	1	1070  	997   	His	GTG	0	0	76.4	
JAGYYQ010007937.1 	1	333   	262   	Met	CAT	0	0	72.2	
JAGYYQ010007992.1 	1	571   	642   	Arg	TCT	0	0	68.3	
JAGYYQ010008374.1 	1	919   	835   	His	GTG	0	0	46.5	
JAGYYQ010008374.1 	2	675   	520   	Undet	NNN	0	0	30.0	
JAGYYQ010008396.1 	1	183   	110   	Asp	GTC	0	0	50.6	
JAGYYQ010008418.1 	1	198   	270   	Arg	CCG	0	0	54.8	
JAGYYQ010008535.1 	1	7     	199   	Undet	NNN	0	0	27.2	pseudo
JAGYYQ010008962.1 	1	720   	791   	Glu	CTC	0	0	56.5	
JAGYYQ010009010.1 	1	1214  	1139  	Cys	GCA	0	0	47.0	
JAGYYQ010009010.1 	2	1129  	1050  	Leu	TAA	0	0	43.9	
JAGYYQ010009010.1 	3	929   	851   	Leu	TAG	0	0	44.8	
JAGYYQ010009010.1 	4	766   	694   	Thr	TGT	0	0	64.0	
JAGYYQ010009010.1 	5	647   	573   	Gly	TCC	0	0	72.6	
JAGYYQ010009010.1 	6	562   	488   	Glu	TTC	0	0	56.6	
JAGYYQ010009010.1 	7	339   	262   	Ala	TGC	0	0	49.4	
JAGYYQ010009280.1 	1	894   	824   	His	GTG	0	0	61.8	
JAGYYQ010009280.1 	2	819   	748   	Gln	TTG	0	0	50.5	
JAGYYQ010009435.1 	1	574   	499   	Pro	TGG	0	0	51.6	
JAGYYQ010009435.1 	2	490   	416   	Glu	TTC	0	0	55.1	
JAGYYQ010009435.1 	3	410   	338   	Met	CAT	0	0	52.8	
JAGYYQ010009435.1 	4	334   	263   	Arg	TCT	0	0	54.7	
JAGYYQ010009435.1 	5	250   	179   	Lys	TTT	0	0	53.1	
JAGYYQ010009435.1 	6	166   	81    	Val	TAC	0	0	57.4	
JAGYYQ010009435.1 	7	75    	2     	Ile	GAT	0	0	56.7	
JAGYYQ010009446.1 	1	368   	439   	Trp	CCA	0	0	44.4	
JAGYYQ010009446.1 	2	443   	514   	Ile	GAT	0	0	63.9	
JAGYYQ010009446.1 	3	515   	586   	Val	TAC	0	0	51.4	
JAGYYQ010009446.1 	4	587   	660   	Leu	TAG	0	0	54.7	
JAGYYQ010009446.1 	5	665   	736   	Pro	TGG	0	0	54.9	
JAGYYQ010009446.1 	6	740   	822   	Ser	GCT	0	0	27.7	pseudo
JAGYYQ010009446.1 	7	918   	988   	Asp	GTC	0	0	38.2	
JAGYYQ010009446.1 	8	989   	1059  	Gln	TTG	0	0	32.7	
JAGYYQ010009446.1 	9	1060  	1130  	Gln	CTG	0	0	30.4	pseudo
JAGYYQ010009446.1 	10	1131  	1203  	Glu	TTC	0	0	32.8	
JAGYYQ010009446.1 	11	1208  	1280  	Ala	TGC	0	0	37.9	
JAGYYQ010009590.1 	1	288   	363   	Lys	CTT	0	0	35.6	
JAGYYQ010009590.1 	2	1331  	1403  	Phe	GAA	0	0	53.4	
JAGYYQ010010299.1 	1	468   	551   	Leu	GAG	0	0	54.2	
JAGYYQ010010612.1 	1	110   	279   	Undet	NNN	0	0	26.4	
JAGYYQ010010664.1 	1	1146  	1040  	Arg	ACG	0	0	20.8	pseudo
JAGYYQ010010666.1 	1	600   	672   	Lys	CTT	0	0	46.3	
JAGYYQ010010666.1 	2	673   	747   	Gln	CTG	0	0	43.8	
JAGYYQ010010961.1 	1	218   	298   	Leu	TAA	0	0	50.1	
JAGYYQ010010961.1 	2	541   	612   	Met	CAT	0	0	70.2	
JAGYYQ010011150.1 	1	685   	757   	Lys	TTT	0	0	63.1	
JAGYYQ010011305.1 	1	657   	732   	Asn	ATT	0	0	26.8	
JAGYYQ010011802.1 	1	434   	505   	Thr	TGT	0	0	33.2	pseudo
JAGYYQ010011830.1 	1	784   	884   	Ile	TAT	0	0	58.2	
JAGYYQ010011856.1 	1	699   	627   	His	GTG	0	0	48.7	
JAGYYQ010011856.1 	2	422   	343   	Leu	CAG	0	0	50.3	
JAGYYQ010011856.1 	3	336   	266   	Trp	CCA	0	0	35.8	
JAGYYQ010011923.1 	1	1099  	1026  	Lys	TTT	0	0	78.8	
JAGYYQ010011923.1 	2	880   	810   	Gln	CTG	0	0	55.8	
JAGYYQ010011923.1 	3	805   	734   	Gly	GCC	0	0	70.1	
JAGYYQ010011923.1 	4	204   	132   	Glu	TTC	0	0	40.2	
JAGYYQ010012441.1 	1	585   	655   	Gly	GCC	0	0	53.7	
JAGYYQ010013010.1 	1	659   	589   	Asp	GTC	0	0	47.8	
JAGYYQ010013034.1 	1	1240  	1167  	Leu	TAA	0	0	38.0	
JAGYYQ010013034.1 	2	1070  	998   	Lys	CTT	0	0	58.5	
JAGYYQ010013034.1 	3	95    	23    	Phe	GAA	0	0	53.4	
JAGYYQ010013097.1 	1	78    	216   	Leu	CAA	116	173	29.0	pseudo
JAGYYQ010013662.1 	1	819   	742   	Phe	GAA	0	0	41.7	pseudo
JAGYYQ010013662.1 	2	737   	650   	Trp	CCA	0	0	30.9	
JAGYYQ010013767.1 	1	767   	692   	Ser	GCT	0	0	53.6	
JAGYYQ010013837.1 	1	138   	58    	Glu	TTC	0	0	35.4	pseudo
JAGYYQ010013837.1 	2	58    	1     	Thr	TGT	0	0	33.1	pseudo
JAGYYQ010013848.1 	1	1101  	1031  	Gln	TTG	0	0	49.0	
JAGYYQ010013848.1 	2	1004  	923   	Arg	TCT	0	0	36.7	
JAGYYQ010014279.1 	1	404   	331   	Leu	TAA	0	0	37.4	
JAGYYQ010014405.1 	1	579   	651   	Phe	GAA	0	0	64.9	
JAGYYQ010014405.1 	2	666   	737   	Asn	GTT	0	0	32.6	pseudo
JAGYYQ010014405.1 	3	748   	821   	Ile	GAT	0	0	73.8	
JAGYYQ010014405.1 	4	829   	915   	Ser	GCT	867	881	30.3	pseudo
JAGYYQ010014405.1 	5	1000  	1073  	Met	CAT	0	0	68.1	
JAGYYQ010014405.1 	6	1095  	1167  	His	GTG	0	0	62.6	
JAGYYQ010014961.1 	1	699   	587   	Ser	GCT	662	631	66.0	
JAGYYQ010015283.1 	1	832   	758   	Ile	GAT	0	0	70.8	
JAGYYQ010015283.1 	2	744   	672   	Ala	TGC	0	0	74.4	
JAGYYQ010015578.1 	1	140   	213   	Met	CAT	0	0	69.2	
JAGYYQ010016009.1 	1	1024  	1108  	Undet	NNN	0	0	34.2	pseudo
JAGYYQ010016461.1 	1	770   	840   	Sup	TTA	0	0	46.4	
JAGYYQ010017117.1 	1	593   	667   	Arg	TCG	0	0	41.7	
JAGYYQ010017362.1 	1	824   	736   	Ala	AGC	788	772	61.6	
JAGYYQ010017499.1 	1	246   	319   	Val	AAC	0	0	74.1	
JAGYYQ010017559.1 	1	347   	419   	Leu	TAG	0	0	48.4	
JAGYYQ010017559.1 	2	533   	605   	Ile	GAT	0	0	67.0	
JAGYYQ010017655.1 	1	1024  	944   	Leu	TAA	0	0	75.1	
JAGYYQ010017720.1 	1	540   	468   	Thr	TGT	0	0	38.8	
JAGYYQ010017725.1 	1	522   	446   	Ile	TAT	0	0	55.0	
JAGYYQ010017725.1 	2	65    	1     	Leu	TAA	0	0	31.0	pseudo
JAGYYQ010017880.1 	1	37    	119   	Leu	GAG	0	0	52.8	
JAGYYQ010018003.1 	1	111   	262   	Cys	GCA	150	231	21.7	
JAGYYQ010018019.1 	1	338   	409   	Gly	CCC	0	0	76.4	
JAGYYQ010018162.1 	1	346   	438   	Pro	GGG	382	400	27.3	pseudo
JAGYYQ010018283.1 	1	919   	1003  	Ser	GCT	0	0	61.3	
JAGYYQ010018489.1 	1	809   	891   	Thr	CGT	0	0	27.9	
JAGYYQ010018834.1 	1	1017  	942   	Sup	CTA	0	0	64.8	
JAGYYQ010018865.1 	1	157   	229   	Gln	TTG	0	0	66.0	
JAGYYQ010018865.1 	2	295   	370   	Pro	TGG	0	0	49.7	
JAGYYQ010018865.1 	3	377   	449   	Lys	TTT	0	0	34.0	
JAGYYQ010018865.1 	4	457   	530   	Val	TAC	0	0	44.9	
JAGYYQ010019022.1 	1	157   	75    	Thr	CGT	121	111	66.1	
JAGYYQ010019077.1 	1	117   	191   	His	GTG	0	0	32.8	pseudo
JAGYYQ010019077.1 	2	394   	466   	Gly	TCC	0	0	30.2	pseudo
JAGYYQ010019386.1 	1	658   	576   	Gly	ACC	0	0	65.1	
JAGYYQ010019660.1 	1	649   	578   	Arg	TCT	0	0	30.3	
JAGYYQ010019798.1 	1	372   	302   	Thr	CGT	0	0	63.2	
JAGYYQ010019798.1 	2	294   	223   	Thr	TGT	0	0	32.3	
JAGYYQ010019798.1 	3	90    	19    	Pro	GGG	0	0	67.9	
JAGYYQ010019917.1 	1	127   	199   	Arg	TCT	0	0	46.8	
JAGYYQ010019917.1 	2	422   	526   	Ala	GGC	464	484	22.3	
JAGYYQ010020229.1 	1	357   	285   	Thr	TGT	0	0	45.7	
JAGYYQ010020247.1 	1	794   	721   	Lys	TTT	0	0	63.7	
JAGYYQ010020958.1 	1	948   	878   	Lys	CTT	0	0	51.5	
JAGYYQ010020958.1 	2	875   	804   	Asn	GTT	0	0	67.6	
JAGYYQ010020958.1 	3	800   	726   	Glu	TTC	0	0	43.3	
JAGYYQ010021288.1 	1	995   	923   	Phe	GAA	0	0	60.7	
JAGYYQ010021288.1 	2	920   	848   	His	GTG	0	0	28.3	pseudo
JAGYYQ010021288.1 	3	643   	570   	Ile	GAT	0	0	69.1	
JAGYYQ010021288.1 	4	565   	492   	Asn	GTT	0	0	64.0	
JAGYYQ010021720.1 	1	585   	691   	Met	CAT	623	655	70.0	
JAGYYQ010021781.1 	1	248   	319   	Asn	GTT	0	0	39.5	
JAGYYQ010021847.1 	1	48    	121   	Leu	CAA	0	0	43.1	
JAGYYQ010021847.1 	2	624   	697   	Leu	TAG	0	0	37.0	pseudo
JAGYYQ010021987.1 	1	94    	166   	Phe	GAA	0	0	72.1	
JAGYYQ010021987.1 	2	176   	249   	Lys	CTT	0	0	49.5	
JAGYYQ010021987.1 	3	254   	326   	Asn	GTT	0	0	25.0	pseudo
JAGYYQ010022216.1 	1	30    	100   	Cys	GCA	0	0	58.6	
JAGYYQ010022300.1 	1	177   	276   	Asp	GTC	213	233	21.7	pseudo
JAGYYQ010022391.1 	1	756   	683   	Val	CAC	0	0	74.2	
JAGYYQ010022957.1 	1	311   	393   	Gly	TCC	0	0	64.3	
JAGYYQ010022957.1 	2	590   	662   	Lys	TTT	0	0	60.1	
JAGYYQ010022957.1 	3	867   	939   	Cys	GCA	0	0	45.7	
JAGYYQ010023294.1 	1	690   	620   	Val	TAC	0	0	48.5	
JAGYYQ010023395.1 	1	433   	505   	Leu	TAG	0	0	55.1	
JAGYYQ010023402.1 	1	371   	252   	Undet	NNN	0	0	44.7	
JAGYYQ010024284.1 	1	70    	140   	Asp	GTC	0	0	45.8	
JAGYYQ010024284.1 	2	591   	664   	Arg	ACG	0	0	77.8	
JAGYYQ010024284.1 	3	803   	874   	Sup	CTA	0	0	37.7	
JAGYYQ010024363.1 	1	254   	372   	Ser	GCT	0	0	29.8	
JAGYYQ010024637.1 	1	59    	131   	Gly	GCC	0	0	71.8	
JAGYYQ010024637.1 	2	142   	214   	Thr	CGT	0	0	31.0	pseudo
JAGYYQ010024637.1 	3	224   	296   	Thr	GGT	0	0	36.0	
JAGYYQ010024637.1 	4	372   	444   	Gly	TCC	0	0	74.8	
JAGYYQ010024637.1 	5	454   	526   	Val	GAC	0	0	48.3	
JAGYYQ010024637.1 	6	692   	763   	Val	CAC	0	0	51.1	
JAGYYQ010024637.1 	7	772   	843   	Glu	TTC	0	0	58.9	
JAGYYQ010024637.1 	8	851   	924   	Arg	CCT	0	0	32.4	
JAGYYQ010024686.1 	1	497   	578   	Arg	ACG	0	0	31.5	pseudo
JAGYYQ010024720.1 	1	81    	10    	Trp	CCA	0	0	68.6	
JAGYYQ010024821.1 	1	97    	193   	Arg	GCG	138	156	23.0	pseudo
JAGYYQ010024828.1 	1	503   	573   	Gly	GCC	0	0	43.0	
JAGYYQ010024864.1 	1	547   	469   	Leu	AAG	0	0	69.2	
JAGYYQ010024925.1 	1	473   	552   	Tyr	GTA	0	0	44.7	
JAGYYQ010025006.1 	1	368   	296   	His	GTG	0	0	45.4	
JAGYYQ010025416.1 	1	435   	362   	Ile	TAT	0	0	62.7	
JAGYYQ010026260.1 	1	150   	80    	Gly	TCC	0	0	39.5	
JAGYYQ010026429.1 	1	428   	503   	Met	CAT	0	0	56.3	
JAGYYQ010026941.1 	1	633   	557   	His	GTG	0	0	22.4	pseudo
JAGYYQ010027397.1 	1	78    	5     	Arg	TCT	0	0	64.4	
JAGYYQ010027860.1 	1	427   	345   	Leu	TAA	0	0	56.5	
JAGYYQ010028221.1 	1	618   	690   	Asn	GTT	0	0	55.0	
JAGYYQ010028329.1 	1	561   	489   	Gly	GCC	0	0	44.6	pseudo
JAGYYQ010028707.1 	1	142   	70    	Met	CAT	0	0	50.2	
JAGYYQ010029047.1 	1	307   	236   	Met	CAT	0	0	54.8	
JAGYYQ010029400.1 	1	664   	734   	Sup	TCA	0	0	42.2	
JAGYYQ010029424.1 	1	7     	77    	Glu	TTC	0	0	57.6	
JAGYYQ010029424.1 	2	367   	437   	Asp	GTC	0	0	29.4	pseudo
JAGYYQ010029424.1 	3	654   	724   	Gln	TTG	0	0	48.8	
JAGYYQ010029424.1 	4	733   	803   	Val	TAC	0	0	59.7	
JAGYYQ010029565.1 	1	609   	521   	Ile	TAT	0	0	58.0	
JAGYYQ010029620.1 	1	689   	773   	Leu	TAA	0	0	62.5	
JAGYYQ010030242.1 	1	590   	518   	Met	CAT	0	0	50.0	
JAGYYQ010030242.1 	2	512   	429   	Arg	TCT	0	0	38.9	
JAGYYQ010030546.1 	1	504   	578   	Sup	TTA	0	0	40.2	
JAGYYQ010030558.1 	1	172   	244   	Arg	TCT	0	0	52.8	
JAGYYQ010030640.1 	1	52    	123   	Glu	TTC	0	0	67.0	
JAGYYQ010030640.1 	2	129   	203   	His	GTG	0	0	35.6	pseudo
JAGYYQ010030640.1 	3	211   	284   	Pro	TGG	0	0	56.5	
JAGYYQ010030640.1 	4	298   	369   	Met	CAT	0	0	51.3	
JAGYYQ010030690.1 	1	363   	282   	Arg	ACG	0	0	24.2	pseudo
JAGYYQ010030698.1 	1	241   	328   	Met	CAT	0	0	21.4	pseudo
JAGYYQ010030704.1 	1	281   	351   	Sup	TCA	0	0	38.8	
JAGYYQ010030728.1 	1	167   	94    	Met	CAT	0	0	65.9	
JAGYYQ010030838.1 	1	213   	390   	Sup	TTA	255	346	36.6	
JAGYYQ010031017.1 	1	140   	214   	Pro	TGG	0	0	72.7	
JAGYYQ010031268.1 	1	276   	348   	Thr	TGT	0	0	64.1	
JAGYYQ010031508.1 	1	70    	143   	Cys	GCA	0	0	61.5	
JAGYYQ010031845.1 	1	433   	503   	Cys	GCA	0	0	41.8	
JAGYYQ010032271.1 	1	316   	244   	Thr	GGT	0	0	42.3	
JAGYYQ010033833.1 	1	478   	395   	Ser	GCT	0	0	23.6	pseudo
JAGYYQ010034100.1 	1	447   	519   	Val	TAC	0	0	68.9	
JAGYYQ010034615.1 	1	72    	1     	Trp	CCA	0	0	68.6	
JAGYYQ010034624.1 	1	68    	143   	Pro	TGG	0	0	54.1	
JAGYYQ010035151.1 	1	516   	444   	Phe	GAA	0	0	78.8	
JAGYYQ010035243.1 	1	525   	598   	Met	CAT	0	0	72.7	
JAGYYQ010035243.1 	2	607   	679   	Gln	TTG	0	0	61.1	
JAGYYQ010035690.1 	1	29    	101   	Asp	ATC	0	0	50.6	
JAGYYQ010036039.1 	1	612   	540   	Val	CAC	0	0	35.1	
JAGYYQ010036039.1 	2	141   	70    	Gly	TCC	0	0	41.4	
JAGYYQ010036063.1 	1	775   	692   	Tyr	GTA	0	0	34.7	
JAGYYQ010036192.1 	1	494   	568   	Val	TAC	0	0	75.6	
JAGYYQ010036485.1 	1	77    	149   	Asn	ATT	0	0	26.9	pseudo
JAGYYQ010036485.1 	2	213   	285   	Val	AAC	0	0	48.3	
JAGYYQ010036485.1 	3	291   	365   	Undet	NNN	0	0	50.4	
JAGYYQ010036485.1 	4	380   	452   	Lys	TTT	0	0	69.9	
JAGYYQ010036485.1 	5	459   	530   	Undet	NNN	0	0	35.2	
JAGYYQ010037141.1 	1	39    	110   	Thr	TGT	0	0	28.4	
JAGYYQ010037141.1 	2	115   	185   	Ile	GAT	0	0	50.2	
JAGYYQ010037141.1 	3	196   	266   	Cys	GCA	0	0	40.9	
JAGYYQ010037141.1 	4	433   	512   	Leu	TAG	0	0	56.4	
JAGYYQ010037244.1 	1	268   	41    	Undet	NNN	0	0	25.3	
JAGYYQ010037851.1 	1	529   	650   	Ser	AGA	566	615	20.8	pseudo
JAGYYQ010038023.1 	1	128   	238   	Thr	AGT	166	205	22.5	pseudo
JAGYYQ010038071.1 	1	460   	532   	Ile	TAT	0	0	63.4	
JAGYYQ010038251.1 	1	752   	681   	Arg	TCT	0	0	55.2	
JAGYYQ010038251.1 	2	677   	603   	Thr	TGT	0	0	61.1	
JAGYYQ010038251.1 	3	598   	514   	Leu	TAG	0	0	40.3	
JAGYYQ010038251.1 	4	508   	437   	Ile	GAT	0	0	70.8	
JAGYYQ010038251.1 	5	433   	361   	Met	CAT	0	0	71.9	
JAGYYQ010038251.1 	6	299   	229   	His	GTG	0	0	46.3	
JAGYYQ010038260.1 	1	201   	130   	Met	CAT	0	0	29.6	pseudo
JAGYYQ010039093.1 	1	737   	666   	His	GTG	0	0	23.7	
JAGYYQ010039093.1 	2	190   	118   	Arg	ACG	0	0	44.7	
JAGYYQ010039398.1 	1	296   	223   	Lys	TTT	0	0	84.1	
JAGYYQ010039760.1 	1	612   	503   	Thr	AGT	574	539	24.3	
JAGYYQ010039816.1 	1	402   	476   	Met	CAT	0	0	42.8	
JAGYYQ010039816.1 	2	479   	554   	Pro	TGG	0	0	66.0	
JAGYYQ010040389.1 	1	732   	662   	Trp	CCA	0	0	56.1	
JAGYYQ010040389.1 	2	650   	576   	Pro	TGG	0	0	56.5	
JAGYYQ010040389.1 	3	566   	486   	Leu	CAA	0	0	29.2	
JAGYYQ010040389.1 	4	482   	397   	Ser	GCT	0	0	52.9	
JAGYYQ010040389.1 	5	391   	320   	Glu	TTC	0	0	63.5	
JAGYYQ010040389.1 	6	315   	244   	Asn	GTT	0	0	68.2	
JAGYYQ010040389.1 	7	239   	153   	Ser	TGA	0	0	50.5	
JAGYYQ010040784.1 	1	464   	391   	Phe	GAA	0	0	62.6	
JAGYYQ010040784.1 	2	386   	312   	Cys	GCA	0	0	33.8	
JAGYYQ010040784.1 	3	296   	224   	Gly	TCC	0	0	33.4	pseudo
JAGYYQ010040942.1 	1	724   	653   	Met	CAT	0	0	59.9	
JAGYYQ010041482.1 	1	374   	448   	Sup	TCA	411	415	44.0	
JAGYYQ010041590.1 	1	417   	509   	Tyr	GTA	456	473	60.6	
JAGYYQ010042109.1 	1	353   	425   	Met	CAT	0	0	64.0	
JAGYYQ010042807.1 	1	97    	169   	His	GTG	0	0	58.4	
JAGYYQ010042807.1 	2	620   	693   	Met	CAT	0	0	40.5	pseudo
JAGYYQ010043174.1 	1	136   	222   	Glu	TTC	0	0	50.8	
JAGYYQ010043174.1 	2	227   	298   	Glu	TTC	0	0	53.1	
JAGYYQ010043272.1 	1	116   	43    	Leu	TAA	0	0	76.8	
JAGYYQ010043424.1 	1	499   	427   	Gln	CTG	0	0	62.5	
JAGYYQ010043424.1 	2	420   	350   	Trp	CCA	0	0	29.5	
JAGYYQ010043424.1 	3	344   	262   	Leu	CAA	0	0	47.0	
JAGYYQ010043692.1 	1	125   	245   	Ala	GGC	170	206	28.0	
JAGYYQ010044004.1 	1	276   	193   	Sup	TTA	239	228	51.9	
JAGYYQ010044472.1 	1	431   	300   	Tyr	ATA	370	343	21.3	pseudo
JAGYYQ010044666.1 	1	454   	525   	Gln	TTG	0	0	67.7	
JAGYYQ010044854.1 	1	8     	79    	Glu	TTC	0	0	61.4	
JAGYYQ010044854.1 	2	251   	332   	Leu	TAA	0	0	56.2	
JAGYYQ010044976.1 	1	374   	445   	Glu	TTC	0	0	71.3	
JAGYYQ010045248.1 	1	309   	407   	Pro	TGG	0	0	41.0	
JAGYYQ010045366.1 	1	132   	203   	Lys	TTT	0	0	57.7	
JAGYYQ010045366.1 	2	211   	286   	Gln	CTG	0	0	49.3	
JAGYYQ010045489.1 	1	415   	496   	Ser	AGA	0	0	85.1	
JAGYYQ010045985.1 	1	248   	321   	Pro	TGG	0	0	71.1	
JAGYYQ010046162.1 	1	521   	594   	Pro	TGG	0	0	56.9	
JAGYYQ010046164.1 	1	257   	329   	Thr	TGT	0	0	41.8	
JAGYYQ010046323.1 	1	450   	523   	Met	CAT	0	0	57.3	
JAGYYQ010046323.1 	2	592   	674   	Gln	TTG	0	0	49.4	
JAGYYQ010046888.1 	1	1     	74    	Cys	GCA	0	0	42.6	
JAGYYQ010046888.1 	2	90    	174   	Leu	TAG	0	0	53.0	
JAGYYQ010046888.1 	3	312   	386   	Pro	TGG	0	0	52.4	
JAGYYQ010046888.1 	4	393   	463   	Gln	TTG	0	0	63.1	
JAGYYQ010046937.1 	1	669   	596   	Leu	TAA	0	0	51.7	
JAGYYQ010047080.1 	1	610   	681   	Sup	CTA	0	0	80.3	
JAGYYQ010047423.1 	1	166   	93    	Glu	CTC	0	0	45.5	
JAGYYQ010047608.1 	1	476   	560   	Ser	GCT	0	0	37.3	pseudo
JAGYYQ010047644.1 	1	357   	430   	Ser	TGA	0	0	68.7	
JAGYYQ010047644.1 	2	436   	511   	Sup	CTA	0	0	68.0	
JAGYYQ010047984.1 	1	438   	509   	Lys	TTT	0	0	91.0	
JAGYYQ010048037.1 	1	353   	427   	Met	CAT	0	0	54.7	
JAGYYQ010048037.1 	2	519   	603   	Ser	TGA	0	0	34.6	pseudo
JAGYYQ010048532.1 	1	413   	494   	Leu	CAA	0	0	67.3	
JAGYYQ010048703.1 	1	519   	448   	Gln	TTG	0	0	44.5	
JAGYYQ010049172.1 	1	574   	661   	Met	CAT	0	0	51.9	
JAGYYQ010049689.1 	1	23    	93    	Gly	GCC	0	0	50.9	
JAGYYQ010049815.1 	1	430   	540   	Asp	ATC	469	510	35.8	
JAGYYQ010050290.1 	1	290   	217   	Cys	GCA	0	0	23.5	pseudo
JAGYYQ010050290.1 	2	205   	134   	Glu	TTC	0	0	37.1	
JAGYYQ010050336.1 	1	585   	655   	Glu	TTC	0	0	57.6	
JAGYYQ010050613.1 	1	484   	337   	Undet	NNN	0	0	27.1	
JAGYYQ010050965.1 	1	66    	139   	Met	CAT	0	0	62.3	
JAGYYQ010050974.1 	1	397   	532   	Leu	GAG	438	497	34.9	
JAGYYQ010051978.1 	1	405   	306   	Ser	CGA	0	0	20.4	pseudo
JAGYYQ010052164.1 	1	182   	257   	Gln	TTG	0	0	30.1	
JAGYYQ010052167.1 	1	464   	375   	Gly	TCC	423	410	33.5	
JAGYYQ010052167.1 	2	365   	291   	Val	AAC	0	0	56.2	
JAGYYQ010052448.1 	1	120   	50    	Undet	NNN	0	0	20.9	pseudo
JAGYYQ010052499.1 	1	304   	231   	Asp	GTC	0	0	42.1	
JAGYYQ010052534.1 	1	514   	584   	Gln	CTG	0	0	56.2	
JAGYYQ010052534.1 	2	267   	190   	Asn	GTT	0	0	37.8	
JAGYYQ010053307.1 	1	381   	453   	Lys	CTT	0	0	88.7	
JAGYYQ010053682.1 	1	124   	43    	Tyr	GTA	0	0	39.8	pseudo
JAGYYQ010053846.1 	1	188   	297   	Undet	NNN	0	0	45.1	
JAGYYQ010054437.1 	1	621   	537   	Ser	GCT	0	0	26.2	pseudo
JAGYYQ010054621.1 	1	450   	372   	Met	CAT	0	0	52.0	
JAGYYQ010054621.1 	2	367   	296   	Met	CAT	0	0	48.8	
JAGYYQ010054621.1 	3	248   	175   	Thr	TGT	0	0	57.9	
JAGYYQ010054621.1 	4	171   	100   	Thr	CGT	0	0	46.9	
JAGYYQ010054621.1 	5	96    	26    	Thr	GGT	0	0	33.8	
JAGYYQ010055023.1 	1	381   	452   	Thr	AGT	0	0	82.0	
JAGYYQ010055239.1 	1	250   	320   	Trp	CCA	0	0	31.3	pseudo
JAGYYQ010055395.1 	1	297   	379   	Ser	ACT	0	0	28.1	pseudo
JAGYYQ010055395.1 	2	384   	457   	Arg	TCT	0	0	45.3	
JAGYYQ010055561.1 	1	441   	326   	Val	AAC	403	361	33.5	
JAGYYQ010055568.1 	1	88    	13    	Arg	TCG	0	0	53.2	
JAGYYQ010055930.1 	1	519   	445   	Trp	CCA	0	0	39.7	
JAGYYQ010055930.1 	2	216   	145   	His	GTG	0	0	52.2	
JAGYYQ010055930.1 	3	140   	66    	Gln	CTG	0	0	64.9	
JAGYYQ010056260.1 	1	504   	576   	Val	CAC	0	0	74.3	
JAGYYQ010056472.1 	1	543   	614   	Lys	TTT	0	0	52.7	
JAGYYQ010056624.1 	1	563   	490   	Asp	GTC	0	0	72.0	
JAGYYQ010056624.1 	2	417   	343   	Val	TAC	0	0	66.4	
JAGYYQ010056624.1 	3	225   	140   	Ser	GCT	0	0	41.0	pseudo
JAGYYQ010056975.1 	1	614   	542   	Thr	TGT	0	0	63.9	
JAGYYQ010056975.1 	2	534   	463   	Thr	GGT	0	0	31.9	
JAGYYQ010056975.1 	3	297   	213   	Ser	GCT	0	0	48.3	
JAGYYQ010057351.1 	1	103   	209   	Tyr	ATA	139	176	22.8	
JAGYYQ010057909.1 	1	347   	277   	Met	CAT	0	0	21.7	
JAGYYQ010058607.1 	1	514   	586   	Val	CAC	0	0	29.9	
JAGYYQ010058640.1 	1	448   	516   	Undet	NNN	0	0	25.3	pseudo
JAGYYQ010059213.1 	1	314   	243   	Arg	TCT	0	0	66.2	
JAGYYQ010059348.1 	1	322   	251   	Asp	GTC	0	0	47.6	
JAGYYQ010059348.1 	2	246   	176   	Gln	CTG	0	0	61.5	
JAGYYQ010059348.1 	3	94    	23    	Lys	CTT	0	0	60.5	
JAGYYQ010059394.1 	1	222   	150   	Asn	GTT	0	0	80.1	
JAGYYQ010059550.1 	1	587   	500   	Ser	GCT	0	0	51.6	
JAGYYQ010059550.1 	2	493   	422   	Asp	GTC	0	0	51.5	
JAGYYQ010059550.1 	3	416   	335   	Leu	TAA	0	0	57.9	
JAGYYQ010059550.1 	4	326   	252   	Ile	GAT	0	0	75.0	
JAGYYQ010059550.1 	5	94    	22    	Gln	TTG	0	0	64.3	
JAGYYQ010060385.1 	1	45    	174   	Leu	TAA	84	141	23.4	pseudo
JAGYYQ010060613.1 	1	189   	262   	Ile	GAT	0	0	71.7	
JAGYYQ010060613.1 	2	266   	338   	Ala	TGC	0	0	78.5	
JAGYYQ010060754.1 	1	169   	98    	Arg	GCG	0	0	49.2	
JAGYYQ010060955.1 	1	416   	346   	Thr	TGT	0	0	73.8	
JAGYYQ010060955.1 	2	332   	258   	Pro	TGG	0	0	61.0	
JAGYYQ010061769.1 	1	190   	264   	Leu	TAG	0	0	26.1	pseudo
JAGYYQ010061769.1 	2	277   	350   	Leu	CAA	0	0	33.2	pseudo
JAGYYQ010062377.1 	1	375   	288   	Arg	TCT	0	0	26.1	
JAGYYQ010063035.1 	1	172   	244   	Pro	TGG	0	0	25.2	pseudo
JAGYYQ010063035.1 	2	299   	372   	Arg	TCT	0	0	77.1	
JAGYYQ010063035.1 	3	379   	451   	Thr	TGT	0	0	46.3	
JAGYYQ010063035.1 	4	468   	538   	Thr	TGT	0	0	49.1	
JAGYYQ010063920.1 	1	31    	103   	Thr	TGT	0	0	71.5	
JAGYYQ010063940.1 	1	424   	344   	Leu	TAA	0	0	61.0	
JAGYYQ010064595.1 	1	170   	98    	Undet	NNN	0	0	28.9	pseudo
JAGYYQ010066310.1 	1	108   	23    	Leu	TAA	0	0	49.4	
JAGYYQ010066730.1 	1	386   	477   	Sup	TTA	0	0	24.5	pseudo
JAGYYQ010066838.1 	1	116   	188   	Ala	GGC	0	0	70.0	
JAGYYQ010066838.1 	2	388   	474   	Ala	AGC	425	438	46.5	
JAGYYQ010066838.1 	3	485   	557   	Lys	CTT	0	0	46.5	
JAGYYQ010067059.1 	1	109   	182   	Met	CAT	0	0	63.5	
JAGYYQ010067555.1 	1	332   	404   	Arg	TCT	0	0	64.5	
JAGYYQ010067757.1 	1	248   	321   	Arg	TCT	0	0	54.0	
JAGYYQ010068666.1 	1	294   	372   	Leu	CAG	0	0	72.3	
JAGYYQ010069106.1 	1	1     	75    	Leu	TAA	0	0	44.4	pseudo
JAGYYQ010069570.1 	1	129   	203   	Pro	TGG	0	0	64.9	
JAGYYQ010070389.1 	1	493   	423   	Gly	TCC	0	0	55.7	
JAGYYQ010071150.1 	1	290   	360   	Trp	CCA	0	0	44.7	
JAGYYQ010072604.1 	1	132   	234   	Lys	TTT	0	0	65.5	
JAGYYQ010072604.1 	2	279   	352   	Asn	GTT	0	0	77.4	
JAGYYQ010072640.1 	1	247   	176   	Glu	TTC	0	0	35.5	
JAGYYQ010073365.1 	1	536   	464   	Gly	CCC	0	0	39.8	
JAGYYQ010074368.1 	1	275   	346   	Arg	ACG	0	0	56.1	
JAGYYQ010074368.1 	2	352   	424   	Phe	GAA	0	0	56.1	
JAGYYQ010074855.1 	1	394   	465   	Ile	AAT	0	0	57.6	
JAGYYQ010075363.1 	1	60    	132   	Asn	GTT	0	0	60.7	
JAGYYQ010075363.1 	2	143   	231   	Undet	NNN	0	0	28.9	pseudo
JAGYYQ010075675.1 	1	411   	482   	Thr	TGT	0	0	75.1	
JAGYYQ010075969.1 	1	157   	85    	Gln	CTG	0	0	72.8	
JAGYYQ010077072.1 	1	249   	390   	Ser	AGA	286	354	37.6	
JAGYYQ010077387.1 	1	109   	180   	Ala	TGC	0	0	49.2	
JAGYYQ010077387.1 	2	182   	255   	Glu	TTC	0	0	65.8	
JAGYYQ010077676.1 	1	209   	135   	Lys	TTT	0	0	42.1	
JAGYYQ010077676.1 	2	97    	27    	Glu	TTC	0	0	62.0	
JAGYYQ010078247.1 	1	449   	519   	Met	CAT	0	0	22.9	pseudo
JAGYYQ010078781.1 	1	66    	138   	Met	CAT	0	0	44.5	
JAGYYQ010079118.1 	1	519   	448   	Gln	CTG	0	0	58.5	
JAGYYQ010080527.1 	1	482   	411   	Thr	TGT	0	0	33.9	
JAGYYQ010080527.1 	2	406   	336   	Ile	GAT	0	0	46.1	
JAGYYQ010080920.1 	1	402   	486   	Thr	GGT	0	0	20.3	pseudo
JAGYYQ010081413.1 	1	350   	264   	Arg	CCT	0	0	26.3	
JAGYYQ010081769.1 	1	58    	129   	Asn	GTT	0	0	52.3	
JAGYYQ010082124.1 	1	212   	142   	Lys	TTT	0	0	39.5	pseudo
JAGYYQ010082124.1 	2	135   	64    	Lys	CTT	0	0	32.5	pseudo
JAGYYQ010082339.1 	1	427   	307   	Pro	TGG	389	345	26.8	pseudo
JAGYYQ010082754.1 	1	123   	51    	Lys	TTT	0	0	64.9	
JAGYYQ010083328.1 	1	403   	492   	Ser	GCT	0	0	50.2	
JAGYYQ010083408.1 	1	315   	386   	Ala	TGC	0	0	42.1	
JAGYYQ010083616.1 	1	94    	23    	Ala	TGC	0	0	46.5	
JAGYYQ010084045.1 	1	306   	378   	Thr	TGT	0	0	65.0	
JAGYYQ010084045.1 	2	386   	458   	Glu	CTC	0	0	41.2	
JAGYYQ010084300.1 	1	144   	217   	Leu	CAG	0	0	60.9	
JAGYYQ010085622.1 	1	139   	222   	Lys	TTT	0	0	57.9	
JAGYYQ010085622.1 	2	227   	298   	Trp	CCA	0	0	24.0	pseudo
