Sequence          		tRNA	Bounds	tRNA	Anti	Intron Bounds	Inf	      
Name              	tRNA #	Begin	End	Type	Codon	Begin	End	Score	Note
--------          	------	-----	------	----	-----	-----	----	------	------
JAJLLT010000444.1 	1	109	37 	Arg	TCG	0	0	73.2	
JAJLLT010000911.1 	1	334	405	Pro	CGG	0	0	70.6	
JAJLLT010000913.1 	1	301	383	Ser	GCT	0	0	75.5	
JAJLLT010000932.1 	1	152	81 	Pro	TGG	0	0	68.8	
JAJLLT010000943.1 	1	160	89 	Ala	CGC	0	0	79.8	
JAJLLT010000953.1 	1	167	95 	Ile	TAT	0	0	62.1	
JAJLLT010000976.1 	1	176	104	Arg	TCG	0	0	73.2	
JAJLLT010000990.1 	1	289	367	Leu	TAG	0	0	72.7	
JAJLLT010000998.1 	1	176	104	Arg	TCG	0	0	72.9	
JAJLLT010001046.1 	1	163	90 	Arg	TCT	0	0	71.4	
JAJLLT010001072.1 	1	160	88 	Phe	GAA	0	0	80.1	
JAJLLT010001237.1 	1	201	124	Gln	TTG	0	0	50.6	pseudo
JAJLLT010001293.1 	1	207	126	Undet	NNN	0	0	41.9	
JAJLLT010001331.1 	1	301	372	Cys	GCA	0	0	78.8	
JAJLLT010001332.1 	1	413	485	Val	TAC	0	0	77.5	
JAJLLT010001337.1 	1	337	409	Trp	CCA	0	0	66.5	
JAJLLT010001339.1 	1	284	365	Ser	TGA	0	0	82.3	
JAJLLT010001352.1 	1	158	87 	Thr	TGT	0	0	81.5	
JAJLLT010001383.1 	1	159	87 	Val	AAC	0	0	74.9	
JAJLLT010001391.1 	1	151	79 	Ala	AGC	0	0	55.9	
JAJLLT010001392.1 	1	317	388	Sup	TCA	0	0	65.0	
JAJLLT010001405.1 	1	304	376	Arg	ACG	0	0	72.5	
JAJLLT010001701.1 	1	394	321	Met	CAT	0	0	61.1	
JAJLLT010001701.1 	2	312	241	Thr	GGT	0	0	77.6	
JAJLLT010002719.1 	1	42 	115	Arg	CCG	0	0	60.5	
JAJLLT010003112.1 	1	480	407	Met	CAT	0	0	65.4	
JAJLLT010004100.1 	1	222	295	Arg	ACG	0	0	72.5	
JAJLLT010004754.1 	1	117	190	Ile	GAT	0	0	77.9	
JAJLLT010005172.1 	1	1278	1208	Sup	CTA	0	0	46.5	
JAJLLT010005285.1 	1	828	1000	Leu	CAA	0	0	21.5	pseudo
JAJLLT010005823.1 	1	296	367	Val	GAC	0	0	52.8	
JAJLLT010006424.1 	1	377	305	Met	CAT	0	0	79.0	
JAJLLT010006751.1 	1	1  	58 	Lys	CTT	0	0	23.5	
JAJLLT010007867.1 	1	817	747	Cys	GCA	0	0	53.7	
JAJLLT010008032.1 	1	225	139	Ser	TGA	0	0	61.9	
JAJLLT010012223.1 	1	883	811	Met	CAT	0	0	74.9	
JAJLLT010015144.1 	1	1922	1851	Thr	AGT	0	0	82.5	
JAJLLT010016638.1 	1	993	1136	Sup	TTA	1031	1101	43.6	
JAJLLT010017157.1 	1	67 	140	Arg	ACG	0	0	66.0	
JAJLLT010018571.1 	1	809	910	Arg	TCG	846	873	32.1	pseudo
JAJLLT010019107.1 	1	983	1064	Ser	TGA	0	0	82.3	
JAJLLT010019148.1 	1	349	421	Ala	AGC	0	0	55.9	
JAJLLT010019905.1 	1	874	802	Met	CAT	0	0	74.9	
JAJLLT010020365.1 	1	479	550	Thr	AGT	0	0	82.5	
JAJLLT010020534.1 	1	681	762	Ser	CGA	0	0	85.1	
JAJLLT010020605.1 	1	140	211	Ala	TGC	0	0	71.3	
JAJLLT010020949.1 	1	654	726	Arg	CCG	0	0	57.9	
JAJLLT010021165.1 	1	300	229	His	GTG	0	0	53.1	
JAJLLT010021221.1 	1	153	82 	Asp	GTC	0	0	68.8	
JAJLLT010021296.1 	1	484	555	Pro	AGG	0	0	68.4	
JAJLLT010021302.1 	1	185	114	Gln	TTG	0	0	72.1	
JAJLLT010021311.1 	1	178	106	Asn	GTT	0	0	72.1	
JAJLLT010021325.1 	1	458	530	Met	CAT	0	0	75.8	
JAJLLT010021329.1 	1	453	525	Glu	TTC	0	0	68.3	
JAJLLT010021471.1 	1	298	226	Asn	GTT	0	0	75.0	
JAJLLT010021536.1 	1	299	229	Gly	GCC	0	0	55.9	
JAJLLT010021561.1 	1	429	501	Met	CAT	0	0	74.9	
JAJLLT010021642.1 	1	615	686	iMet	CAT	0	0	65.1	
JAJLLT010021731.1 	1	171	100	Gln	CTG	0	0	73.4	
JAJLLT010021747.1 	1	432	514	Leu	TAA	0	0	68.9	
JAJLLT010021766.1 	1	150	79 	Thr	CGT	0	0	72.4	
JAJLLT010021776.1 	1	287	358	Ala	TGC	0	0	71.3	
JAJLLT010021820.1 	1	330	250	Leu	CAA	0	0	65.5	
JAJLLT010021859.1 	1	241	160	Ser	AGA	0	0	84.8	
JAJLLT010022544.1 	1	489	561	Val	CAC	0	0	77.5	
JAJLLT010022916.1 	1	2208	2130	Leu	CAG	0	0	69.5	
JAJLLT010024757.1 	1	658	586	Ala	AGC	0	0	55.9	
JAJLLT010027164.1 	1	1214	1286	Glu	CTC	0	0	66.0	
JAJLLT010027165.1 	1	168	96 	Glu	CTC	0	0	66.0	
JAJLLT010028188.1 	1	287	358	Lys	TTT	0	0	91.0	
JAJLLT010028189.1 	1	485	414	Lys	TTT	0	0	91.0	
JAJLLT010028942.1 	1	428	499	Gly	CCC	0	0	76.0	
JAJLLT010028942.1 	2	879	949	Lys	TTT	0	0	22.1	
JAJLLT010029350.1 	1	175	103	Arg	CCT	0	0	57.8	
JAJLLT010030078.1 	1	2745	2662	Sup	TCA	2708	2697	24.3	pseudo
JAJLLT010031029.1 	1	162	90 	Ile	AAT	0	0	86.9	
JAJLLT010031522.1 	1	158	244	SeC	TCA	0	0	76.5	
JAJLLT010032703.1 	1	1980	2050	Ala	TGC	0	0	52.8	
JAJLLT010034242.1 	1	825	896	Gly	TCC	0	0	79.8	
JAJLLT010034608.1 	1	450	535	Tyr	GTA	487	499	68.1	
JAJLLT010034703.1 	1	472	544	Lys	CTT	0	0	89.7	
JAJLLT010034873.1 	1	393	471	Leu	AAG	0	0	69.2	
JAJLLT010034896.1 	1	186	115	Thr	TGT	0	0	54.3	
