Sequence          		tRNA  	Bounds	tRNA	Anti	Intron Bounds	Inf	      
Name              	tRNA #	Begin 	End   	Type	Codon	Begin	End	Score	Note
--------          	------	----- 	------	----	-----	-----	----	------	------
JAGYYP010000001.1 	1	107627	107698	Thr	TGT	0	0	72.5	
JAGYYP010000001.1 	2	71185 	71112 	Arg	TCT	0	0	69.7	
JAGYYP010000099.1 	1	4545  	4472  	Val	GAC	0	0	68.1	
JAGYYP010000232.1 	1	8260  	8819  	Thr	TGT	8296	8783	44.3	
JAGYYP010000253.1 	1	851   	765   	SeC	TCA	0	0	76.5	
JAGYYP010000293.1 	1	4999  	5083  	Ser	TGA	0	0	41.3	pseudo
JAGYYP010000357.1 	1	7125  	7197  	Gln	TTG	0	0	50.6	
JAGYYP010000596.1 	1	4086  	4168  	Ser	GCT	0	0	75.5	
JAGYYP010001137.1 	1	5682  	5754  	Gln	TTG	0	0	35.4	pseudo
JAGYYP010001137.1 	2	1446  	1374  	Gln	TTG	0	0	35.4	pseudo
JAGYYP010001487.1 	1	6037  	5965  	Ile	TAT	0	0	62.1	
JAGYYP010001520.1 	1	5679  	5608  	Glu	TTC	0	0	57.6	
JAGYYP010001520.1 	2	5012  	4932  	Leu	TAA	0	0	52.7	
JAGYYP010001641.1 	1	1447  	1525  	Leu	CAG	0	0	69.5	
JAGYYP010002012.1 	1	5196  	5266  	Gly	GCC	0	0	55.9	
JAGYYP010002279.1 	1	1     	56    	Arg	CCG	0	0	23.9	pseudo
JAGYYP010002385.1 	1	3333  	3415  	Leu	TAA	0	0	68.9	
JAGYYP010002436.1 	1	1571  	1641  	Sup	TCA	0	0	54.4	
JAGYYP010002993.1 	1	3733  	3662  	Ala	CGC	0	0	79.8	
JAGYYP010003006.1 	1	4391  	4456  	Ser	TGA	0	0	35.5	pseudo
JAGYYP010003425.1 	1	1413  	1496  	Sup	TCA	1450	1461	31.1	pseudo
JAGYYP010003782.1 	1	1576  	1648  	Trp	CCA	0	0	66.5	
JAGYYP010003982.1 	1	9     	90    	Ser	TGA	0	0	82.3	
JAGYYP010004068.1 	1	147   	77    	Ala	TGC	0	0	52.8	
JAGYYP010004228.1 	1	447   	518   	Thr	CGT	0	0	72.4	
JAGYYP010004297.1 	1	572   	643   	Met	CAT	0	0	54.1	
JAGYYP010004410.1 	1	1024  	954   	Sup	TCA	0	0	51.5	
JAGYYP010004954.1 	1	2370  	2442  	Met	CAT	0	0	77.6	
JAGYYP010006815.1 	1	1316  	1389  	Ile	GAT	0	0	73.3	
JAGYYP010007259.1 	1	233   	161   	Val	CAC	0	0	77.5	
JAGYYP010007674.1 	1	1784  	1855  	Gln	TTG	0	0	72.1	
JAGYYP010007747.1 	1	1689  	1761  	Val	AAC	0	0	74.9	
JAGYYP010007832.1 	1	2102  	2245  	Sup	TTA	2140	2210	43.6	
JAGYYP010008100.1 	1	2225  	2148  	Gln	TTG	0	0	50.6	pseudo
JAGYYP010008143.1 	1	2096  	2168  	Glu	CTC	0	0	66.0	
JAGYYP010009205.1 	1	1919  	2000  	Ser	AGA	0	0	84.8	
JAGYYP010010382.1 	1	610   	695   	Leu	GAG	0	0	40.2	
JAGYYP010013711.1 	1	1298  	1369  	Pro	CGG	0	0	70.6	
JAGYYP010015154.1 	1	464   	536   	Met	CAT	0	0	74.9	
JAGYYP010015494.1 	1	226   	298   	His	GTG	0	0	58.9	
JAGYYP010016882.1 	1	341   	427   	Leu	TAG	0	0	26.6	
JAGYYP010019101.1 	1	1053  	981   	Lys	TTT	0	0	78.5	
JAGYYP010020674.1 	1	66    	1     	Ser	TGA	0	0	35.5	pseudo
JAGYYP010020805.1 	1	1002  	1073  	Cys	GCA	0	0	60.1	
JAGYYP010020810.1 	1	656   	742   	Ser	TGA	0	0	56.7	
JAGYYP010020967.1 	1	185   	258   	Asp	GTC	0	0	26.6	
JAGYYP010020967.1 	2	299   	381   	Leu	CAG	0	0	23.7	
JAGYYP010021268.1 	1	212   	283   	Sup	TCA	0	0	65.0	
JAGYYP010022122.1 	1	170   	99    	Thr	TGT	0	0	54.3	
JAGYYP010024743.1 	1	756   	685   	Lys	TTT	0	0	91.0	
JAGYYP010028582.1 	1	566   	637   	Pro	TGG	0	0	76.0	
JAGYYP010028582.1 	2	668   	739   	Glu	TTC	0	0	63.9	
JAGYYP010028582.1 	3	774   	846   	Lys	TTT	0	0	74.6	
JAGYYP010030640.1 	1	830   	758   	Ala	AGC	0	0	55.9	
JAGYYP010030729.1 	1	123   	224   	Arg	TCG	160	189	35.0	pseudo
JAGYYP010031920.1 	1	94    	22    	Phe	GAA	0	0	78.4	
JAGYYP010032944.1 	1	2     	73    	Ala	TGC	0	0	71.3	
JAGYYP010032984.1 	1	549   	621   	Met	CAT	0	0	75.8	
JAGYYP010035343.1 	1	518   	589   	Asp	GTC	0	0	68.8	
JAGYYP010036945.1 	1	715   	644   	Thr	AGT	0	0	82.5	
JAGYYP010037340.1 	1	398   	328   	Gln	TTG	0	0	53.2	
JAGYYP010039229.1 	1	10    	81    	Thr	AGT	0	0	82.5	
JAGYYP010039388.1 	1	72    	1     	Thr	AGT	0	0	82.5	
JAGYYP010040186.1 	1	406   	477   	His	GTG	0	0	53.1	
JAGYYP010042908.1 	1	214   	143   	Pro	AGG	0	0	68.4	
JAGYYP010046657.1 	1	509   	582   	Asp	GTC	0	0	77.4	
JAGYYP010048015.1 	1	446   	518   	Val	TAC	0	0	76.2	
JAGYYP010048018.1 	1	243   	171   	Ile	AAT	0	0	86.9	
JAGYYP010048361.1 	1	565   	492   	Arg	TCT	0	0	66.8	
JAGYYP010049482.1 	1	72    	1     	Thr	AGT	0	0	82.5	
JAGYYP010050247.1 	1	276   	192   	Leu	CAA	0	0	47.7	
JAGYYP010050447.1 	1	32    	105   	Asp	GTC	0	0	79.6	
JAGYYP010050933.1 	1	354   	426   	Arg	CCT	0	0	57.8	
JAGYYP010051391.1 	1	516   	444   	His	GTG	0	0	47.4	
JAGYYP010052890.1 	1	16    	88    	Thr	CGT	0	0	79.2	
JAGYYP010053732.1 	1	401   	479   	Leu	AAG	0	0	69.2	
JAGYYP010054417.1 	1	219   	300   	Leu	CAA	0	0	61.0	
JAGYYP010054461.1 	1	213   	141   	Phe	GAA	0	0	80.1	
JAGYYP010054595.1 	1	269   	184   	Tyr	GTA	232	220	68.1	
JAGYYP010055933.1 	1	139   	69    	Lys	TTT	0	0	22.1	
JAGYYP010058196.1 	1	129   	56    	Arg	TCT	0	0	71.4	
JAGYYP010059582.1 	1	284   	355   	iMet	CAT	0	0	65.1	
JAGYYP010059588.1 	1	261   	180   	Ser	CGA	0	0	85.1	
