Sequence          		tRNA  	Bounds	tRNA	Anti	Intron Bounds	Inf	      
Name              	tRNA #	Begin 	End   	Type	Codon	Begin	End	Score	Note
--------          	------	----- 	------	----	-----	-----	----	------	------
JALIHJ010000001.1 	1	244789	244862	Ile	AAT	0	0	82.8	
JALIHJ010000001.1 	2	244922	244995	Ile	AAT	0	0	82.8	
JALIHJ010000001.1 	3	245055	245128	Ile	AAT	0	0	82.8	
JALIHJ010000001.1 	4	293224	293152	Trp	CCA	0	0	78.2	
JALIHJ010000001.1 	5	293091	293019	Trp	CCA	0	0	78.2	
JALIHJ010000012.1 	1	47908 	47978 	Gly	GCC	0	0	62.9	
JALIHJ010000015.1 	1	128841	128913	Val	AAC	0	0	74.2	
JALIHJ010000016.1 	1	162628	162700	Lys	CTT	0	0	86.6	
JALIHJ010000016.1 	2	45903 	45832 	Ala	TGC	0	0	72.9	
JALIHJ010000018.1 	1	241097	241015	Leu	CAA	0	0	74.6	
JALIHJ010000018.1 	2	11076 	11004 	Glu	TTC	0	0	70.8	
JALIHJ010000019.1 	1	72240 	72312 	Val	CAC	0	0	67.8	
JALIHJ010000002.1 	1	22993 	23074 	Ser	GCT	0	0	82.8	
JALIHJ010000002.1 	2	223448	223375	Glu	CTC	0	0	75.3	
JALIHJ010000002.1 	3	15326 	15245 	Ser	GCT	0	0	82.8	
JALIHJ010000020.1 	1	56774 	56845 	Thr	CGT	0	0	73.8	
JALIHJ010000021.1 	1	193214	193286	Phe	GAA	0	0	81.2	
JALIHJ010000021.1 	2	214966	214895	His	GTG	0	0	55.0	
JALIHJ010000022.1 	1	24094 	24176 	Tyr	GTA	24131	24140	68.4	
JALIHJ010000023.1 	1	140868	140786	Tyr	GTA	140831	140822	68.4	
JALIHJ010000026.1 	1	267430	267351	Leu	TAG	0	0	67.6	
JALIHJ010000028.1 	1	114636	114564	Met	CAT	0	0	82.6	
JALIHJ010000029.1 	1	156612	156541	Lys	TTT	0	0	86.4	
JALIHJ010000029.1 	2	156475	156404	Lys	TTT	0	0	86.4	
JALIHJ010000029.1 	3	156140	156069	Lys	TTT	0	0	86.4	
JALIHJ010000029.1 	4	39791 	39719 	Thr	TGT	0	0	88.8	
JALIHJ010000003.1 	1	193529	193610	Ser	AGA	0	0	85.3	
JALIHJ010000003.1 	2	281139	281067	Asn	GTT	0	0	81.3	
JALIHJ010000030.1 	1	53118 	53037 	Ser	AGA	0	0	85.3	
JALIHJ010000033.1 	1	110875	110954	Leu	CAG	0	0	67.6	
JALIHJ010000035.1 	1	43688 	43759 	Pro	TGG	0	0	70.4	
JALIHJ010000036.1 	1	178067	178138	Asp	GTC	0	0	69.0	
JALIHJ010000038.1 	1	80996 	81068 	Asn	GTT	0	0	84.3	
JALIHJ010000039.1 	1	18576 	18648 	Glu	TTC	0	0	70.8	
JALIHJ010000039.1 	2	18706 	18778 	Glu	TTC	0	0	70.8	
JALIHJ010000039.1 	3	219661	219732	Gln	CTG	0	0	71.0	
JALIHJ010000039.1 	4	134684	134613	Gly	TCC	0	0	66.5	
JALIHJ010000039.1 	5	129227	129156	Gly	TCC	0	0	66.5	
JALIHJ010000039.1 	6	100332	100260	Lys	CTT	0	0	86.6	
JALIHJ010000039.1 	7	14622 	14551 	Arg	TCG	0	0	82.3	
JALIHJ010000004.1 	1	127413	127485	Ala	AGC	0	0	55.4	
JALIHJ010000004.1 	2	253967	254039	Ala	AGC	0	0	55.4	
JALIHJ010000040.1 	1	17044 	17126 	Tyr	GTA	17081	17090	68.4	
JALIHJ010000040.1 	2	119730	119659	Cys	GCA	0	0	73.8	
JALIHJ010000041.1 	1	113409	113481	Val	CAC	0	0	38.0	
JALIHJ010000041.1 	2	149843	149915	Arg	CCT	0	0	66.8	
JALIHJ010000041.1 	3	139102	139030	Glu	TTC	0	0	73.0	
JALIHJ010000044.1 	1	191568	191498	Gln	TTG	0	0	75.3	
JALIHJ010000045.1 	1	92112 	92183 	iMet	CAT	0	0	69.5	
JALIHJ010000046.1 	1	124263	124192	Ala	CGC	0	0	73.9	
JALIHJ010000048.1 	1	99771 	99701 	Val	TAC	0	0	49.2	
JALIHJ010000049.1 	1	70169 	70240 	His	GTG	0	0	54.7	
JALIHJ010000005.1 	1	63138 	63209 	Pro	AGG	0	0	70.5	
JALIHJ010000050.1 	1	35822 	35892 	Arg	CCG	0	0	54.1	
JALIHJ010000051.1 	1	114471	114400	Pro	CGG	0	0	68.6	
JALIHJ010000052.1 	1	138988	138917	Pro	AGG	0	0	71.6	
JALIHJ010000055.1 	1	121251	121332	Ser	TGA	0	0	84.4	
JALIHJ010000058.1 	1	84660 	84588 	Asn	GTT	0	0	81.3	
JALIHJ010000058.1 	2	83619 	83547 	Val	TAC	0	0	76.7	
JALIHJ010000006.1 	1	267986	268057	Arg	CCG	0	0	41.0	
JALIHJ010000006.1 	2	268095	268167	Arg	TCT	0	0	32.5	pseudo
JALIHJ010000006.1 	3	268199	268270	Undet	NNN	0	0	41.7	
JALIHJ010000006.1 	4	303736	303663	Glu	CTC	0	0	71.0	
JALIHJ010000062.1 	1	131393	131472	Leu	CAG	0	0	67.6	
JALIHJ010000062.1 	2	75500 	75418 	Leu	TAA	0	0	73.2	
JALIHJ010000063.1 	1	97332 	97402 	Gly	CCC	0	0	70.8	
JALIHJ010000065.1 	1	81340 	81411 	Asp	GTC	0	0	69.0	
JALIHJ010000065.1 	2	82884 	82955 	Asp	GTC	0	0	69.0	
JALIHJ010000067.1 	1	51327 	51397 	Gln	TTG	0	0	75.3	
JALIHJ010000067.1 	2	40617 	40544 	Ile	TAT	0	0	83.0	
JALIHJ010000069.1 	1	22112 	22184 	Arg	TCT	0	0	77.6	
JALIHJ010000069.1 	2	22244 	22316 	Arg	TCT	0	0	77.6	
JALIHJ010000007.1 	1	133117	133188	iMet	CAT	0	0	69.5	
JALIHJ010000007.1 	2	196560	196632	Thr	AGT	0	0	71.6	
JALIHJ010000007.1 	3	280713	280785	Thr	AGT	0	0	72.5	
JALIHJ010000007.1 	4	309966	310036	Gly	GCC	0	0	62.9	
JALIHJ010000007.1 	5	229499	229413	SeC	TCA	0	0	97.8	
JALIHJ010000078.1 	1	8499  	8578  	Leu	TAG	0	0	67.6	
JALIHJ010000078.1 	2	8639  	8718  	Leu	AAG	0	0	63.0	
JALIHJ010000078.1 	3	8780  	8859  	Leu	AAG	0	0	67.6	
JALIHJ010000008.1 	1	33749 	33821 	Val	AAC	0	0	74.2	
JALIHJ010000008.1 	2	217127	217208	Ser	CGA	0	0	80.8	
JALIHJ010000008.1 	3	306258	306329	Asp	GTC	0	0	69.0	
JALIHJ010000009.1 	1	101971	101900	Arg	ACG	0	0	57.4	
JALIHJ010000106.1 	1	3421  	3500  	Leu	TAA	0	0	49.4	
JALIHJ010000106.1 	2	3504  	3583  	Tyr	GTA	0	0	74.1	
JALIHJ010000106.1 	3	12031 	12103 	Phe	GAA	0	0	76.2	
JALIHJ010000106.1 	4	24019 	24089 	His	GTG	0	0	61.3	
JALIHJ010000106.1 	5	40085 	40155 	Sup	TCA	0	0	59.2	
