Sequence       		tRNA	Bounds	tRNA	Anti	Intron Bounds	Inf	      
Name           	tRNA #	Begin	End 	Type	Codon	Begin	End	Score	Note
--------       	------	-----	------	----	-----	-----	----	------	------
RRYP01000271.1 	1	223 	295 	Glu	TTC	0	0	66.8	
RRYP01000590.1 	1	5083	5154	Ala	CGC	0	0	71.0	
RRYP01000844.1 	1	1073	1144	Pro	CGG	0	0	69.6	
RRYP01000920.1 	1	146 	67  	Leu	AAG	0	0	66.6	
RRYP01001714.1 	1	314 	404 	Tyr	GTA	350	368	63.5	
RRYP01001714.1 	2	504 	591 	Tyr	GTA	541	555	72.8	
RRYP01002530.1 	1	3106	3178	Arg	ACG	0	0	65.4	
RRYP01002864.1 	1	2760	2689	Ala	TGC	0	0	78.1	
RRYP01003396.1 	1	2504	2583	Leu	TAG	0	0	69.8	
RRYP01003416.1 	1	163 	77  	SeC	TCA	0	0	89.8	
RRYP01003615.1 	1	625 	695 	Gly	GCC	0	0	59.9	
RRYP01003701.1 	1	2572	2654	Ser	GCT	0	0	76.9	
RRYP01003838.1 	1	2300	2371	Gly	TCC	0	0	74.7	
RRYP01003983.1 	1	121 	50  	Pro	AGG	0	0	70.4	
RRYP01004362.1 	1	2252	2180	Lys	CTT	0	0	88.1	
RRYP01004629.1 	1	143 	70  	Arg	TCT	0	0	69.7	
RRYP01004834.1 	1	89  	161 	Val	CAC	0	0	73.1	
RRYP01004909.1 	1	217 	300 	Leu	TAA	0	0	62.2	
RRYP01004920.1 	1	211 	283 	Phe	GAA	0	0	87.9	
RRYP01004987.1 	1	2182	2254	Thr	AGT	0	0	73.8	
RRYP01005889.1 	1	2067	1995	Thr	AGT	0	0	73.8	
RRYP01005976.1 	1	272 	354 	Ser	GCT	0	0	76.9	
RRYP01006521.1 	1	1854	1925	Gln	TTG	0	0	72.6	
RRYP01007050.1 	1	161 	89  	Arg	CCT	0	0	66.2	
RRYP01007212.1 	1	1608	1537	Thr	TGT	0	0	80.9	
RRYP01007222.1 	1	138 	59  	Leu	CAG	0	0	69.1	
RRYP01007312.1 	1	154 	82  	Met	CAT	0	0	75.0	
RRYP01007858.1 	1	1428	1500	Ile	TAT	0	0	75.1	
RRYP01009469.1 	1	141 	71  	Gln	CTG	0	0	69.1	
RRYP01011195.1 	1	137 	64  	Val	AAC	0	0	72.8	
RRYP01011419.1 	1	1061	980 	Ser	TGA	0	0	81.8	
RRYP01012488.1 	1	151 	80  	Trp	CCA	0	0	61.9	
RRYP01012569.1 	1	158 	78  	Ser	AGA	0	0	87.3	
RRYP01012736.1 	1	935 	1005	Sup	CTA	0	0	51.2	
RRYP01012801.1 	1	176 	105 	Sup	TTA	0	0	71.5	
RRYP01012820.1 	1	661 	590 	Glu	CTC	0	0	73.1	
RRYP01012820.1 	2	147 	76  	Glu	TTC	0	0	58.8	
RRYP01013248.1 	1	70  	150 	Gly	TCC	0	0	25.6	
RRYP01013248.1 	2	870 	984 	Asn	ATT	907	949	32.3	
RRYP01013873.1 	1	727 	655 	Glu	CTC	0	0	73.4	
RRYP01014330.1 	1	139 	56  	Leu	CAA	0	0	78.1	
RRYP01015003.1 	1	611 	724 	Sup	TTA	648	689	34.4	
RRYP01015165.1 	1	592 	663 	iMet	CAT	0	0	63.4	
RRYP01015430.1 	1	272 	343 	His	GTG	0	0	53.2	
RRYP01015514.1 	1	613 	538 	Ala	CGC	577	572	30.2	
RRYP01015514.1 	2	197 	60  	Ile	AAT	159	95	36.5	
RRYP01015667.1 	1	216 	288 	His	GTG	0	0	27.3	pseudo
RRYP01015681.1 	1	222 	293 	His	GTG	0	0	51.8	
RRYP01015791.1 	1	416 	294 	Lys	TTT	378	330	21.8	pseudo
RRYP01015888.1 	1	448 	579 	Ile	TAT	485	544	39.3	
RRYP01015892.1 	1	458 	529 	Lys	CTT	0	0	41.1	
RRYP01015892.1 	2	139 	67  	Asn	GTT	0	0	59.6	
RRYP01015907.1 	1	426 	550 	Lys	TTT	464	513	23.5	
RRYP01015927.1 	1	137 	65  	Ile	AAT	0	0	81.1	
RRYP01015957.1 	1	452 	524 	Glu	CTC	0	0	73.4	
RRYP01015958.1 	1	452 	524 	Glu	CTC	0	0	73.4	
RRYP01016013.1 	1	447 	340 	Asn	ATT	398	375	23.3	
RRYP01016062.1 	1	393 	313 	Ser	CGA	0	0	81.5	
RRYP01016120.1 	1	137 	65  	Ile	AAT	0	0	81.1	
RRYP01016367.1 	1	161 	86  	Arg	CCT	124	121	20.6	
RRYP01016399.1 	1	345 	415 	Tyr	ATA	0	0	40.5	
RRYP01016399.1 	2	131 	60  	Ile	AAT	0	0	65.3	
RRYP01016407.1 	1	145 	75  	Gly	CCC	0	0	69.5	
RRYP01016468.1 	1	357 	233 	Lys	TTT	320	266	22.2	
RRYP01016475.1 	1	340 	228 	Gln	CTG	304	262	27.9	
RRYP01016481.1 	1	173 	102 	Arg	CCG	0	0	74.5	
RRYP01016501.1 	1	245 	316 	Tyr	GTA	0	0	37.2	pseudo
RRYP01016502.1 	1	240 	310 	Asp	GTC	0	0	55.6	
RRYP01016508.1 	1	210 	279 	Pro	TGG	0	0	27.0	
RRYP01016929.1 	1	3831	3903	Pro	TGG	0	0	67.2	
RRYP01016939.1 	1	247 	175 	Ala	AGC	0	0	59.6	
RRYP01016967.1 	1	2191	2118	Val	TAC	0	0	60.0	
RRYP01017195.1 	1	1353	1282	Asp	GTC	0	0	70.0	
RRYP01017783.1 	1	2481	2552	Thr	CGT	0	0	64.5	
RRYP01018673.1 	1	2   	66  	Lys	CTT	0	0	59.7	
RRYP01021247.1 	1	161 	89  	Val	TAC	0	0	78.2	
RRYP01021888.1 	1	1028	1099	Cys	GCA	0	0	65.4	
RRYP01023408.1 	1	500 	429 	Glu	CTC	0	0	64.7	
RRYP01023466.1 	1	217 	289 	Asn	GTT	0	0	82.3	
RRYP01023546.1 	1	562 	633 	Lys	TTT	0	0	92.0	
RRYP01024153.1 	1	321 	249 	Arg	TCG	0	0	71.3	
RRYP01027033.1 	1	393 	465 	Asn	GTT	0	0	59.2	
RRYP01027033.1 	2	77  	6   	Lys	CTT	0	0	41.1	
RRYP01027982.1 	1	406 	299 	Val	TAC	368	334	29.4	
RRYP01029789.1 	1	1691	1764	Arg	ACG	0	0	61.1	
RRYP01029897.1 	1	2293	2220	Ile	GAT	0	0	78.3	
RRYP01029897.1 	2	2173	2100	Ala	TGC	0	0	67.9	
RRYP01030021.1 	1	825 	898 	Ile	GAT	0	0	76.5	
RRYP01030021.1 	2	914 	986 	Ala	TGC	0	0	68.5	
RRYP01030697.1 	1	2064	2000	Lys	CTT	0	0	59.7	
RRYP01030858.1 	1	1321	1237	Ser	GGA	0	0	43.8	
RRYP01030975.1 	1	98  	27  	Trp	CCA	0	0	59.3	
RRYP01031587.1 	1	437 	366 	Gln	CTG	0	0	46.9	
RRYP01031587.1 	2	316 	244 	Glu	CTC	0	0	52.4	
RRYP01031593.1 	1	1277	1205	Leu	TAA	0	0	61.3	
RRYP01032036.1 	1	1170	1252	Ser	TGA	0	0	45.5	
RRYP01032377.1 	1	1074	1147	Met	CAT	0	0	80.1	
RRYP01032424.1 	1	973 	901 	Thr	GGT	0	0	74.5	
RRYP01032424.1 	2	842 	769 	Met	CAT	0	0	65.1	
RRYP01032667.1 	1	1120	1048	Ile	AAT	0	0	81.1	
RRYP01033140.1 	1	521 	591 	Gly	GCC	0	0	58.6	
RRYP01033610.1 	1	89  	161 	Arg	CCT	0	0	76.0	
RRYP01033832.1 	1	565 	636 	Asn	GTT	0	0	73.1	
RRYP01033889.1 	1	514 	586 	Pro	TGG	0	0	69.2	
RRYP01033889.1 	2	437 	367 	Gly	TCC	0	0	63.3	
RRYP01033922.1 	1	242 	312 	Gln	TTG	0	0	56.0	
RRYP01034800.1 	1	223 	306 	Leu	GAG	0	0	56.2	
RRYP01034852.1 	1	338 	267 	Arg	CCG	0	0	72.1	
RRYP01035320.1 	1	646 	717 	Asp	GTC	0	0	58.6	
RRYP01035797.1 	1	484 	413 	Val	GAC	0	0	68.7	
RRYP01035824.1 	1	227 	154 	Met	CAT	0	0	72.5	
RRYP01036074.1 	1	149 	220 	Thr	TGT	0	0	76.1	
RRYP01036077.1 	1	559 	642 	Leu	GAG	0	0	35.3	
RRYP01036293.1 	1	225 	298 	Arg	TCT	0	0	82.7	
RRYP01036467.1 	1	380 	452 	Gly	GCC	0	0	72.6	
RRYP01036467.1 	2	487 	557 	Cys	GCA	0	0	57.9	
RRYP01036478.1 	1	187 	115 	Lys	CTT	0	0	76.8	
RRYP01036642.1 	1	529 	601 	Thr	AGT	0	0	52.6	pseudo
RRYP01037392.1 	1	257 	186 	Gln	TTG	0	0	57.0	
RRYP01037424.1 	1	620 	538 	Ser	TGA	0	0	41.3	
RRYP01037820.1 	1	490 	417 	Trp	CCA	0	0	53.4	
RRYP01037970.1 	1	228 	140 	Ser	GCT	0	0	45.5	
RRYP01038565.1 	1	169 	95  	Ile	GAT	0	0	66.8	
RRYP01038892.1 	1	213 	132 	Tyr	GTA	0	0	55.5	
RRYP01039390.1 	1	309 	383 	Ile	GAT	0	0	77.1	
RRYP01039390.1 	2	397 	469 	Ala	TGC	0	0	71.6	
RRYP01039488.1 	1	362 	434 	Leu	CAA	0	0	52.3	
RRYP01039599.1 	1	237 	164 	Met	CAT	0	0	69.6	
RRYP01039599.1 	2	144 	72  	Thr	TGT	0	0	73.9	
RRYP01039647.1 	1	78  	150 	His	GTG	0	0	46.9	pseudo
