Sequence       		tRNA  	Bounds	tRNA	Anti	Intron Bounds	Inf	      
Name           	tRNA #	Begin 	End   	Type	Codon	Begin	End	Score	Note
--------       	------	----- 	------	----	-----	-----	----	------	------
NW_004087746.1 	1	204883	204954	Sup	TTA	0	0	75.1	
NW_004087746.1 	2	48981 	48909 	Val	AAC	0	0	72.6	
NW_004087725.1 	1	108   	37    	Asp	GTC	0	0	72.9	
NW_004087723.1 	1	50749 	50820 	Gln	TTG	0	0	68.4	
NW_004087701.1 	1	7677  	7749  	Ala	TGC	0	0	58.7	
NW_004087697.1 	1	15666 	15736 	Gly	GCC	0	0	69.2	
NW_004087629.1 	1	20947 	20876 	Asp	ATC	0	0	38.7	
NW_004087604.1 	1	17419 	17347 	Val	AAC	0	0	72.6	
NW_004087551.1 	1	25095 	25176 	Asn	ATT	0	0	42.3	
NW_004087543.1 	1	3394  	3473  	Leu	TAG	0	0	65.6	
NW_004087487.1 	1	13386 	13315 	Arg	TCT	0	0	72.2	
NW_004087483.1 	1	22617 	22544 	Ile	TAT	0	0	86.5	
NW_004087483.1 	2	22166 	22093 	Ile	TAT	0	0	86.5	
NW_004087239.1 	1	1478  	1407  	Sup	TTA	0	0	75.1	
NW_004087137.1 	1	3974  	4045  	iMet	CAT	0	0	55.3	
NW_004087137.1 	2	3374  	3292  	Ser	TGA	0	0	70.2	
NW_004087063.1 	1	53465 	53392 	Asn	GTT	0	0	85.1	
NW_004087041.1 	1	24675 	24603 	Phe	GAA	0	0	81.2	
NW_004087041.1 	2	22337 	22264 	Ile	AAT	0	0	87.5	
NW_004087037.1 	1	170608	170680	Phe	GAA	0	0	82.3	
NW_004087012.1 	1	3     	74    	Pro	AGG	0	0	55.8	
NW_004086990.1 	1	32372 	32292 	Ser	CGA	0	0	75.0	
NW_004086952.1 	1	36097 	36169 	Thr	CGT	0	0	76.8	
NW_004086944.1 	1	25039 	24968 	Sup	CTA	0	0	69.7	
NW_004086916.1 	1	54251 	54179 	Ala	AGC	0	0	52.3	
NW_004086912.1 	1	17514 	17433 	Ser	TGA	0	0	78.4	
NW_004086884.1 	1	53502 	53573 	Arg	TCT	0	0	72.2	
NW_004086879.1 	1	183   	112   	Asp	GTC	0	0	72.9	
NW_004086873.1 	1	8824  	8895  	Gln	TTG	0	0	63.9	
NW_004086799.1 	1	12505 	12433 	Thr	CGT	0	0	76.8	
NW_004086786.1 	1	19538 	19467 	Gln	CTG	0	0	64.4	
NW_004086730.1 	1	13741 	13820 	Leu	AAG	0	0	64.6	
NW_004086730.1 	2	14431 	14503 	Glu	TTC	0	0	71.7	
NW_004086715.1 	1	1909  	1981  	Ala	AGC	0	0	52.3	
NW_004086618.1 	1	23377 	23449 	His	GTG	0	0	64.1	
NW_004086511.1 	1	10114 	10187 	Asn	GTT	0	0	81.2	
NW_004086491.1 	1	18742 	18814 	Thr	AGT	0	0	77.4	
NW_004086489.1 	1	98950 	99034 	Tyr	GTA	98987	98998	69.2	
NW_004086472.1 	1	68854 	68768 	SeC	TCA	0	0	81.2	
NW_004086459.1 	1	29704 	29775 	Cys	GCA	0	0	73.8	
NW_004086459.1 	2	29886 	29957 	Cys	GCA	0	0	68.6	
NW_004086454.1 	1	43843 	43771 	Ala	TGC	0	0	58.7	
NW_004086444.1 	1	16969 	17040 	Arg	TCT	0	0	72.2	
NW_004086444.1 	2	254639	254568	Asp	GTC	0	0	72.9	
NW_004086444.1 	3	181936	181855	Leu	TAA	0	0	69.0	
NW_004086441.1 	1	39933 	40004 	Sup	CTA	0	0	69.7	
NW_004086439.1 	1	5805  	5885  	Ser	AGA	0	0	75.3	
NW_004086424.1 	1	31539 	31460 	Leu	AAG	0	0	64.6	
NW_004086416.1 	1	21396 	21468 	Trp	CCA	0	0	76.0	
NW_004086412.1 	1	4086  	4167  	Leu	CAA	0	0	69.5	
NW_004086412.1 	2	4258  	4339  	Leu	CAA	0	0	69.5	
NW_004086411.1 	1	114732	114805	Ile	AAT	0	0	87.5	
NW_004086399.1 	1	15689 	15761 	Glu	TTC	0	0	72.9	
NW_004086378.1 	1	82285 	82365 	Ser	AGA	0	0	75.3	
NW_004086366.1 	1	18003 	18074 	Sup	TTA	0	0	75.1	
NW_004086360.1 	1	43492 	43573 	Leu	TAA	0	0	69.9	
NW_004086360.1 	2	79386 	79467 	Leu	TAA	0	0	69.9	
NW_004086354.1 	1	16301 	16371 	Gly	GCC	0	0	69.2	
NW_004086353.1 	1	127447	127519	Thr	TGT	0	0	82.7	
NW_004086346.1 	1	20578 	20506 	Phe	GAA	0	0	82.1	
NW_004086345.1 	1	13225 	13297 	Glu	CTC	0	0	71.6	
NW_004086345.1 	2	17206 	17134 	Val	TAC	0	0	76.9	
NW_004086341.1 	1	23294 	23374 	Ser	AGA	0	0	75.3	
NW_004086340.1 	1	90217 	90146 	Cys	GCA	0	0	75.8	
NW_004086340.1 	2	89439 	89368 	Cys	GCA	0	0	64.1	
NW_004086339.1 	1	29367 	29295 	Ala	AGC	0	0	50.0	
NW_004086338.1 	1	26188 	26267 	Leu	TAG	0	0	65.6	
NW_004086336.1 	1	51998 	52082 	Tyr	GTA	52035	52046	69.0	
NW_004086331.1 	1	63949 	64022 	Ile	AAT	0	0	87.5	
NW_004086331.1 	2	73879 	73951 	Phe	GAA	0	0	82.3	
NW_004086331.1 	3	4840  	4769  	Arg	ACG	0	0	67.8	
NW_004086329.1 	1	87422 	87503 	Leu	TAA	0	0	69.9	
NW_004086321.1 	1	16092 	16163 	Sup	TTA	0	0	75.1	
NW_004086317.1 	1	59005 	59076 	Asp	GTC	0	0	72.9	
NW_004086316.1 	1	10093 	10165 	Ala	CGC	0	0	64.4	
NW_004086313.1 	1	81882 	81952 	Gly	GCC	0	0	69.2	
NW_004086300.1 	1	49761 	49833 	Lys	TTT	0	0	79.0	
NW_004086296.1 	1	2677  	2749  	Lys	TTT	0	0	69.0	
NW_004086293.1 	1	73742 	73670 	Phe	AAA	0	0	25.7	
NW_004086291.1 	1	40099 	40029 	Gly	GCC	0	0	69.2	
NW_004086283.1 	1	50149 	50221 	Glu	TTC	0	0	72.9	
NW_004086277.1 	1	17041 	16960 	Ser	GCT	0	0	76.3	
NW_004086256.1 	1	65832 	65759 	Met	CAT	0	0	85.1	
NW_004086239.1 	1	34183 	34253 	Gly	TCC	0	0	65.5	
NW_004086234.1 	1	14980 	14909 	Pro	TGG	0	0	68.6	
NW_004086233.1 	1	26035 	26116 	Ser	GCT	0	0	76.3	
NW_004086230.1 	1	3924  	3852  	Val	TAC	0	0	76.5	
NW_004086229.1 	1	27053 	26981 	Lys	CTT	0	0	82.3	
NW_004086208.1 	1	3474  	3403  	iMet	CAT	0	0	55.3	
NW_004086203.1 	1	9815  	9736  	Leu	AAG	0	0	67.8	
NW_004086189.1 	1	5791  	5862  	Sup	TTA	0	0	75.1	
NW_004086177.1 	1	59904 	59834 	Gly	TCC	0	0	65.5	
NW_004086162.1 	1	95720 	95792 	Ala	TGC	0	0	58.7	
NW_004086159.1 	1	36743 	36659 	Tyr	GTA	36706	36695	69.2	
NW_004086157.1 	1	29364 	29436 	Lys	TTT	0	0	79.0	
NW_004086143.1 	1	76226 	76155 	Arg	TCT	0	0	72.2	
NW_004086143.1 	2	47847 	47776 	Pro	TGG	0	0	67.8	
NW_004086138.1 	1	31076 	31004 	Lys	TTT	0	0	79.0	
NW_004086136.1 	1	40249 	40322 	Asn	GTT	0	0	85.1	
NW_004086129.1 	1	91486 	91414 	Thr	TGT	0	0	82.7	
NW_004086124.1 	1	26965 	27037 	Val	TAC	0	0	76.9	
NW_004086105.1 	1	27603 	27673 	Gly	GCC	0	0	69.2	
NW_004086103.1 	1	32800 	32728 	Ala	AGC	0	0	52.3	
NW_004086102.1 	1	11612 	11532 	Leu	CAG	0	0	76.6	
NW_004086099.1 	1	43912 	43984 	Thr	AGT	0	0	77.4	
NW_004086099.1 	2	44132 	44204 	Thr	AGT	0	0	77.4	
NW_004086095.1 	1	33795 	33867 	His	GTG	0	0	54.4	
NW_004086088.1 	1	40284 	40212 	Lys	CTT	0	0	82.3	
NW_004086075.1 	1	30280 	30353 	Ile	AAT	0	0	87.5	
NW_004086074.1 	1	124253	124182	Arg	TCG	0	0	53.8	
NW_004086072.1 	1	51309 	51379 	Pro	CGG	0	0	69.4	
NW_004086064.1 	1	144673	144603	Gly	TCC	0	0	65.5	
NW_004086063.1 	1	76442 	76515 	Asn	GTT	0	0	79.8	
NW_004086061.1 	1	25501 	25573 	Glu	TTC	0	0	72.9	
NW_004086061.1 	2	29195 	29280 	Tyr	GTA	29232	29244	69.2	
NW_004086051.1 	1	50895 	50822 	Met	CAT	0	0	85.1	
NW_004086050.1 	1	56816 	56886 	Gly	TCC	0	0	65.5	
NW_004086040.1 	1	77916 	77989 	Ile	AAT	0	0	87.5	
NW_004086040.1 	2	41616 	41544 	Thr	TGT	0	0	82.7	
NW_004086033.1 	1	1788  	1861  	Asn	GTT	0	0	81.6	
NW_004086029.1 	1	13910 	13983 	Met	CAT	0	0	85.6	
NW_004086026.1 	1	29462 	29390 	Val	TAC	0	0	76.9	
NW_004086001.1 	1	4662  	4581  	Ser	GCT	0	0	76.3	
NW_004086000.1 	1	29405 	29477 	Lys	CTT	0	0	82.3	
NW_004085993.1 	1	2054  	1974  	Ser	AGA	0	0	75.3	
NW_004085979.1 	1	41123 	41195 	His	GTG	0	0	54.4	
NW_004085975.1 	1	83036 	83108 	Trp	CCA	0	0	67.8	
NW_004085952.1 	1	91441 	91368 	Asn	GTT	0	0	85.1	
NW_004085941.1 	1	141316	141387	Arg	CCT	0	0	62.0	
NW_004085938.1 	1	26280 	26208 	Lys	TTT	0	0	79.0	
NW_004085932.1 	1	16742 	16814 	Ala	AGC	0	0	47.5	
NW_004085932.1 	2	16546 	16475 	Sup	TTA	0	0	75.1	
NW_004085929.1 	1	3718  	3646  	Val	AAC	0	0	72.3	
NW_004085913.1 	1	32627 	32700 	Asn	GTT	0	0	87.3	
NW_004085911.1 	1	117694	117765	Arg	TCT	0	0	72.2	
NW_004085897.1 	1	37422 	37493 	Asp	GTC	0	0	57.3	
NW_004085894.1 	1	46305 	46375 	Arg	CCG	0	0	52.7	
NW_004085886.1 	1	21871 	21799 	Trp	CCA	0	0	70.4	
NW_004085885.1 	1	87772 	87844 	Glu	TTC	0	0	71.7	
NW_004085885.1 	2	100736	100664	Glu	TTC	0	0	60.3	
NW_004085885.1 	3	100532	100460	Glu	TTC	0	0	62.6	
NW_004085883.1 	1	3952  	4033  	Leu	TAA	0	0	69.9	
NW_004085874.1 	1	17045 	17117 	Lys	TTT	0	0	79.0	
NW_004085874.1 	2	17344 	17416 	Lys	TTT	0	0	79.0	
NW_004085874.1 	3	19467 	19539 	Lys	TTT	0	0	79.0	
NW_004087500.1 	1	1161  	1233  	Val	AAC	0	0	72.3	
NW_004087378.1 	1	2377  	2448  	Pro	AGG	0	0	55.8	
NW_004087334.1 	1	343   	271   	Val	AAC	0	0	69.8	
NW_004087198.1 	1	587   	659   	Val	CAC	0	0	76.9	
NW_004086703.1 	1	1583  	1511  	Thr	AGT	0	0	77.4	
