Sequence 		tRNA  	Bounds	tRNA	Anti	Intron Bounds	Inf	      
Name     	tRNA #	Begin 	End   	Type	Codon	Begin	End	Score	Note
-------- 	------	----- 	------	----	-----	-----	----	------	------
L43967.2 	1	257158	257234	Cys	GCA	0	0	60.0	
L43967.2 	2	257269	257345	Pro	TGG	0	0	83.1	
L43967.2 	3	257349	257425	Met	CAT	0	0	81.0	
L43967.2 	4	257445	257521	Ile2	CAT	0	0	74.3	
L43967.2 	5	257559	257650	Ser	TGA	0	0	76.9	
L43967.2 	6	257664	257740	fMet	CAT	0	0	78.9	
L43967.2 	7	257742	257815	Asp	GTC	0	0	55.6	
L43967.2 	8	257818	257893	Phe	GAA	0	0	77.8	
L43967.2 	9	266423	266499	Arg	GCG	0	0	65.2	
L43967.2 	10	306617	306691	Arg	CCT	0	0	54.4	
L43967.2 	11	306740	306813	Trp	CCA	0	0	75.5	
L43967.2 	12	349128	349202	Sup	TCA	0	0	70.7	
L43967.2 	13	399868	399958	Ser	GGA	0	0	70.9	
L43967.2 	14	399960	400048	Ser	CGA	0	0	78.7	
L43967.2 	15	445078	445153	His	GTG	0	0	71.9	
L43967.2 	16	448783	448864	Leu	CAA	0	0	59.5	
L43967.2 	17	480315	480240	Arg	TCT	0	0	73.5	
L43967.2 	18	446265	446178	Leu	GAG	0	0	63.4	
L43967.2 	19	403701	403627	Asn	GTT	0	0	84.0	
L43967.2 	20	403620	403544	Glu	TTC	0	0	58.9	
L43967.2 	21	403541	403467	Thr	CGT	0	0	80.2	
L43967.2 	22	403458	403383	Val	TAC	0	0	81.7	
L43967.2 	23	403381	403306	Thr	TGT	0	0	90.9	
L43967.2 	24	403299	403224	Lys	CTT	0	0	81.4	
L43967.2 	25	403218	403134	Leu	TAG	0	0	64.0	
L43967.2 	26	344337	344251	Tyr	GTA	0	0	72.6	
L43967.2 	27	344246	344172	Gln	TTG	0	0	70.6	
L43967.2 	28	344125	344051	Lys	TTT	0	0	74.0	
L43967.2 	29	344050	343965	Leu	TAA	0	0	72.3	
L43967.2 	30	343957	343884	Gly	TCC	0	0	73.6	
L43967.2 	31	315377	315301	Arg	TCG	0	0	73.0	
L43967.2 	32	304965	304892	Gly	GCC	0	0	80.2	
L43967.2 	33	240286	240213	Thr	GGT	0	0	61.8	
L43967.2 	34	70481 	70393 	Ser	GCT	0	0	76.9	
L43967.2 	35	15451 	15375 	Ile	GAT	0	0	84.3	
L43967.2 	36	15369 	15294 	Ala	TGC	0	0	68.8	
