Sequence      		tRNA  	Bounds	tRNA	Anti	Intron Bounds	Inf	      
Name          	tRNA #	Begin 	End   	Type	Codon	Begin	End	Score	Note
--------      	------	----- 	------	----	-----	-----	----	------	------
NZ_OU342337.1 	1	357325	357401	Cys	GCA	0	0	60.0	
NZ_OU342337.1 	2	357453	357529	Pro	TGG	0	0	83.1	
NZ_OU342337.1 	3	357534	357610	Met	CAT	0	0	82.2	
NZ_OU342337.1 	4	357621	357696	Ile2	CAT	0	0	74.7	
NZ_OU342337.1 	5	357737	357827	Ser	TGA	0	0	78.9	
NZ_OU342337.1 	6	357840	357916	fMet	CAT	0	0	77.7	
NZ_OU342337.1 	7	357918	357991	Asp	GTC	0	0	55.6	
NZ_OU342337.1 	8	357993	358068	Phe	GAA	0	0	77.8	
NZ_OU342337.1 	9	372165	372241	Arg	GCG	0	0	65.2	
NZ_OU342337.1 	10	428366	428440	Arg	CCT	0	0	55.1	
NZ_OU342337.1 	11	428514	428587	Trp	CCA	0	0	74.2	
NZ_OU342337.1 	12	484733	484807	Sup	TCA	0	0	70.7	
NZ_OU342337.1 	13	552482	552572	Ser	GGA	0	0	69.6	
NZ_OU342337.1 	14	552574	552662	Ser	CGA	0	0	75.0	
NZ_OU342337.1 	15	555975	556063	Ser	CGA	0	0	45.4	
NZ_OU342337.1 	16	641253	641328	His	GTG	0	0	71.9	
NZ_OU342337.1 	17	646252	646333	Leu	CAA	0	0	59.5	
NZ_OU342337.1 	18	677815	677740	Arg	TCT	0	0	74.8	
NZ_OU342337.1 	19	642395	642310	Leu	GAG	0	0	65.6	
NZ_OU342337.1 	20	559970	559896	Asn	GTT	0	0	84.0	
NZ_OU342337.1 	21	559887	559811	Glu	TTC	0	0	58.9	
NZ_OU342337.1 	22	559809	559735	Thr	CGT	0	0	81.5	
NZ_OU342337.1 	23	559727	559652	Val	TAC	0	0	81.7	
NZ_OU342337.1 	24	559650	559575	Thr	TGT	0	0	89.8	
NZ_OU342337.1 	25	559562	559487	Lys	CTT	0	0	85.2	
NZ_OU342337.1 	26	559482	559398	Leu	TAG	0	0	65.3	
NZ_OU342337.1 	27	480074	479988	Tyr	GTA	0	0	72.9	
NZ_OU342337.1 	28	479982	479908	Gln	TTG	0	0	70.6	
NZ_OU342337.1 	29	479864	479790	Lys	TTT	0	0	77.0	
NZ_OU342337.1 	30	479789	479704	Leu	TAA	0	0	70.5	
NZ_OU342337.1 	31	479697	479624	Gly	TCC	0	0	69.3	
NZ_OU342337.1 	32	450675	450599	Arg	TCG	0	0	74.9	
NZ_OU342337.1 	33	426730	426657	Gly	GCC	0	0	78.9	
NZ_OU342337.1 	34	156403	156330	Thr	GGT	0	0	62.8	
NZ_OU342337.1 	35	93138 	93050 	Ser	GCT	0	0	76.9	
NZ_OU342337.1 	36	19231 	19155 	Ile	GAT	0	0	84.3	
NZ_OU342337.1 	37	19149 	19074 	Ala	TGC	0	0	68.8	
