Sequence       		tRNA	Bounds	tRNA	Anti	Intron Bounds	Inf	      
Name           	tRNA #	Begin	End 	Type	Codon	Begin	End	Score	Note
--------       	------	-----	------	----	-----	-----	----	------	------
AMCR01000981.1 	1	270 	199 	Undet	NNN	0	0	35.2	
AMCR01001217.1 	1	202 	131 	Pro	AGG	0	0	64.8	
AMCR01001357.1 	1	2365	2436	Pro	AGG	0	0	64.8	
AMCR01001705.1 	1	264 	194 	Sup	CTA	0	0	51.1	
AMCR01002513.1 	1	2907	2836	Ala	TGC	0	0	78.7	
AMCR01003259.1 	1	1860	1777	Leu	TAA	0	0	66.9	
AMCR01003377.1 	1	2100	2020	Ser	AGA	0	0	85.8	
AMCR01003564.1 	1	2033	1962	Thr	TGT	0	0	78.3	
AMCR01003816.1 	1	2100	2020	Ser	AGA	0	0	85.8	
AMCR01004764.1 	1	3019	3098	Leu	AAG	0	0	68.5	
AMCR01004774.1 	1	218 	289 	Thr	CGT	0	0	66.6	
AMCR01005077.1 	1	1098	1027	iMet	CAT	0	0	62.5	
AMCR01005077.1 	2	234 	163 	iMet	CAT	0	0	62.5	
AMCR01005093.1 	1	204 	122 	Ser	GCT	0	0	76.3	
AMCR01005556.1 	1	2150	2077	Val	AAC	0	0	69.5	
AMCR01005734.1 	1	4966	4894	Val	TAC	0	0	77.3	
AMCR01006039.1 	1	1758	1677	Ser	TGA	0	0	81.5	
AMCR01006140.1 	1	2820	2892	Trp	CCA	0	0	27.0	
AMCR01006188.1 	1	4313	4241	Glu	TTC	0	0	66.8	
AMCR01006616.1 	1	2093	2172	Leu	TAG	0	0	70.0	
AMCR01006701.1 	1	1155	1084	His	GTG	0	0	49.2	
AMCR01006769.1 	1	188 	116 	Pro	TGG	0	0	62.0	
AMCR01007133.1 	1	629 	701 	Ile	AAT	0	0	81.1	
AMCR01007394.1 	1	184 	256 	Thr	AGT	0	0	75.3	
AMCR01007511.1 	1	260 	189 	Asp	GTC	0	0	70.0	
AMCR01007709.1 	1	2034	1963	Thr	TGT	0	0	78.3	
AMCR01007712.1 	1	834 	906 	Ala	AGC	0	0	57.3	
AMCR01007832.1 	1	6350	6420	Sup	CTA	0	0	51.1	
AMCR01008230.1 	1	2131	2059	Trp	CCA	0	0	69.6	
AMCR01008381.1 	1	2095	2174	Leu	TAG	0	0	70.0	
AMCR01008888.1 	1	1275	1345	Gly	GCC	0	0	63.1	
AMCR01009446.1 	1	1956	2027	Thr	TGT	0	0	78.3	
AMCR01009536.1 	1	453 	367 	SeC	TCA	0	0	96.3	
AMCR01009544.1 	1	1488	1416	Glu	TTC	0	0	66.8	
AMCR01009556.1 	1	2373	2444	Pro	AGG	0	0	64.8	
AMCR01009879.1 	1	218 	290 	Lys	CTT	0	0	86.2	
AMCR01010294.1 	1	256 	185 	Lys	TTT	0	0	88.1	
AMCR01010342.1 	1	1867	1948	Ser	TGA	0	0	81.5	
AMCR01010612.1 	1	825 	882 	Gly	GCC	0	0	26.9	pseudo
AMCR01011602.1 	1	1764	1692	Met	CAT	0	0	72.5	
AMCR01011605.1 	1	670 	598 	Phe	GAA	0	0	85.1	
AMCR01011634.1 	1	489 	417 	Asn	GTT	0	0	82.4	
AMCR01011744.1 	1	2347	2429	Ser	GCT	0	0	76.3	
AMCR01011881.1 	1	6304	6376	Arg	ACG	0	0	65.4	
AMCR01012002.1 	1	285 	214 	Gln	TTG	0	0	70.2	
AMCR01012125.1 	1	224 	295 	Gly	TCC	0	0	74.4	
AMCR01012246.1 	1	3901	3972	Pro	CGG	0	0	69.3	
AMCR01012269.1 	1	3299	3229	Gly	GCC	0	0	63.1	
AMCR01012340.1 	1	229 	301 	Lys	CTT	0	0	86.2	
AMCR01012352.1 	1	131 	203 	Val	CAC	0	0	72.3	
AMCR01012639.1 	1	6083	6169	SeC	TCA	0	0	96.3	
AMCR01012689.1 	1	204 	122 	Ser	GCT	0	0	76.3	
AMCR01012814.1 	1	444 	515 	His	GTG	0	0	49.2	
AMCR01012987.1 	1	192 	107 	Tyr	GTA	155	143	64.4	
AMCR01013315.1 	1	2095	2174	Leu	TAG	0	0	70.0	
AMCR01013443.1 	1	1770	1698	Met	CAT	0	0	72.5	
AMCR01013564.1 	1	398 	468 	Gln	CTG	0	0	70.1	
AMCR01013624.1 	1	2347	2429	Ser	GCT	0	0	76.3	
AMCR01013869.1 	1	2696	2625	Ala	TGC	0	0	78.7	
AMCR01013918.1 	1	179 	251 	Arg	TCT	0	0	72.8	
AMCR01014309.1 	1	637 	709 	Pro	TGG	0	0	62.0	
AMCR01014905.1 	1	272 	202 	Sup	CTA	0	0	51.1	
AMCR01015346.1 	1	834 	906 	Ala	AGC	0	0	57.3	
AMCR01015392.1 	1	231 	148 	Leu	CAA	0	0	70.8	
AMCR01015881.1 	1	398 	316 	Ser	GCT	0	0	76.3	
AMCR01016187.1 	1	3039	2967	Lys	CTT	0	0	86.2	
AMCR01016876.1 	1	272 	202 	Sup	CTA	0	0	51.1	
AMCR01017001.1 	1	5098	5169	Asp	GTC	0	0	70.0	
AMCR01017590.1 	1	4082	4010	Phe	GAA	0	0	85.1	
AMCR01017718.1 	1	2533	2462	Undet	NNN	0	0	36.4	
AMCR01018228.1 	1	248 	177 	Lys	TTT	0	0	88.1	
AMCR01018240.1 	1	7663	7582	Ser	CGA	0	0	78.8	
AMCR01018440.1 	1	269 	341 	Asn	GTT	0	0	82.4	
AMCR01018471.1 	1	465 	393 	Asn	GTT	0	0	82.4	
AMCR01018507.1 	1	3360	3432	Ile	TAT	0	0	79.0	
AMCR01018515.1 	1	489 	568 	Leu	CAG	0	0	68.8	
AMCR01019367.1 	1	6076	6148	Arg	CCT	0	0	66.2	
AMCR01019372.1 	1	5719	5790	Sup	TTA	0	0	70.8	
AMCR01019623.1 	1	5123	5195	Arg	TCG	0	0	70.9	
AMCR01019757.1 	1	1677	1749	Ala	AGC	0	0	57.3	
AMCR01019896.1 	1	4082	4010	Phe	GAA	0	0	85.1	
AMCR01019897.1 	1	4247	4175	Phe	GAA	0	0	85.1	
AMCR01020247.1 	1	2245	2166	Leu	TAG	0	0	70.0	
AMCR01020256.1 	1	1678	1750	Ala	AGC	0	0	57.3	
AMCR01020946.1 	1	1834	1762	Arg	TCT	0	0	72.8	
AMCR01021378.1 	1	1478	1549	Cys	GCA	0	0	78.4	
AMCR01021585.1 	1	184 	256 	Glu	CTC	0	0	72.0	
AMCR01021672.1 	1	217 	147 	Sup	CTA	0	0	55.7	
AMCR01021714.1 	1	260 	189 	Asp	GTC	0	0	70.0	
AMCR01021753.1 	1	207 	136 	Pro	AGG	0	0	64.8	
AMCR01021953.1 	1	226 	297 	His	GTG	0	0	49.2	
AMCR01022038.1 	1	1050	979 	Ala	CGC	0	0	77.0	
AMCR01022208.1 	1	1024	953 	Ala	CGC	0	0	77.0	
AMCR01022250.1 	1	199 	271 	Trp	CCA	0	0	69.6	
