Sequence       		tRNA  	Bounds	tRNA	Anti	Intron Bounds	Inf	      
Name           	tRNA #	Begin 	End   	Type	Codon	Begin	End	Score	Note
--------       	------	----- 	------	----	-----	-----	----	------	------
LDAU01000100.1 	1	66574 	66645 	Sup	CTA	0	0	44.1	
LDAU01000252.1 	1	6793  	6723  	Asn	GTT	0	0	58.1	
LDAU01000116.1 	1	141114	141041	Ile	TAT	0	0	62.4	
LDAU01000232.1 	1	357420	357334	SeC	TCA	0	0	100.5	
LDAU01000232.1 	2	259136	259065	Met	CAT	0	0	68.4	
LDAU01000085.1 	1	337252	337335	Tyr	GTA	337288	337299	68.8	
LDAU01000085.1 	2	368508	368425	Tyr	GTA	368472	368461	68.8	
LDAU01000033.1 	1	37741 	37811 	Gly	GCC	0	0	56.5	
LDAU01000033.1 	2	38201 	38271 	Gly	GCC	0	0	56.5	
LDAU01000109.1 	1	439951	440023	Arg	TCT	0	0	78.0	
LDAU01000179.1 	1	133348	133419	His	GTG	0	0	53.3	
LDAU01000179.1 	2	133757	133828	His	GTG	0	0	53.3	
LDAU01000179.1 	3	134139	134210	His	GTG	0	0	53.3	
LDAU01000179.1 	4	134322	134393	His	GTG	0	0	53.3	
LDAU01000137.1 	1	19254 	19183 	Arg	TCG	0	0	53.5	
LDAU01000183.1 	1	10407 	10478 	Asp	GTC	0	0	64.0	
LDAU01000183.1 	2	10656 	10727 	Asp	GTC	0	0	64.0	
LDAU01000183.1 	3	311368	311288	Ser	AGA	0	0	57.6	
LDAU01000183.1 	4	311111	311031	Ser	AGA	0	0	57.6	
LDAU01000183.1 	5	310942	310862	Ser	TGA	0	0	60.4	
LDAU01000183.1 	6	58953 	58882 	Asp	GTC	0	0	64.0	
LDAU01000183.1 	7	58702 	58631 	Asp	GTC	0	0	64.0	
LDAU01000019.1 	1	44653 	44726 	Ile	AAT	0	0	67.8	
LDAU01000019.1 	2	44906 	44979 	Ile	AAT	0	0	64.9	
LDAU01000019.1 	3	45280 	45353 	Ile	AAT	0	0	67.8	
LDAU01000019.1 	4	45483 	45556 	Ile	AAT	0	0	67.8	
LDAU01000019.1 	5	45699 	45772 	Ile	AAT	0	0	67.8	
LDAU01000019.1 	6	45928 	46001 	Ile	AAT	0	0	67.8	
LDAU01000102.1 	1	221493	221564	Sup	TTA	0	0	56.0	
LDAU01000102.1 	2	221892	221963	Sup	TTA	0	0	56.0	
LDAU01000102.1 	3	230838	230909	Sup	TTA	0	0	56.0	
LDAU01000102.1 	4	242174	242245	Sup	TTA	0	0	56.0	
LDAU01000102.1 	5	242445	242516	Sup	TTA	0	0	56.0	
LDAU01000102.1 	6	242678	242749	Sup	TTA	0	0	56.0	
LDAU01000102.1 	7	242916	242987	Sup	TTA	0	0	56.0	
LDAU01000102.1 	8	331344	331414	Asn	GTT	0	0	58.1	
LDAU01000102.1 	9	266449	266378	Glu	CTC	0	0	74.2	
LDAU01000170.1 	1	640038	640108	Phe	GAA	0	0	48.3	
LDAU01000170.1 	2	653302	653372	Phe	GAA	0	0	48.3	
LDAU01000170.1 	3	653569	653639	Phe	GAA	0	0	48.3	
LDAU01000170.1 	4	785873	785801	Ala	AGC	0	0	43.6	
LDAU01000170.1 	5	785587	785515	Ala	AGC	0	0	43.6	
LDAU01000170.1 	6	276172	276102	Trp	CCA	0	0	66.7	
LDAU01000170.1 	7	275705	275635	Trp	CCA	0	0	66.7	
LDAU01000170.1 	8	275284	275214	Trp	CCA	0	0	66.7	
LDAU01000170.1 	9	50886 	50816 	Gly	GCC	0	0	55.7	
LDAU01000170.1 	10	50554 	50484 	Gly	GCC	0	0	55.7	
LDAU01000166.1 	1	14833 	14762 	Met	CAT	0	0	65.9	
LDAU01000073.1 	1	169385	169315	Trp	CCA	0	0	66.7	
LDAU01000055.1 	1	186635	186563	Thr	TGT	0	0	62.5	
LDAU01000055.1 	2	181156	181084	Thr	TGT	0	0	62.5	
LDAU01000181.1 	1	330937	331008	Met	CAT	0	0	68.4	
LDAU01000181.1 	2	333061	333132	Met	CAT	0	0	68.4	
LDAU01000181.1 	3	24917 	24847 	Phe	GAA	0	0	48.3	
LDAU01000254.1 	1	127407	127334	Ile	AAT	0	0	67.8	
LDAU01000152.1 	1	197082	197155	Ile	TAT	0	0	62.4	
LDAU01000152.1 	2	209353	209280	Ile	TAT	0	0	62.4	
LDAU01000152.1 	3	197447	197374	Ile	TAT	0	0	62.4	
LDAU01000152.1 	4	121027	120954	Ile	AAT	0	0	67.8	
LDAU01000165.1 	1	14305 	14376 	Glu	TTC	0	0	58.0	
LDAU01000104.1 	1	100627	100699	Thr	AGT	0	0	77.2	
LDAU01000104.1 	2	129248	129320	Thr	AGT	0	0	77.2	
LDAU01000104.1 	3	129539	129611	Thr	AGT	0	0	77.2	
LDAU01000104.1 	4	129771	129843	Thr	AGT	0	0	77.2	
LDAU01000104.1 	5	209375	209446	Leu	AAG	0	0	69.7	
LDAU01000104.1 	6	279741	279814	Lys	TTT	0	0	47.6	
LDAU01000104.1 	7	255429	255356	Lys	TTT	0	0	47.6	
LDAU01000104.1 	8	130336	130264	Thr	AGT	0	0	77.2	
LDAU01000104.1 	9	130075	130003	Thr	AGT	0	0	77.2	
LDAU01000104.1 	10	128902	128830	Thr	AGT	0	0	77.2	
LDAU01000104.1 	11	128606	128534	Thr	AGT	0	0	77.2	
LDAU01000214.1 	1	312558	312631	Lys	TTT	0	0	47.6	
LDAU01000214.1 	2	314825	314898	Lys	TTT	0	0	47.6	
LDAU01000214.1 	3	315043	315116	Lys	TTT	0	0	47.6	
LDAU01000214.1 	4	315301	315374	Lys	TTT	0	0	47.6	
LDAU01000214.1 	5	434779	434850	Sup	TTA	0	0	56.0	
LDAU01000214.1 	6	314660	314587	Lys	TTT	0	0	47.6	
LDAU01000214.1 	7	313978	313905	Lys	TTT	0	0	47.6	
LDAU01000214.1 	8	313723	313650	Lys	TTT	0	0	47.6	
LDAU01000214.1 	9	313557	313484	Lys	TTT	0	0	47.6	
LDAU01000214.1 	10	312832	312759	Lys	TTT	0	0	47.6	
LDAU01000044.1 	1	400091	400021	Pro	AGG	0	0	50.2	
LDAU01000131.1 	1	277042	276970	Leu	CAA	0	0	53.7	
LDAU01000147.1 	1	368   	298   	Gly	TCC	0	0	62.9	
LDAU01000112.1 	1	27545 	27475 	Gly	TCC	0	0	62.9	
LDAU01000189.1 	1	196650	196578	Ala	TGC	0	0	37.0	
LDAU01000065.1 	1	76284 	76213 	Arg	CCT	0	0	63.1	
LDAU01000192.1 	1	146967	147037	Asn	GTT	0	0	58.1	
LDAU01000129.1 	1	376650	376579	Sup	CTA	0	0	61.1	
LDAU01000129.1 	2	294600	294530	Gly	TCC	0	0	62.9	
LDAU01000126.1 	1	237169	237239	Pro	AGG	0	0	50.2	
LDAU01000126.1 	2	237553	237483	Pro	AGG	0	0	50.2	
LDAU01000126.1 	3	236904	236834	Pro	AGG	0	0	50.2	
LDAU01000051.1 	1	6322  	6394  	Cys	GCA	0	0	53.4	
LDAU01000227.1 	1	20468 	20397 	Glu	TTC	0	0	58.0	
LDAU01000096.1 	1	4361  	4291  	Asn	GTT	0	0	58.1	
LDAU01000088.1 	1	174087	174159	Leu	TAA	0	0	69.3	
LDAU01000088.1 	2	174316	174388	Leu	TAA	0	0	69.3	
LDAU01000088.1 	3	174585	174657	Leu	TAA	0	0	69.3	
LDAU01000088.1 	4	174803	174875	Leu	TAA	0	0	69.3	
LDAU01000088.1 	5	175597	175525	Leu	TAA	0	0	69.3	
LDAU01000088.1 	6	175341	175269	Leu	TAA	0	0	69.3	
LDAU01000088.1 	7	173770	173698	Leu	TAA	0	0	69.3	
LDAU01000088.1 	8	173541	173469	Leu	TAA	0	0	69.3	
LDAU01000161.1 	1	202931	203004	Lys	CTT	0	0	51.5	
LDAU01000161.1 	2	202607	202534	Lys	CTT	0	0	51.5	
LDAU01000081.1 	1	89788 	89716 	Leu	CAA	0	0	52.7	
LDAU01000053.1 	1	552430	552360	Gly	TCC	0	0	62.9	
LDAU01000115.1 	1	151468	151388	Ser	AGA	0	0	57.6	
LDAU01000098.1 	1	86586 	86657 	Sup	TTA	0	0	56.0	
LDAU01000098.1 	2	287416	287489	Lys	TTT	0	0	47.6	
LDAU01000098.1 	3	364031	364101	Asn	GTT	0	0	58.1	
LDAU01000098.1 	4	364986	365056	Asn	GTT	0	0	58.1	
LDAU01000098.1 	5	364623	364553	Asn	GTT	0	0	58.1	
LDAU01000098.1 	6	364331	364261	Asn	GTT	0	0	58.1	
LDAU01000187.1 	1	31282 	31211 	Gln	CTG	0	0	60.3	
LDAU01000076.1 	1	192346	192417	Asp	GTC	0	0	64.4	
LDAU01000076.1 	2	192569	192640	Asp	GTC	0	0	64.4	
LDAU01000097.1 	1	43766 	43838 	Ala	CGC	0	0	33.0	pseudo
LDAU01000157.1 	1	7906  	7979  	Lys	TTT	0	0	47.6	
LDAU01000110.1 	1	61782 	61852 	Pro	TGG	0	0	54.8	
LDAU01000110.1 	2	1602867	1602939	Arg	TCT	0	0	78.0	
LDAU01000110.1 	3	1716745	1716674	Sup	TTA	0	0	56.0	
LDAU01000110.1 	4	1696471	1696400	Sup	TTA	0	0	56.0	
LDAU01000110.1 	5	1540950	1540877	Ile	AAT	0	0	67.8	
LDAU01000110.1 	6	1540690	1540617	Ile	AAT	0	0	67.8	
LDAU01000110.1 	7	262616	262545	Gln	TTG	0	0	57.8	
LDAU01000084.1 	1	259230	259157	Lys	CTT	0	0	51.5	
LDAU01000084.1 	2	111948	111875	Lys	TTT	0	0	47.6	
LDAU01000084.1 	3	42061 	41989 	Arg	TCT	0	0	78.0	
LDAU01000084.1 	4	41790 	41718 	Arg	TCT	0	0	78.0	
LDAU01000090.1 	1	238347	238419	Arg	TCT	0	0	79.7	
LDAU01000090.1 	2	238576	238648	Arg	TCT	0	0	78.0	
LDAU01000090.1 	3	238790	238862	Arg	TCT	0	0	78.0	
LDAU01000090.1 	4	238974	239046	Arg	TCT	0	0	78.0	
LDAU01000090.1 	5	238044	237972	Arg	TCT	0	0	78.0	
LDAU01000090.1 	6	237417	237345	Arg	TCT	0	0	78.0	
LDAU01000196.1 	1	157368	157296	Ala	AGC	0	0	43.6	
LDAU01000220.1 	1	137900	137972	Arg	TCT	0	0	78.0	
LDAU01000159.1 	1	122572	122655	Tyr	GTA	122608	122619	68.8	
LDAU01000159.1 	2	452003	452074	Glu	TTC	0	0	58.0	
LDAU01000159.1 	3	438972	438902	Pro	AGG	0	0	50.2	
LDAU01000159.1 	4	123038	122955	Tyr	GTA	123002	122991	68.8	
LDAU01000204.1 	1	306603	306673	Gly	TCC	0	0	62.9	
LDAU01000204.1 	2	306901	306971	Gly	TCC	0	0	62.9	
LDAU01000204.1 	3	307171	307241	Gly	TCC	0	0	62.9	
LDAU01000204.1 	4	534553	534483	Gly	TCC	0	0	62.9	
LDAU01000204.1 	5	534297	534227	Gly	TCC	0	0	62.9	
LDAU01000204.1 	6	534036	533966	Gly	TCC	0	0	62.9	
LDAU01000204.1 	7	533744	533674	Gly	TCC	0	0	62.9	
LDAU01000204.1 	8	533487	533417	Gly	TCC	0	0	62.9	
LDAU01000058.1 	1	118956	119027	Asp	GTC	0	0	64.0	
LDAU01000058.1 	2	119218	119289	Asp	GTC	0	0	64.0	
LDAU01000058.1 	3	128581	128652	Asp	GTC	0	0	64.0	
LDAU01000058.1 	4	187512	187440	Arg	TCT	0	0	78.0	
LDAU01000176.1 	1	90984 	90904 	Ser	CGA	0	0	58.6	
LDAU01000121.1 	1	264659	264586	Lys	TTT	0	0	47.6	
LDAU01000040.1 	1	176150	176221	Gln	TTG	0	0	66.1	
LDAU01000040.1 	2	176458	176529	Gln	TTG	0	0	66.1	
LDAU01000040.1 	3	176882	176953	Gln	TTG	0	0	66.1	
LDAU01000040.1 	4	708800	708873	Lys	TTT	0	0	47.6	
LDAU01000024.1 	1	49734 	49663 	Glu	TTC	0	0	58.0	
LDAU01000141.1 	1	635   	565   	Val	AAC	0	0	42.8	pseudo
LDAU01000087.1 	1	111816	111889	Ile	TAT	0	0	62.4	
LDAU01000148.1 	1	88325 	88396 	Met	CAT	0	0	68.4	
LDAU01000225.1 	1	83084 	83164 	Ser	AGA	0	0	57.6	
LDAU01000225.1 	2	83851 	83931 	Ser	AGA	0	0	57.6	
LDAU01000225.1 	3	84035 	84115 	Ser	TGA	0	0	60.4	
LDAU01000225.1 	4	166169	166098	Asp	GTC	0	0	64.0	
LDAU01000225.1 	5	165926	165855	Asp	GTC	0	0	64.0	
LDAU01000225.1 	6	165708	165637	Asp	GTC	0	0	64.0	
LDAU01000225.1 	7	165497	165426	Asp	GTC	0	0	64.0	
LDAU01000225.1 	8	162534	162463	Asp	GTC	0	0	64.0	
LDAU01000225.1 	9	83565 	83485 	Ser	AGA	0	0	57.6	
LDAU01000225.1 	10	83388 	83308 	Ser	AGA	0	0	57.6	
LDAU01000225.1 	11	79032 	78960 	Leu	CAA	0	0	53.7	
LDAU01000180.1 	1	595864	595936	Cys	GCA	0	0	52.7	
LDAU01000180.1 	2	299156	299086	Pro	CGG	0	0	51.1	
LDAU01000105.1 	1	23856 	23928 	Ala	TGC	0	0	37.0	
LDAU01000105.1 	2	111908	111980	Arg	TCT	0	0	34.9	
LDAU01000105.1 	3	560662	560734	Leu	CAA	0	0	53.7	
LDAU01000105.1 	4	593791	593719	Leu	TAA	0	0	69.3	
LDAU01000155.1 	1	8015  	8088  	Lys	TTT	0	0	47.6	
LDAU01000155.1 	2	124742	124814	Arg	TCT	0	0	78.0	
LDAU01000155.1 	3	197996	198068	Met	CAT	0	0	50.7	
LDAU01000155.1 	4	198929	198857	Met	CAT	0	0	50.7	
LDAU01000155.1 	5	198297	198225	Met	CAT	0	0	50.7	
LDAU01000079.1 	1	59988 	60060 	Leu	TAA	0	0	69.3	
LDAU01000079.1 	2	36824 	36751 	Ile	AAT	0	0	67.8	
LDAU01000078.1 	1	73172 	73102 	Asn	GTT	0	0	58.1	
LDAU01000095.1 	1	116550	116480	Phe	GAA	0	0	48.3	
LDAU01000095.1 	2	116132	116062	Phe	GAA	0	0	48.3	
LDAU01000095.1 	3	115847	115777	Phe	GAA	0	0	48.3	
LDAU01000143.1 	1	32002 	32073 	Glu	TTC	0	0	58.0	
LDAU01000229.1 	1	133726	133655	His	GTG	0	0	53.3	
LDAU01000077.1 	1	57887 	57957 	Phe	GAA	0	0	48.3	
LDAU01000194.1 	1	443416	443333	Tyr	GTA	443380	443369	68.8	
LDAU01000194.1 	2	442904	442821	Tyr	GTA	442868	442857	68.8	
LDAU01000194.1 	3	440254	440171	Tyr	GTA	440218	440207	68.8	
LDAU01000194.1 	4	66404 	66334 	Pro	TGG	0	0	54.8	
LDAU01000203.1 	1	183770	183840	Asn	GTT	0	0	58.1	
LDAU01000203.1 	2	184625	184695	Asn	GTT	0	0	58.1	
LDAU01000203.1 	3	184322	184252	Asn	GTT	0	0	58.1	
LDAU01000203.1 	4	184102	184032	Asn	GTT	0	0	58.1	
LDAU01000203.1 	5	85999 	85929 	Val	CAC	0	0	44.1	
LDAU01000203.1 	6	85583 	85513 	Val	AAC	0	0	42.8	pseudo
LDAU01000203.1 	7	85345 	85275 	Val	AAC	0	0	42.8	pseudo
LDAU01000203.1 	8	85101 	85031 	Val	AAC	0	0	42.8	pseudo
LDAU01000203.1 	9	84877 	84807 	Val	AAC	0	0	42.8	pseudo
LDAU01000082.1 	1	955674	955745	Asp	GTC	0	0	64.4	
LDAU01000082.1 	2	232750	232641	Undet	NNN	0	0	28.5	pseudo
LDAU01000082.1 	3	232043	231941	Phe	AAA	232007	231986	35.0	pseudo
LDAU01000082.1 	4	231391	231289	Phe	AAA	231355	231334	31.2	pseudo
LDAU01000082.1 	5	230997	230895	Phe	AAA	230961	230940	31.2	pseudo
LDAU01000082.1 	6	230579	230477	Phe	AAA	230543	230522	31.2	pseudo
LDAU01000082.1 	7	230089	229987	Phe	AAA	230053	230032	31.2	pseudo
LDAU01000082.1 	8	228230	228128	Phe	AAA	228194	228173	35.0	pseudo
LDAU01000082.1 	9	227606	227504	Phe	AAA	227570	227549	31.2	pseudo
LDAU01000082.1 	10	226869	226767	Asn	ATT	226832	226813	36.5	pseudo
LDAU01000120.1 	1	60697 	60768 	Sup	CTA	0	0	61.1	
LDAU01000272.1 	1	9979  	10050 	Glu	CTC	0	0	74.2	
LDAU01000154.1 	1	762307	762378	Glu	TTC	0	0	58.0	
LDAU01000154.1 	2	762513	762584	Glu	TTC	0	0	58.0	
LDAU01000013.1 	1	292001	292072	Glu	TTC	0	0	58.0	
LDAU01000014.1 	1	3675  	3603  	Met	CAT	0	0	50.7	
LDAU01000018.1 	1	242791	242862	Glu	TTC	0	0	58.0	
LDAU01000018.1 	2	124121	124051	Val	AAC	0	0	42.8	pseudo
LDAU01000018.1 	3	123808	123738	Val	AAC	0	0	42.8	pseudo
LDAU01000012.1 	1	54368 	54297 	Trp	CCA	0	0	36.9	pseudo
LDAU01000012.1 	2	49932 	49862 	Trp	CCA	0	0	38.9	
LDAU01000021.1 	1	11341 	11258 	Tyr	GTA	11305	11294	68.8	
LDAU01000177.1 	1	23172 	23102 	Pro	AGG	0	0	50.2	
LDAU01000177.1 	2	22899 	22829 	Pro	AGG	0	0	50.2	
LDAU01000177.1 	3	22620 	22550 	Pro	AGG	0	0	50.2	
LDAU01000122.1 	1	293521	293592	Leu	CAG	0	0	65.1	
LDAU01000122.1 	2	294838	294909	Leu	AAG	0	0	69.7	
LDAU01000122.1 	3	295158	295229	Sup	TTA	0	0	38.1	
LDAU01000122.1 	4	295369	295440	Leu	TAG	0	0	67.3	
LDAU01000122.1 	5	452297	452367	Arg	ACG	0	0	65.7	
LDAU01000122.1 	6	294096	294025	Leu	AAG	0	0	69.7	
LDAU01000122.1 	7	293847	293776	Leu	TAG	0	0	72.4	
LDAU01000130.1 	1	10929 	11000 	Glu	TTC	0	0	58.0	
LDAU01000130.1 	2	11198 	11269 	Glu	TTC	0	0	58.0	
LDAU01000130.1 	3	11594 	11665 	Glu	TTC	0	0	58.0	
LDAU01000106.1 	1	193403	193475	Ala	AGC	0	0	43.6	
LDAU01000106.1 	2	195034	195106	Ala	AGC	0	0	43.6	
LDAU01000106.1 	3	195226	195298	Ala	AGC	0	0	43.6	
LDAU01000106.1 	4	195433	195505	Ala	AGC	0	0	43.6	
LDAU01000106.1 	5	273546	273618	Thr	CGT	0	0	46.0	
LDAU01000106.1 	6	194868	194796	Ala	AGC	0	0	43.6	
LDAU01000106.1 	7	194610	194538	Ala	AGC	0	0	43.6	
LDAU01000106.1 	8	193750	193678	Ala	AGC	0	0	43.6	
LDAU01000184.1 	1	289536	289456	Ser	TGA	0	0	60.4	
LDAU01000184.1 	2	121433	121362	Cys	GCA	0	0	53.2	
LDAU01000184.1 	3	121037	120966	Cys	GCA	0	0	53.2	
LDAU01000184.1 	4	120702	120631	Cys	GCA	0	0	53.2	
LDAU01000063.1 	1	21772 	21842 	Val	TAC	0	0	45.0	
LDAU01000063.1 	2	332008	331938	Val	TAC	0	0	44.5	
LDAU01000063.1 	3	331755	331685	Val	TAC	0	0	45.7	
LDAU01000063.1 	4	331320	331250	Val	TAC	0	0	44.5	
LDAU01000063.1 	5	331065	330995	Val	TAC	0	0	44.5	
LDAU01000150.1 	1	65236 	65319 	Tyr	GTA	65272	65283	68.8	
