Sequence       		tRNA  	Bounds	tRNA	Anti	Intron Bounds	Inf	      
Name           	tRNA #	Begin 	End   	Type	Codon	Begin	End	Score	Note
--------       	------	----- 	------	----	-----	-----	----	------	------
NW_001798954.1 	1	157049	157129	Leu	TAG	0	0	68.6	
NW_001798954.1 	2	227260	227333	Ile	AAT	0	0	84.7	
NW_001798955.1 	1	465007	465078	Cys	GCA	0	0	54.8	
NW_001798956.1 	1	172576	172648	Arg	TCG	0	0	60.1	
NW_001798956.1 	2	424783	424855	Asn	GTT	0	0	74.8	
NW_001798956.1 	3	622670	622741	Sup	CTA	0	0	58.0	
NW_001798956.1 	4	478560	478475	Tyr	GTA	478523	478511	64.8	
NW_001798957.1 	1	156431	156501	Pro	CGG	0	0	45.3	
NW_001798959.1 	1	135255	135326	Gln	TTG	0	0	73.5	
NW_001798959.1 	2	189335	189255	Ser	CGA	0	0	71.1	
NW_001798960.1 	1	68791 	68863 	Arg	TCT	0	0	79.7	
NW_001798960.1 	2	56119 	56047 	Thr	CGT	0	0	83.0	
NW_001798961.1 	1	209982	210053	Glu	CTC	0	0	71.0	
NW_001798963.1 	1	71162 	71092 	Arg	CCG	0	0	50.6	
NW_001798964.1 	1	72874 	72804 	Arg	CCG	0	0	50.6	
NW_001798965.1 	1	240853	240780	Lys	TTT	0	0	83.3	
NW_001798967.1 	1	255800	255870	Pro	TGG	0	0	44.3	
NW_001798967.1 	2	318850	318779	Gly	TCC	0	0	49.9	
NW_001798967.1 	3	211482	211410	Thr	AGT	0	0	69.4	
NW_001798968.1 	1	212003	212076	Val	TAC	0	0	60.0	
NW_001798971.1 	1	95342 	95414 	Trp	CCA	0	0	51.4	
NW_001798971.1 	2	249821	249750	Arg	CCT	0	0	20.6	pseudo
NW_001798971.1 	3	144979	144907	Trp	CCA	0	0	63.4	
NW_001798974.1 	1	174995	175067	Val	AAC	0	0	67.1	
NW_001798976.1 	1	124906	124833	Ile	AAT	0	0	84.7	
NW_001798976.1 	2	19724 	19651 	Lys	TTT	0	0	83.3	
NW_001798978.1 	1	93427 	93356 	iMet	CAT	0	0	54.5	
NW_001798980.1 	1	223759	223686	Lys	TTT	0	0	65.2	
NW_001798985.1 	1	75329 	75258 	Glu	CTC	0	0	71.0	
NW_001798987.1 	1	59582 	59655 	Ile	AAT	0	0	83.6	
NW_001798987.1 	2	66627 	66710 	Leu	TAA	0	0	74.0	
NW_001798987.1 	3	138061	137981	Leu	TAA	138023	138018	60.2	
NW_001798987.1 	4	107240	107170	Gly	GCC	0	0	58.6	
NW_001798988.1 	1	264872	264802	Gly	GCC	0	0	58.6	
NW_001798988.1 	2	188072	188001	Glu	TTC	0	0	71.0	
NW_001798991.1 	1	168108	168179	Glu	CTC	0	0	71.0	
NW_001798992.1 	1	1332  	1261  	Ser	TGA	0	0	36.3	
NW_001798994.1 	1	177799	177869	Pro	AGG	0	0	46.3	
NW_001798995.1 	1	150894	150823	Sup	TTA	0	0	60.5	
NW_001798996.1 	1	218120	218039	Leu	TAA	0	0	23.5	
NW_001798998.1 	1	140550	140620	Cys	ACA	0	0	49.6	
NW_001798998.1 	2	170571	170644	Lys	TTT	0	0	83.3	
NW_001798998.1 	3	171639	171566	Lys	TTT	0	0	83.3	
NW_001798999.1 	1	200320	200391	Glu	CTC	0	0	71.0	
NW_001799000.1 	1	171430	171503	Met	CAT	0	0	79.2	
NW_001799000.1 	2	649936	650008	Ala	TGC	0	0	41.7	
NW_001799000.1 	3	311701	311621	Leu	AAG	0	0	49.6	
NW_001799004.1 	1	124438	124366	Val	AAC	0	0	67.1	
NW_001799006.1 	1	157865	157936	Arg	CCT	0	0	71.7	
NW_001799008.1 	1	10164 	10237 	Ile	AAT	0	0	83.6	
NW_001799008.1 	2	13004 	13087 	Leu	TAA	0	0	74.0	
NW_001799008.1 	3	62568 	62498 	Gly	GCC	0	0	58.6	
NW_001799009.1 	1	56226 	56298 	Arg	TCT	0	0	79.7	
NW_001799009.1 	2	40017 	39945 	Thr	CGT	0	0	84.1	
NW_001799011.1 	1	571737	571809	Val	AAC	0	0	67.1	
NW_001799011.1 	2	228398	228326	Val	CAC	0	0	72.1	
NW_001799011.1 	3	219920	219848	Ala	AGC	0	0	48.1	
NW_001799014.1 	1	162048	162119	Arg	CCT	0	0	71.7	
NW_001799019.1 	1	66319 	66249 	Pro	AGG	0	0	46.3	
NW_001799020.1 	1	96334 	96261 	Ile	TAT	0	0	79.0	
NW_001799022.1 	1	29165 	29236 	Sup	CTA	0	0	59.8	
NW_001799022.1 	2	34547 	34627 	Ser	AGA	0	0	81.1	
NW_001799023.1 	1	75678 	75750 	Ala	TGC	0	0	41.7	
NW_001799023.1 	2	76429 	76501 	Ala	TGC	0	0	41.7	
NW_001799023.1 	3	175518	175590	Arg	ACG	0	0	65.7	
NW_001799029.1 	1	57827 	57754 	Val	TAC	0	0	60.0	
NW_001799033.1 	1	51680 	51751 	Sup	TTA	0	0	60.5	
NW_001799033.1 	2	51898 	51969 	Gln	TTG	0	0	57.8	
NW_001799033.1 	3	52116 	52187 	Gln	TTG	0	0	55.5	
NW_001799033.1 	4	614728	614809	Leu	CAA	0	0	37.9	
NW_001799033.1 	5	531159	531079	Ser	TGA	0	0	83.0	
NW_001799036.1 	1	28069 	28141 	Ala	TGC	0	0	41.7	
NW_001799036.1 	2	130188	130260	Arg	ACG	0	0	65.7	
NW_001799037.1 	1	91397 	91468 	Sup	CTA	0	0	58.0	
NW_001799041.1 	1	80276 	80363 	SeC	TCA	0	0	87.3	
NW_001799041.1 	2	20789 	20718 	Glu	TTC	0	0	71.0	
NW_001799042.1 	1	35337 	35409 	Lys	CTT	0	0	59.6	
NW_001799042.1 	2	54557 	54629 	Arg	TCT	0	0	79.7	
NW_001799042.1 	3	40221 	40148 	Lys	CTT	0	0	74.6	
NW_001799043.1 	1	58965 	59047 	Leu	CAA	0	0	68.7	
NW_001799044.1 	1	222212	222141	Glu	TTC	0	0	49.8	
NW_001799044.1 	2	212795	212724	Glu	TTC	0	0	49.8	
NW_001799055.1 	1	10488 	10409 	Leu	CAG	0	0	62.8	
NW_001799060.1 	1	1136  	1216  	Ser	TGA	0	0	83.0	
NW_001799060.1 	2	6353  	6433  	Ser	TGA	0	0	83.0	
NW_001799060.1 	3	13296 	13376 	Ser	AGA	0	0	80.3	
NW_001799060.1 	4	22736 	22656 	Ser	AGA	0	0	80.3	
NW_001799066.1 	1	51693 	51763 	Gly	GCC	0	0	58.6	
NW_001799066.1 	2	145912	145983	Glu	TTC	0	0	71.0	
NW_001799066.1 	3	672386	672466	Ser	TGA	0	0	83.0	
NW_001799066.1 	4	774824	774895	Ile	GAT	0	0	56.4	
NW_001799066.1 	5	512433	512362	Cys	GCA	0	0	54.8	
NW_001799078.1 	1	28430 	28357 	Met	CAT	0	0	79.2	
NW_001799083.1 	1	184   	104   	Ser	TGA	0	0	83.0	
NW_001799089.1 	1	131629	131557	Cys	GCA	0	0	34.9	pseudo
NW_001799122.1 	1	514015	514087	Val	AAC	0	0	67.1	
NW_001799122.1 	2	213850	213778	Val	TAC	0	0	51.3	
NW_001799122.1 	3	207298	207226	Ala	AGC	0	0	48.1	
NW_001799155.1 	1	390416	390488	Thr	TGT	0	0	80.8	
NW_001799155.1 	2	97746 	97665 	Ser	TGA	0	0	69.9	
NW_001799166.1 	1	176937	177010	Met	CAT	0	0	79.2	
NW_001799166.1 	2	239397	239468	His	GTG	0	0	56.1	
NW_001799166.1 	3	259543	259614	Gln	CTG	0	0	63.8	
NW_001799166.1 	4	504673	504744	Glu	TTC	0	0	71.0	
NW_001799166.1 	5	269713	269634	Leu	AAG	0	0	70.2	
NW_001799177.1 	1	237672	237744	Thr	AGT	0	0	69.4	
NW_001799177.1 	2	275719	275789	Pro	TGG	0	0	40.1	
NW_001799177.1 	3	536472	536543	Asp	GTC	0	0	68.4	
NW_001799177.1 	4	333286	333215	Gly	CCC	0	0	34.9	
NW_001799178.1 	1	135806	135726	Ser	TGA	0	0	83.0	
NW_001799178.1 	2	109776	109704	Ala	AGC	0	0	48.1	
NW_001799189.1 	1	334405	334485	Ser	TGA	0	0	83.0	
NW_001799189.1 	2	362929	363001	Val	CAC	0	0	72.1	
NW_001799189.1 	3	370791	370863	Ala	AGC	0	0	48.1	
NW_001799189.1 	4	24004 	23932 	Val	AAC	0	0	67.1	
NW_001799200.1 	1	25271 	25343 	Phe	GAA	0	0	75.8	
NW_001799200.1 	2	142637	142553	Tyr	GTA	142600	142589	64.8	
NW_001799211.1 	1	159610	159538	Arg	TCT	0	0	79.7	
NW_001799222.1 	1	430466	430538	Thr	TGT	0	0	80.8	
NW_001799233.1 	1	305671	305751	Ser	GCT	0	0	78.1	
NW_001799233.1 	2	350618	350690	Asn	GTT	0	0	74.8	
NW_001799233.1 	3	470715	470644	Sup	TTA	0	0	60.5	
NW_001799233.1 	4	286632	286552	Ser	GCT	0	0	78.1	
NW_001799233.1 	5	16750 	16668 	Leu	CAA	0	0	68.7	
NW_001799244.1 	1	468777	468850	Met	CAT	0	0	79.2	
NW_001799255.1 	1	10144 	10215 	Sup	TTA	0	0	60.5	
NW_001799255.1 	2	194623	194703	Ser	GCT	0	0	78.1	
NW_001799255.1 	3	475683	475765	Leu	CAA	0	0	68.7	
NW_001799255.1 	4	174613	174533	Ser	GCT	0	0	78.1	
NW_001799255.1 	5	117506	117434	Asn	GTT	0	0	74.8	
NW_001799266.1 	1	115825	115898	Lys	CTT	0	0	74.6	
NW_001799266.1 	2	175658	175585	Lys	CTT	0	0	74.6	
NW_001799277.1 	1	382371	382300	Sup	TTA	0	0	60.5	
NW_001799288.1 	1	732953	733024	iMet	CAT	0	0	54.5	
NW_001799289.1 	1	163804	163875	Gln	TTG	0	0	73.5	
NW_001799289.1 	2	225697	225617	Ser	CGA	0	0	73.3	
NW_001799300.1 	1	143975	144048	Met	CAT	0	0	79.2	
NW_001799300.1 	2	215918	215990	His	GTG	0	0	47.5	
NW_001799300.1 	3	231585	231656	Gln	CTG	0	0	63.8	
NW_001799300.1 	4	431114	431185	Glu	TTC	0	0	71.0	
NW_001799300.1 	5	237615	237536	Leu	AAG	0	0	70.2	
NW_001799311.1 	1	267344	267423	Leu	AAG	0	0	72.2	
NW_001799322.1 	1	184691	184762	Glu	TTC	0	0	71.0	
NW_001799344.1 	1	157345	157273	Arg	TCT	0	0	79.7	
NW_001799366.1 	1	34072 	34144 	Phe	GAA	0	0	75.8	
NW_001799366.1 	2	202204	202275	Asp	GTC	0	0	68.4	
NW_001799366.1 	3	380798	380726	Val	AAC	0	0	67.1	
NW_001799366.1 	4	10290 	10219 	Sup	CTA	0	0	35.9	
NW_001799377.1 	1	88846 	88774 	Thr	TGT	0	0	80.8	
NW_001799388.1 	1	1333  	1413  	Ser	TGA	0	0	83.0	
NW_001799388.1 	2	437654	437583	Sup	TTA	0	0	60.5	
NW_001799399.1 	1	101084	101155	Sup	CTA	0	0	59.8	
NW_001799399.1 	2	115013	115093	Ser	AGA	0	0	81.1	
NW_001799399.1 	3	358198	358270	Phe	GAA	0	0	75.8	
NW_001799399.1 	4	374316	374244	Phe	GAA	0	0	75.8	
NW_001799400.1 	1	82564 	82637 	Lys	CTT	0	0	74.6	
NW_001799400.1 	2	137975	137902	Lys	CTT	0	0	74.6	
NW_001799422.1 	1	37801 	37729 	Ala	CGC	0	0	52.5	
NW_001799433.1 	1	158692	158763	iMet	CAT	0	0	52.2	
NW_001799455.1 	1	424079	424006	Lys	TTT	0	0	83.3	
NW_001799477.1 	1	322437	322517	Leu	TAG	0	0	68.6	
NW_001799477.1 	2	406253	406326	Ile	AAT	0	0	84.7	
NW_001799499.1 	1	29108 	29180 	Arg	TCG	0	0	60.1	
NW_001799499.1 	2	325409	325481	Asn	GTT	0	0	62.0	
NW_001799499.1 	3	376978	376893	Tyr	GTA	376941	376929	64.8	
NW_001799510.1 	1	515011	514939	Thr	AGT	0	0	69.4	
NW_001799510.1 	2	268398	268327	Asp	GTC	0	0	68.4	
NW_001799510.1 	3	262635	262564	Asp	GTC	0	0	68.4	
NW_001799510.1 	4	262444	262373	Asp	GTC	0	0	68.4	
NW_001799510.1 	5	255710	255639	Asp	GTC	0	0	68.4	
NW_001799522.1 	1	79813 	79741 	Thr	TGT	0	0	80.8	
NW_001799555.1 	1	165675	165746	Glu	TTC	0	0	71.0	
NW_001799577.1 	1	76985 	77055 	Gly	TCC	0	0	46.1	
NW_001799577.1 	2	77208 	77279 	Gly	TCC	0	0	49.9	
NW_001799577.1 	3	77453 	77524 	Gly	TCC	0	0	49.9	
NW_001799599.1 	1	64443 	64515 	Thr	CGT	0	0	74.3	
NW_001799599.1 	2	69212 	69284 	Arg	TCT	0	0	79.7	
NW_001799610.1 	1	358348	358427	Leu	CAG	0	0	62.8	
NW_001799611.1 	1	1211  	1140  	Cys	GCA	0	0	54.8	
NW_001799619.1 	1	274651	274721	Pro	TGG	0	0	44.3	
NW_001799619.1 	2	329956	329885	Gly	TCC	0	0	49.9	
NW_001799619.1 	3	224121	224049	Thr	AGT	0	0	69.4	
NW_001799620.1 	1	293059	292988	His	GTG	0	0	56.1	
NW_001799620.1 	2	38624 	38541 	Leu	TAA	0	0	74.0	
NW_001799620.1 	3	37812 	37729 	Leu	TAA	0	0	74.0	
NW_001799621.1 	1	267289	267218	Gly	TCC	0	0	49.9	
NW_001799627.1 	1	298762	298833	Trp	CCA	0	0	59.3	
NW_001799628.1 	1	283281	283211	His	GTG	0	0	46.3	
NW_001799628.1 	2	40957 	40874 	Leu	TAA	0	0	74.0	
NW_001799629.1 	1	132090	132161	Glu	TTC	0	0	71.0	
NW_001799629.1 	2	311586	311516	Tyr	GTA	0	0	50.9	
NW_001799630.1 	1	351167	351238	Cys	GCA	0	0	54.8	
NW_001799630.1 	2	24726 	24655 	Lys	TTT	0	0	45.7	
NW_001799631.1 	1	267989	267916	Lys	TTT	0	0	83.3	
NW_001799632.1 	1	159369	159297	Asn	GTT	0	0	74.8	
NW_001799632.1 	2	87284 	87213 	Trp	CCA	0	0	59.3	
NW_001799634.1 	1	13672 	13744 	Phe	GAA	0	0	75.8	
NW_001799634.1 	2	181361	181432	Asp	GTC	0	0	68.4	
NW_001799634.1 	3	191443	191528	Tyr	GTA	191480	191492	64.8	
NW_001799634.1 	4	199602	199517	Tyr	GTA	199565	199553	64.8	
NW_001799637.1 	1	250132	250205	Ile	TAT	0	0	79.0	
NW_001799637.1 	2	4165  	4094  	Leu	AAG	0	0	27.0	
NW_001799639.1 	1	194264	194335	Gln	TTG	0	0	73.5	
NW_001799641.1 	1	174309	174382	Trp	CCA	0	0	50.0	
NW_001799642.1 	1	32785 	32858 	Trp	CCA	0	0	55.3	
NW_001799642.1 	2	251270	251198	Ala	AGC	0	0	48.1	
NW_001799642.1 	3	42804 	42731 	Trp	CCA	0	0	55.3	
NW_001799644.1 	1	87397 	87327 	Pro	AGG	0	0	46.3	
NW_001799645.1 	1	301451	301524	Lys	TTT	0	0	83.3	
NW_001799646.1 	1	245256	245327	Trp	CCA	0	0	59.3	
NW_001799646.1 	2	180541	180469	Asn	GTT	0	0	74.8	
NW_001799647.1 	1	180913	180997	Tyr	GTA	180950	180961	64.8	
NW_001799647.1 	2	298231	298159	Phe	GAA	0	0	75.8	
NW_001799647.1 	3	144861	144790	Asp	ATC	0	0	42.9	
NW_001799648.1 	1	224859	224929	Arg	CCG	0	0	50.6	
NW_001799649.1 	1	159223	159294	iMet	CAT	0	0	54.5	
