Sequence       		tRNA  	Bounds	tRNA	Anti	Intron Bounds	Inf	      
Name           	tRNA #	Begin 	End   	Type	Codon	Begin	End	Score	Note
--------       	------	----- 	------	----	-----	-----	----	------	------
MPUH01000010.1 	1	36009 	35937 	Phe	GAA	0	0	80.4	
MPUH01001004.1 	1	22329 	22257 	Lys	TTT	0	0	82.4	
MPUH01001013.1 	1	18574 	18494 	Ser	TGA	0	0	84.8	
MPUH01001020.1 	1	16285 	16213 	Lys	CTT	0	0	88.9	
MPUH01001039.1 	1	15738 	15668 	Gly	GCC	0	0	61.5	
MPUH01001045.1 	1	18852 	18772 	Ser	TGA	0	0	84.8	
MPUH01000105.1 	1	10967 	11037 	Gly	CCC	0	0	72.2	
MPUH01001051.1 	1	23349 	23267 	Tyr	GTA	23312	23303	72.1	
MPUH01001059.1 	1	20988 	21059 	Gly	TCC	0	0	56.5	
MPUH01001062.1 	1	3368  	3296  	Arg	TCT	0	0	66.3	
MPUH01001062.1 	2	2903  	2831  	Arg	TCT	0	0	66.3	
MPUH01001069.1 	1	19047 	19119 	Glu	CTC	0	0	73.6	
MPUH01000107.1 	1	41084 	41013 	Gln	CTG	0	0	68.2	
MPUH01001075.1 	1	4786  	4858  	Ala	AGC	0	0	56.0	
MPUH01001081.1 	1	206   	135   	Asp	GTC	0	0	73.3	
MPUH01000109.1 	1	74393 	74464 	Pro	TGG	0	0	69.9	
MPUH01000109.1 	2	36434 	36362 	Val	AAC	0	0	73.5	
MPUH01000109.1 	3	33265 	33193 	Thr	CGT	0	0	72.9	
MPUH01001096.1 	1	18033 	18112 	Leu	AAG	0	0	64.8	
MPUH01000110.1 	1	86548 	86478 	Gly	GCC	0	0	61.5	
MPUH01001105.1 	1	11026 	10954 	Val	AAC	0	0	73.5	
MPUH01001107.1 	1	4497  	4426  	Gly	TCC	0	0	56.5	
MPUH01000111.1 	1	44405 	44333 	Val	TAC	0	0	75.8	
MPUH01001118.1 	1	14145 	14073 	Asn	GTT	0	0	66.5	
MPUH01000112.1 	1	55361 	55432 	Pro	AGG	0	0	69.9	
MPUH01001124.1 	1	11402 	11474 	Ala	AGC	0	0	56.0	
MPUH01000113.1 	1	41353 	41272 	Leu	TAA	0	0	68.4	
MPUH01001146.1 	1	14650 	14721 	Asp	GTC	0	0	73.3	
MPUH01001155.1 	1	22410 	22482 	Asn	GTT	0	0	66.5	
MPUH01001178.1 	1	17961 	17889 	Arg	TCT	0	0	66.3	
MPUH01001193.1 	1	6178  	6250  	Val	TAC	0	0	75.8	
MPUH01001194.1 	1	16996 	17076 	Ser	GCT	0	0	75.4	
MPUH01001195.1 	1	770   	689   	Leu	TAA	0	0	68.4	
MPUH01001199.1 	1	15625 	15553 	Ile	TAT	0	0	73.5	
MPUH01000121.1 	1	65311 	65240 	Val	CAC	0	0	75.4	
MPUH01001223.1 	1	13571 	13499 	Cys	GCA	0	0	57.9	
MPUH01000123.1 	1	57424 	57496 	Arg	TCT	0	0	66.3	
MPUH01001239.1 	1	20102 	20021 	Ser	CGA	0	0	74.3	
MPUH01000125.1 	1	83770 	83850 	Ser	GCT	0	0	75.4	
MPUH01001257.1 	1	16125 	16053 	Phe	GAA	0	0	80.4	
MPUH01000126.1 	1	52382 	52311 	Pro	TGG	0	0	69.9	
MPUH01001266.1 	1	4714  	4793  	Leu	CAG	0	0	62.7	
MPUH01000013.1 	1	128702	128631	iMet	CAT	0	0	64.6	
MPUH01000013.1 	2	45801 	45729 	Asn	GTT	0	0	66.5	
MPUH01000013.1 	3	37552 	37480 	Ile	TAT	0	0	73.5	
MPUH01000013.1 	4	12683 	12612 	Pro	AGG	0	0	69.9	
MPUH01001304.1 	1	18870 	18807 	Asp	GTC	0	0	47.2	
MPUH01001304.1 	2	10451 	10372 	Leu	AAG	0	0	64.8	
MPUH01001331.1 	1	10532 	10604 	Val	AAC	0	0	73.5	
MPUH01001340.1 	1	11953 	11881 	Met	CAT	0	0	83.1	
MPUH01000136.1 	1	9349  	9420  	Ala	CGC	0	0	79.7	
MPUH01000014.1 	1	161322	161395	Ile	AAT	0	0	84.1	
MPUH01001411.1 	1	5456  	5376  	Ser	AGA	0	0	84.6	
MPUH01000142.1 	1	89615 	89687 	Glu	TTC	0	0	68.2	
MPUH01001417.1 	1	8916  	8988  	Glu	TTC	0	0	68.2	
MPUH01001417.1 	2	9244  	9316  	Glu	TTC	0	0	68.2	
MPUH01001419.1 	1	5296  	5368  	Phe	GAA	0	0	80.4	
MPUH01001440.1 	1	5000  	4928  	Ile	TAT	0	0	73.5	
MPUH01001452.1 	1	11353 	11273 	Ser	GCT	0	0	75.4	
MPUH01001471.1 	1	7796  	7867  	iMet	CAT	0	0	41.3	
MPUH01001475.1 	1	12976 	13046 	Gln	TTG	0	0	78.2	
MPUH01000148.1 	1	90312 	90240 	Ala	AGC	0	0	56.0	
MPUH01001494.1 	1	13493 	13421 	Met	CAT	0	0	83.1	
MPUH01001503.1 	1	13706 	13778 	Ile	TAT	0	0	73.5	
MPUH01001506.1 	1	3682  	3610  	Lys	TTT	0	0	82.4	
MPUH01001561.1 	1	4987  	5058  	Pro	TGG	0	0	69.9	
MPUH01000157.1 	1	20366 	20287 	Leu	CAG	0	0	62.7	
MPUH01000016.1 	1	138070	137991	Leu	AAG	0	0	64.8	
MPUH01000164.1 	1	69087 	69015 	Arg	CCT	0	0	63.8	
MPUH01000164.1 	2	67800 	67728 	Arg	CCT	0	0	64.8	
MPUH01000169.1 	1	51602 	51681 	Leu	TAG	0	0	64.9	
MPUH01001705.1 	1	1851  	1922  	Pro	AGG	0	0	69.9	
MPUH01000174.1 	1	84124 	84206 	Tyr	GTA	84161	84170	61.5	
MPUH01000174.1 	2	84270 	84352 	Tyr	GTA	84307	84316	61.5	
MPUH01000174.1 	3	84416 	84498 	Tyr	GTA	84453	84462	61.5	
MPUH01000174.1 	4	84561 	84643 	Tyr	GTA	84598	84607	61.5	
MPUH01001742.1 	1	8496  	8568  	Thr	AGT	0	0	74.1	
MPUH01001742.1 	2	6105  	6033  	Thr	AGT	0	0	74.5	
MPUH01001746.1 	1	8491  	8420  	Cys	GCA	0	0	72.6	
MPUH01001772.1 	1	2379  	2451  	Met	CAT	0	0	83.1	
MPUH01001785.1 	1	3772  	3844  	Lys	TTT	0	0	82.4	
MPUH01000181.1 	1	6092  	6019  	Ile	AAT	0	0	84.1	
MPUH01000183.1 	1	77954 	77881 	Ile	AAT	0	0	84.1	
MPUH01000186.1 	1	28443 	28372 	His	GTG	0	0	46.3	
MPUH01000186.1 	2	20069 	19997 	Asn	GTT	0	0	66.5	
MPUH01000188.1 	1	53323 	53251 	Arg	TCT	0	0	66.3	
MPUH01000191.1 	1	65608 	65536 	Glu	CTC	0	0	73.6	
MPUH01000192.1 	1	77430 	77502 	Arg	TCG	0	0	72.3	
MPUH01000194.1 	1	63223 	63295 	Arg	TCT	0	0	66.3	
MPUH01000194.1 	2	40488 	40416 	Lys	TTT	0	0	82.4	
MPUH01000195.1 	1	26192 	26121 	Asp	GTC	0	0	73.3	
MPUH01000195.1 	2	25999 	25928 	Asp	GTC	0	0	73.3	
MPUH01001932.1 	1	4642  	4561  	Leu	TAA	0	0	68.4	
MPUH01001936.1 	1	1893  	1963  	Arg	CCG	0	0	60.3	
MPUH01000020.1 	1	130604	130676	Met	CAT	0	0	83.1	
MPUH01000206.1 	1	50690 	50620 	Gln	TTG	0	0	78.2	
MPUH01000207.1 	1	49389 	49472 	Leu	CAA	0	0	67.7	
MPUH01002028.1 	1	694   	623   	His	GTG	0	0	46.3	
MPUH01000216.1 	1	19780 	19850 	Gly	GCC	0	0	61.5	
MPUH01000217.1 	1	41561 	41632 	Asp	GTC	0	0	73.3	
MPUH01000226.1 	1	63663 	63584 	Leu	TAG	0	0	64.9	
MPUH01000234.1 	1	72902 	72830 	Phe	GAA	0	0	80.4	
MPUH01000241.1 	1	50031 	49950 	Ser	CGA	0	0	74.3	
MPUH01000248.1 	1	53982 	54054 	Thr	AGT	0	0	74.5	
MPUH01000249.1 	1	37123 	37194 	iMet	CAT	0	0	64.6	
MPUH01000025.1 	1	98850 	98777 	Ile	AAT	0	0	84.1	
MPUH01000251.1 	1	62363 	62291 	Glu	CTC	0	0	73.6	
MPUH01002275.1 	1	2422  	2493  	Pro	TGG	0	0	69.9	
MPUH01000259.1 	1	2903  	2832  	His	GTG	0	0	46.3	
MPUH01000263.1 	1	56350 	56278 	Asn	GTT	0	0	66.5	
MPUH01000272.1 	1	36503 	36432 	iMet	CAT	0	0	64.6	
MPUH01000277.1 	1	24795 	24723 	Glu	TTC	0	0	68.2	
MPUH01000277.1 	2	24382 	24310 	Glu	TTC	0	0	68.2	
MPUH01000286.1 	1	1603  	1675  	Met	CAT	0	0	83.1	
MPUH01000293.1 	1	28270 	28353 	Leu	CAA	0	0	70.2	
MPUH01000297.1 	1	41600 	41529 	Cys	GCA	0	0	72.6	
MPUH01000003.1 	1	146564	146484	Ser	AGA	0	0	84.6	
MPUH01000308.1 	1	15174 	15101 	Ile	AAT	0	0	84.1	
MPUH01000308.1 	2	14671 	14599 	Ile	GAT	0	0	64.2	
MPUH01000308.1 	3	14282 	14209 	Ile	TAT	0	0	62.4	
MPUH01000031.1 	1	42153 	42225 	Ala	AGC	0	0	56.0	
MPUH01000310.1 	1	45656 	45728 	Lys	CTT	0	0	88.9	
MPUH01000310.1 	2	45840 	45912 	Lys	CTT	0	0	88.9	
MPUH01000310.1 	3	46032 	46104 	Lys	CTT	0	0	88.9	
MPUH01000310.1 	4	46340 	46412 	Lys	CTT	0	0	88.9	
MPUH01000311.1 	1	17957 	17875 	Tyr	GTA	17920	17911	72.1	
MPUH01000313.1 	1	65667 	65595 	Ala	AGC	0	0	48.3	
MPUH01000317.1 	1	31715 	31643 	Glu	TTC	0	0	68.2	
MPUH01000032.1 	1	39859 	39788 	Asp	GTC	0	0	73.3	
MPUH01000033.1 	1	46479 	46551 	Glu	TTC	0	0	68.2	
MPUH01000336.1 	1	30638 	30566 	Thr	TGT	0	0	76.5	
MPUH01000337.1 	1	22131 	22201 	Arg	ACG	0	0	65.8	
MPUH01000340.1 	1	12464 	12393 	Ala	TGC	0	0	73.4	
MPUH01000346.1 	1	32743 	32814 	Val	CAC	0	0	75.4	
MPUH01000347.1 	1	44708 	44638 	Gln	TTG	0	0	78.2	
MPUH01000349.1 	1	4375  	4303  	Asp	GTC	0	0	20.1	pseudo
MPUH01000349.1 	2	4189  	4118  	Asp	GTC	0	0	73.3	
MPUH01000351.1 	1	29150 	29221 	Gln	CTG	0	0	68.2	
MPUH01000355.1 	1	39739 	39811 	Thr	TGT	0	0	76.5	
MPUH01000356.1 	1	21342 	21262 	Ser	AGA	0	0	85.1	
MPUH01000036.1 	1	110179	110108	Pro	CGG	0	0	64.6	
MPUH01000361.1 	1	40852 	40923 	Gly	TCC	0	0	56.5	
MPUH01000363.1 	1	29461 	29533 	Asn	GTT	0	0	66.5	
MPUH01000363.1 	2	14864 	14793 	His	GTG	0	0	46.3	
MPUH01000364.1 	1	1983  	2053  	Gly	GCC	0	0	61.5	
MPUH01000367.1 	1	3293  	3222  	Ala	CGC	0	0	79.7	
MPUH01000372.1 	1	31879 	31797 	Tyr	GTA	31842	31833	72.1	
MPUH01000373.1 	1	35312 	35383 	Asp	GTC	0	0	73.3	
MPUH01000383.1 	1	14537 	14457 	Ser	GCT	0	0	75.4	
MPUH01000393.1 	1	53221 	53292 	Gly	TCC	0	0	56.5	
MPUH01000403.1 	1	1230  	1160  	Gly	GCC	0	0	61.5	
MPUH01000409.1 	1	13443 	13372 	Ala	TGC	0	0	73.4	
MPUH01000411.1 	1	51185 	51264 	Leu	AAG	0	0	64.8	
MPUH01000412.1 	1	44057 	43979 	Ser	CGA	0	0	30.1	
MPUH01000413.1 	1	28211 	28283 	Lys	TTT	0	0	82.4	
MPUH01000417.1 	1	42010 	42091 	Leu	TAA	0	0	68.4	
MPUH01000425.1 	1	6620  	6550  	Gly	GCC	0	0	61.5	
MPUH01000043.1 	1	14629 	14702 	Cys	GCA	0	0	57.8	
MPUH01000043.1 	2	15015 	15088 	Ala	AGC	0	0	55.3	
MPUH01000043.1 	3	136855	136770	SeC	TCA	0	0	73.5	
MPUH01000432.1 	1	25025 	25097 	Ala	AGC	0	0	56.0	
MPUH01000434.1 	1	54505 	54433 	Met	CAT	0	0	83.1	
MPUH01000442.1 	1	27594 	27524 	Arg	CCG	0	0	60.3	
MPUH01000444.1 	1	15064 	15136 	Thr	TGT	0	0	76.5	
MPUH01000446.1 	1	16965 	16895 	Gln	TTG	0	0	64.0	
MPUH01000449.1 	1	13322 	13252 	Gln	TTG	0	0	78.2	
MPUH01000456.1 	1	42480 	42410 	Gly	CCC	0	0	72.2	
MPUH01000046.1 	1	11911 	11839 	Lys	TTT	0	0	82.4	
MPUH01000460.1 	1	39474 	39312 	Ile	AAT	39436	39348	73.7	
MPUH01000461.1 	1	47014 	47086 	Thr	CGT	0	0	75.2	
MPUH01000464.1 	1	23044 	23116 	Asn	GTT	0	0	66.5	
MPUH01000047.1 	1	133560	133640	Ser	GCT	0	0	75.4	
MPUH01000474.1 	1	2834  	2906  	Lys	TTT	0	0	82.4	
MPUH01000474.1 	2	30402 	30474 	Glu	TTC	0	0	68.2	
MPUH01000478.1 	1	1479  	1550  	Cys	GCA	0	0	72.6	
MPUH01000478.1 	2	1635  	1706  	Cys	GCA	0	0	72.6	
MPUH01000481.1 	1	4358  	4288  	Gly	GCC	0	0	64.2	
MPUH01000482.1 	1	12506 	12577 	Gly	TCC	0	0	56.5	
MPUH01000494.1 	1	832   	904   	Ala	AGC	0	0	56.0	
MPUH01000494.1 	2	38503 	38432 	Gln	CTG	0	0	68.2	
MPUH01000005.1 	1	32071 	32000 	Pro	TGG	0	0	69.9	
MPUH01000501.1 	1	12846 	12927 	Leu	TAA	0	0	68.4	
MPUH01000503.1 	1	2449  	2529  	Ser	AGA	0	0	84.6	
MPUH01000513.1 	1	559   	486   	Ile	AAT	0	0	84.1	
MPUH01000518.1 	1	44880 	44808 	Ile	TAT	0	0	73.5	
MPUH01000519.1 	1	21478 	21550 	Arg	TCT	0	0	59.7	
MPUH01000529.1 	1	7437  	7509  	Glu	TTC	0	0	68.2	
MPUH01000530.1 	1	7750  	7680  	Gly	GCC	0	0	64.2	
MPUH01000536.1 	1	36172 	36101 	Val	CAC	0	0	75.4	
MPUH01000054.1 	1	95000 	94928 	Met	CAT	0	0	83.1	
MPUH01000548.1 	1	10804 	10721 	Leu	CAA	0	0	68.6	
MPUH01000559.1 	1	10602 	10673 	Gln	CTG	0	0	70.3	
MPUH01000056.1 	1	6661  	6732  	His	GTG	0	0	46.3	
MPUH01000561.1 	1	14952 	15023 	Trp	CCA	0	0	68.0	
MPUH01000561.1 	2	15441 	15512 	Trp	CCA	0	0	27.0	pseudo
MPUH01000567.1 	1	766   	849   	Leu	CAA	0	0	67.7	
MPUH01000568.1 	1	10113 	10042 	Trp	CCA	0	0	68.0	
MPUH01000570.1 	1	10306 	10376 	Gly	CCC	0	0	72.2	
MPUH01000058.1 	1	97688 	97759 	Ala	TGC	0	0	73.4	
MPUH01000059.1 	1	71122 	71042 	Ser	TGA	0	0	84.8	
MPUH01000597.1 	1	25275 	25354 	Leu	AAG	0	0	62.4	
MPUH01000006.1 	1	45660 	45740 	Ser	TGA	0	0	84.8	
MPUH01000006.1 	2	133694	133774	Ser	TGA	0	0	84.8	
MPUH01000060.1 	1	101712	101640	Thr	AGT	0	0	74.1	
MPUH01000604.1 	1	29218 	29289 	Undet	NNN	0	0	44.4	
MPUH01000605.1 	1	17456 	17538 	Tyr	GTA	17493	17502	72.1	
MPUH01000609.1 	1	31139 	31067 	Thr	CGT	0	0	53.3	
MPUH01000061.1 	1	22151 	22071 	Ser	AGA	0	0	85.1	
MPUH01000630.1 	1	13742 	13821 	Leu	AAG	0	0	62.4	
MPUH01000635.1 	1	11362 	11444 	Tyr	GTA	11399	11408	72.1	
MPUH01000639.1 	1	12142 	12213 	Gln	CTG	0	0	70.3	
MPUH01000639.1 	2	15762 	15834 	Lys	TTT	0	0	82.4	
MPUH01000640.1 	1	10416 	10344 	Asn	GTT	0	0	66.5	
MPUH01000648.1 	1	39219 	39290 	Pro	TGG	0	0	69.9	
MPUH01000656.1 	1	7922  	7840  	Tyr	GTA	7885	7876	72.1	
MPUH01000657.1 	1	16561 	16489 	Arg	CCT	0	0	64.8	
MPUH01000669.1 	1	6431  	6349  	Tyr	GTA	6394	6385	72.1	
MPUH01000670.1 	1	33867 	33933 	Leu	CAA	0	0	38.0	
MPUH01000675.1 	1	13837 	13909 	Ile	TAT	0	0	73.5	
MPUH01000677.1 	1	23935 	23862 	Ile	AAT	0	0	84.1	
MPUH01000687.1 	1	23074 	23145 	Trp	CCA	0	0	75.7	
MPUH01000687.1 	2	23543 	23614 	Trp	CCA	0	0	75.7	
MPUH01000689.1 	1	17304 	17232 	Glu	CTC	0	0	73.6	
MPUH01000069.1 	1	30918 	30990 	Thr	TGT	0	0	76.5	
MPUH01000696.1 	1	20616 	20687 	iMet	CAT	0	0	64.6	
MPUH01000697.1 	1	19540 	19468 	Asn	GTT	0	0	66.5	
MPUH01000007.1 	1	21521 	21594 	Ile	AAT	0	0	84.1	
MPUH01000070.1 	1	36954 	37026 	Thr	AGT	0	0	74.5	
MPUH01000070.1 	2	37895 	37967 	Thr	AGT	0	0	74.5	
MPUH01000070.1 	3	36682 	36610 	Thr	AGT	0	0	73.2	
MPUH01000711.1 	1	586   	658   	Arg	TCG	0	0	72.3	
MPUH01000715.1 	1	9192  	9264  	Lys	TTT	0	0	82.4	
MPUH01000072.1 	1	61911 	61840 	Trp	CCA	0	0	75.7	
MPUH01000722.1 	1	32380 	32308 	Ile	TAT	0	0	73.5	
MPUH01000725.1 	1	32627 	32547 	Ser	AGA	0	0	84.6	
MPUH01000735.1 	1	27895 	27823 	Ala	AGC	0	0	56.0	
MPUH01000074.1 	1	49364 	49434 	Arg	ACG	0	0	65.8	
MPUH01000749.1 	1	22054 	22124 	Arg	ACG	0	0	65.8	
MPUH01000075.1 	1	50021 	50092 	iMet	CAT	0	0	64.6	
MPUH01000776.1 	1	28808 	28737 	Pro	CGG	0	0	64.6	
MPUH01000776.1 	2	404   	333   	Pro	AGG	0	0	69.9	
MPUH01000787.1 	1	10079 	10150 	iMet	CAT	0	0	64.6	
MPUH01000793.1 	1	18554 	18482 	Val	AAC	0	0	73.5	
MPUH01000793.1 	2	15972 	15900 	Thr	CGT	0	0	72.9	
MPUH01000796.1 	1	31370 	31298 	Met	CAT	0	0	83.1	
MPUH01000080.1 	1	2748  	2676  	Val	TAC	0	0	75.8	
MPUH01000800.1 	1	15594 	15511 	Leu	CAA	0	0	70.2	
MPUH01000812.1 	1	2930  	3001  	iMet	CAT	0	0	64.6	
MPUH01000822.1 	1	7947  	7875  	Ser	GCT	0	0	48.8	
MPUH01000848.1 	1	10181 	10251 	Gln	TTG	0	0	78.2	
MPUH01000087.1 	1	37505 	37577 	Phe	GAA	0	0	80.4	
MPUH01000880.1 	1	7231  	7314  	Leu	CAA	0	0	70.2	
MPUH01000883.1 	1	13623 	13544 	Leu	AAG	0	0	62.4	
MPUH01000885.1 	1	22466 	22537 	Asp	GTC	0	0	73.3	
MPUH01000089.1 	1	87769 	87841 	Ala	AGC	0	0	56.0	
MPUH01000908.1 	1	15036 	14965 	Pro	AGG	0	0	69.9	
MPUH01000916.1 	1	7214  	7285  	Cys	GCA	0	0	72.6	
MPUH01000092.1 	1	24926 	24998 	Ile	TAT	0	0	73.5	
MPUH01000927.1 	1	4034  	3963  	Pro	CGG	0	0	64.6	
MPUH01000094.1 	1	29590 	29518 	Met	CAT	0	0	55.6	
MPUH01000951.1 	1	6415  	6495  	Ser	GCT	0	0	75.4	
MPUH01000956.1 	1	3498  	3427  	Undet	NNN	0	0	48.5	
MPUH01000957.1 	1	17886 	17815 	Undet	NNN	0	0	46.8	
MPUH01000959.1 	1	6822  	6751  	Asp	GTC	0	0	73.3	
MPUH01000096.1 	1	94765 	94837 	Lys	TTT	0	0	82.4	
MPUH01000096.1 	2	97516 	97588 	Lys	TTT	0	0	82.4	
MPUH01000960.1 	1	21550 	21622 	Thr	AGT	0	0	74.5	
MPUH01000965.1 	1	21630 	21558 	Val	TAC	0	0	75.8	
MPUH01000652.1 	1	24053 	23983 	His	GTG	0	0	39.2	
MPUH01000652.1 	2	9959  	9889  	Sup	TCA	0	0	41.2	
MPUH01000652.1 	3	5314  	5236  	Leu	TAA	0	0	50.5	
MPUH01000652.1 	4	5232  	5153  	Tyr	GTA	0	0	61.0	
