Sequence       		tRNA	Bounds	tRNA	Anti	Intron Bounds	Inf	      
Name           	tRNA #	Begin	End 	Type	Codon	Begin	End	Score	Note
--------       	------	-----	------	----	-----	-----	----	------	------
NW_002477052.1 	1	1071	1142	Cys	GCA	0	0	67.4	
NW_002477052.1 	2	1224	1295	Cys	GCA	0	0	74.6	
NW_002476999.1 	1	285 	357 	His	GTG	0	0	58.1	
NW_002476999.1 	2	712 	784 	His	GTG	0	0	58.1	
NW_002476769.1 	1	1001	929 	Ala	AGC	0	0	52.3	
NW_002476581.1 	1	116993	116920	Asn	GTT	0	0	85.2	
NW_002476580.1 	1	41007	40935	Lys	TTT	0	0	80.9	
NW_002476578.1 	1	71118	71198	Ser	CGA	0	0	73.3	
NW_002476578.1 	2	228216	228288	Ala	AGC	0	0	52.3	
NW_002476578.1 	3	228365	228437	Ala	AGC	0	0	52.3	
NW_002476578.1 	4	228519	228591	Ala	AGC	0	0	52.3	
NW_002476578.1 	5	169005	168933	Ala	AGC	0	0	52.3	
NW_002476578.1 	6	168864	168792	Ala	AGC	0	0	52.3	
NW_002476578.1 	7	168720	168648	Ala	AGC	0	0	52.3	
NW_002476578.1 	8	168575	168503	Ala	AGC	0	0	52.3	
NW_002476578.1 	9	168433	168361	Ala	AGC	0	0	52.3	
NW_002476578.1 	10	168286	168214	Ala	AGC	0	0	52.3	
NW_002476578.1 	11	168136	168064	Ala	AGC	0	0	52.3	
NW_002476578.1 	12	167993	167921	Ala	AGC	0	0	52.3	
NW_002476570.1 	1	68948	69019	Arg	TCT	0	0	70.8	
NW_002476570.1 	2	69098	69170	Ala	AGC	0	0	52.3	
NW_002476570.1 	3	74889	74961	Ala	AGC	0	0	52.3	
NW_002476570.1 	4	75155	75226	Arg	TCT	0	0	70.8	
NW_002476570.1 	5	75536	75608	Ala	AGC	0	0	52.3	
NW_002476570.1 	6	400682	400754	Phe	GAA	0	0	79.9	
NW_002476570.1 	7	535094	535165	Sup	TTA	0	0	75.1	
NW_002476570.1 	8	535376	535447	Sup	TTA	0	0	75.1	
NW_002476570.1 	9	535604	535675	Sup	TTA	0	0	75.1	
NW_002476570.1 	10	535868	535939	Sup	TTA	0	0	75.1	
NW_002476570.1 	11	561458	561530	Val	AAC	0	0	76.1	
NW_002476570.1 	12	703342	703413	Sup	TTA	0	0	75.1	
NW_002476570.1 	13	703974	704045	Sup	CTA	0	0	71.9	
NW_002476570.1 	14	704215	704286	Sup	CTA	0	0	71.9	
NW_002476570.1 	15	428254	428182	Phe	GAA	0	0	79.9	
NW_002476570.1 	16	420782	420710	Phe	GAA	0	0	82.3	
NW_002476570.1 	17	352472	352400	Lys	CTT	0	0	90.6	
NW_002476570.1 	18	352275	352203	Lys	CTT	0	0	90.6	
NW_002476570.1 	19	206456	206385	Arg	TCT	0	0	70.8	
NW_002476570.1 	20	192003	191932	Arg	TCT	0	0	70.8	
NW_002476570.1 	21	70655	70583	Ala	AGC	0	0	52.3	
NW_002476567.1 	1	226255	226327	Lys	CTT	0	0	90.6	
NW_002476567.1 	2	498699	498771	Val	CAC	0	0	71.3	
NW_002476567.1 	3	499073	499145	Val	CAC	0	0	73.1	
NW_002476567.1 	4	923482	923409	Met	CAT	0	0	83.3	
NW_002476567.1 	5	545847	545775	Thr	AGT	0	0	83.7	
NW_002476563.1 	1	124840	124767	Asn	GTT	0	0	85.2	
NW_002476559.1 	1	928029	928102	Asn	GTT	0	0	84.0	
NW_002476559.1 	2	928214	928287	Asn	GTT	0	0	84.0	
NW_002476559.1 	3	928370	928443	Asn	GTT	0	0	84.0	
NW_002476559.1 	4	928563	928636	Asn	GTT	0	0	84.0	
NW_002476559.1 	5	928764	928837	Asn	GTT	0	0	84.0	
NW_002476559.1 	6	928962	929035	Asn	GTT	0	0	84.0	
NW_002476559.1 	7	1309391	1309463	Phe	GAA	0	0	79.9	
NW_002476559.1 	8	1794818	1794889	Asp	GTC	0	0	72.9	
NW_002476559.1 	9	1648093	1648011	Leu	TAA	0	0	64.0	
NW_002476559.1 	10	428442	428370	Lys	TTT	0	0	80.9	
NW_002476559.1 	11	426780	426708	Lys	TTT	0	0	80.9	
NW_002476559.1 	12	425983	425911	Lys	TTT	0	0	80.9	
NW_002476559.1 	13	36021	35951	Gly	GCC	0	0	72.7	
NW_002476559.1 	14	35706	35636	Gly	GCC	0	0	72.7	
NW_002476554.1 	1	233117	233188	Pro	AGG	0	0	55.8	
NW_002476554.1 	2	235995	236066	Pro	AGG	0	0	55.8	
NW_002476554.1 	3	236744	236815	Pro	AGG	0	0	55.8	
NW_002476554.1 	4	866160	866240	Ser	AGA	0	0	75.3	
NW_002476554.1 	5	866400	866480	Ser	AGA	0	0	75.3	
NW_002476554.1 	6	866665	866745	Ser	AGA	0	0	75.3	
NW_002476554.1 	7	867028	867108	Ser	AGA	0	0	75.3	
NW_002476554.1 	8	867270	867350	Ser	AGA	0	0	75.3	
NW_002476554.1 	9	867527	867607	Ser	AGA	0	0	75.3	
NW_002476544.1 	1	812940	812867	Asn	GTT	0	0	84.0	
NW_002476544.1 	2	812705	812632	Asn	GTT	0	0	84.0	
NW_002476544.1 	3	800418	800345	Asn	GTT	0	0	84.0	
NW_002476544.1 	4	781829	781750	Leu	AAG	0	0	65.3	
NW_002476544.1 	5	781646	781567	Leu	AAG	0	0	65.3	
NW_002476544.1 	6	781134	781055	Leu	AAG	0	0	65.3	
NW_002476544.1 	7	780915	780836	Leu	AAG	0	0	65.3	
NW_002476544.1 	8	780612	780533	Leu	AAG	0	0	65.3	
NW_002476544.1 	9	780429	780350	Leu	AAG	0	0	65.3	
NW_002476544.1 	10	780017	779938	Leu	AAG	0	0	65.3	
NW_002476544.1 	11	768800	768728	Phe	GAA	0	0	82.3	
NW_002476544.1 	12	92375	92303	Lys	CTT	0	0	90.6	
NW_002476544.1 	13	92107	92035	Glu	TTC	0	0	61.8	
NW_002476544.1 	14	85885	85813	Lys	CTT	0	0	90.6	
NW_002476544.1 	15	85571	85499	Glu	TTC	0	0	61.8	
NW_002476542.1 	1	110463	110534	Asp	GTC	0	0	72.9	
NW_002476542.1 	2	124599	124670	Asp	GTC	0	0	72.9	
NW_002476542.1 	3	133259	133330	Asp	GTC	0	0	72.9	
NW_002476542.1 	4	134876	134947	Asp	GTC	0	0	72.9	
NW_002476542.1 	5	150 	67  	Tyr	GTA	113	103	69.9	
NW_002476535.1 	1	161954	162026	Glu	TTC	0	0	61.8	
NW_002476535.1 	2	298749	298678	Gln	TTG	0	0	67.9	
NW_002476535.1 	3	298495	298424	Gln	TTG	0	0	67.9	
NW_002476535.1 	4	298339	298268	Gln	TTG	0	0	67.9	
NW_002476535.1 	5	107227	107145	Leu	TAA	0	0	64.0	
NW_002476534.1 	1	174232	174312	Ser	AGA	0	0	75.3	
NW_002476534.1 	2	174685	174765	Ser	AGA	0	0	75.3	
NW_002476534.1 	3	863767	863695	Lys	CTT	0	0	90.6	
NW_002476534.1 	4	863224	863152	Lys	CTT	0	0	90.6	
NW_002476527.1 	1	98357	98429	Glu	TTC	0	0	61.8	
NW_002476527.1 	2	98536	98608	Glu	TTC	0	0	61.8	
NW_002476527.1 	3	98709	98781	Glu	TTC	0	0	61.8	
NW_002476527.1 	4	98876	98948	Glu	TTC	0	0	61.8	
NW_002476527.1 	5	99049	99121	Glu	TTC	0	0	61.8	
NW_002476527.1 	6	99386	99458	Glu	TTC	0	0	61.8	
NW_002476527.1 	7	99555	99627	Glu	TTC	0	0	61.8	
NW_002476527.1 	8	100000	100072	Glu	TTC	0	0	61.8	
NW_002476527.1 	9	100199	100271	Glu	TTC	0	0	61.8	
NW_002476522.1 	1	16858	16930	Glu	TTC	0	0	61.8	
NW_002476522.1 	2	17004	17076	Glu	TTC	0	0	61.8	
NW_002476522.1 	3	407625	407553	Lys	TTT	0	0	80.9	
NW_002476522.1 	4	407444	407372	Lys	TTT	0	0	80.9	
NW_002476522.1 	5	332676	332604	Thr	AGT	0	0	83.7	
NW_002476522.1 	6	170507	170434	Ile	AAT	0	0	82.7	
NW_002476519.1 	1	61162	61232	Gly	GCC	0	0	72.7	
NW_002476512.1 	1	191793	191875	Leu	TAA	0	0	64.0	
NW_002476512.1 	2	192246	192328	Leu	TAA	0	0	64.0	
NW_002476512.1 	3	192722	192804	Leu	TAA	0	0	64.0	
NW_002476512.1 	4	1109651	1109722	Cys	GCA	0	0	67.4	
NW_002476512.1 	5	1110132	1110202	Cys	GCA	0	0	68.6	
NW_002476512.1 	6	1110361	1110432	Cys	GCA	0	0	80.3	
NW_002476512.1 	7	1110586	1110657	Cys	GCA	0	0	80.3	
NW_002476512.1 	8	1438353	1438425	Val	AAC	0	0	76.1	
NW_002476512.1 	9	1444654	1444726	Val	AAC	0	0	76.1	
NW_002476512.1 	10	1035856	1035775	Ser	AGA	0	0	65.0	
NW_002476512.1 	11	1035662	1035581	Ser	AGA	0	0	65.0	
NW_002476512.1 	12	1035490	1035409	Ser	TGA	0	0	64.1	
NW_002476512.1 	13	191277	191195	Leu	TAA	0	0	64.0	
NW_002476511.1 	1	52264	52193	Asp	GTC	0	0	72.9	
NW_002476508.1 	1	290904	290976	Lys	CTT	0	0	90.6	
NW_002476507.1 	1	822712	822632	Ser	AGA	0	0	75.3	
NW_002476484.1 	1	280144	280225	Leu	CAA	0	0	66.9	
NW_002476484.1 	2	280391	280472	Leu	CAA	0	0	66.9	
NW_002476484.1 	3	281270	281351	Leu	CAA	0	0	66.9	
NW_002476484.1 	4	281525	281606	Leu	CAA	0	0	66.9	
NW_002476484.1 	5	283269	283350	Leu	CAA	0	0	66.9	
NW_002476484.1 	6	283738	283819	Leu	CAA	0	0	66.9	
NW_002476484.1 	7	284059	284140	Leu	CAA	0	0	66.9	
NW_002476484.1 	8	615349	615419	Gly	GCC	0	0	72.7	
NW_002476484.1 	9	622386	622456	Gly	GCC	0	0	72.7	
NW_002476484.1 	10	280895	280814	Leu	CAA	0	0	65.8	
NW_002476484.1 	11	280616	280535	Leu	CAA	0	0	66.9	
NW_002476484.1 	12	138842	138769	Asn	GTT	0	0	85.2	
NW_002476483.1 	1	223254	223174	Undet	NNN	0	0	36.6	
NW_002476483.1 	2	130776	130694	Leu	TAA	0	0	64.0	
NW_002476483.1 	3	107430	107348	Leu	TAA	0	0	64.0	
NW_002476481.1 	1	1183080	1183163	Tyr	GTA	1183117	1183127	69.9	
NW_002476481.1 	2	1015294	1015222	His	GTG	0	0	58.1	
NW_002476481.1 	3	1015037	1014965	His	GTG	0	0	58.1	
NW_002476481.1 	4	1014719	1014647	His	GTG	0	0	58.1	
NW_002476481.1 	5	1014293	1014221	His	GTG	0	0	58.1	
NW_002476481.1 	6	1014033	1013961	His	GTG	0	0	58.1	
NW_002476481.1 	7	1013693	1013621	His	GTG	0	0	58.1	
NW_002476481.1 	8	1011168	1011096	Lys	TTT	0	0	80.9	
NW_002476481.1 	9	790913	790841	Phe	GAA	0	0	79.9	
NW_002476481.1 	10	790520	790448	Phe	GAA	0	0	79.9	
NW_002476481.1 	11	160781	160710	iMet	CAT	0	0	55.3	
NW_002476481.1 	12	156213	156142	iMet	CAT	0	0	52.6	
NW_002476481.1 	13	152216	152145	iMet	CAT	0	0	55.3	
NW_002476481.1 	14	142977	142906	iMet	CAT	0	0	55.3	
NW_002476481.1 	15	134900	134829	iMet	CAT	0	0	55.3	
NW_002476481.1 	16	32941	32869	Glu	TTC	0	0	61.8	
NW_002476481.1 	17	32793	32721	Glu	TTC	0	0	61.8	
NW_002476477.1 	1	69258	69185	Asn	GTT	0	0	85.2	
NW_002476476.1 	1	17519	17590	Pro	AGG	0	0	55.8	
NW_002476476.1 	2	17682	17753	Pro	AGG	0	0	55.8	
NW_002476476.1 	3	17825	17896	Pro	AGG	0	0	55.8	
NW_002476476.1 	4	18095	18166	Pro	AGG	0	0	55.8	
NW_002476476.1 	5	18412	18483	Pro	AGG	0	0	55.8	
NW_002476476.1 	6	39056	39136	Ser	AGA	0	0	75.3	
NW_002476476.1 	7	39281	39361	Ser	AGA	0	0	75.3	
NW_002476476.1 	8	39479	39559	Ser	AGA	0	0	75.3	
NW_002476476.1 	9	39690	39770	Ser	AGA	0	0	75.3	
NW_002476476.1 	10	40453	40533	Ser	AGA	0	0	75.3	
NW_002476476.1 	11	40720	40793	Asn	GTT	0	0	85.2	
NW_002476476.1 	12	92562	92633	Gln	TTG	0	0	67.9	
NW_002476476.1 	13	92769	92840	Gln	TTG	0	0	67.9	
NW_002476472.1 	1	107660	107731	Asp	GTC	0	0	72.9	
NW_002476472.1 	2	123581	123652	Asp	GTC	0	0	72.9	
NW_002476472.1 	3	133522	133593	Asp	GTC	0	0	72.9	
NW_002476472.1 	4	172770	172699	Cys	GCA	0	0	67.4	
NW_002476472.1 	5	172617	172546	Cys	GCA	0	0	74.6	
NW_002476472.1 	6	172470	172399	Cys	GCA	0	0	74.6	
NW_002476472.1 	7	172319	172248	Cys	GCA	0	0	74.6	
NW_002476472.1 	8	172169	172098	Cys	GCA	0	0	74.6	
NW_002476472.1 	9	172017	171946	Cys	GCA	0	0	74.6	
NW_002476472.1 	10	171867	171796	Cys	GCA	0	0	74.6	
NW_002476472.1 	11	167049	166978	Cys	GCA	0	0	67.4	
NW_002476463.1 	1	1272894	1272967	Asn	GTT	0	0	85.2	
NW_002476463.1 	2	1753339	1753412	Asn	GTT	0	0	85.2	
NW_002476457.1 	1	90245	90316	Asp	GTC	0	0	72.9	
NW_002476457.1 	2	101518	101589	Asp	GTC	0	0	72.9	
NW_002476457.1 	3	539801	539872	Sup	TTA	0	0	75.1	
NW_002476457.1 	4	540130	540201	Sup	TTA	0	0	75.1	
NW_002476457.1 	5	540839	540910	Sup	TTA	0	0	75.1	
NW_002476457.1 	6	541206	541277	Sup	TTA	0	0	27.9	pseudo
NW_002476457.1 	7	541560	541631	Sup	CTA	0	0	65.1	
NW_002476457.1 	8	541833	541904	Sup	TTA	0	0	75.1	
NW_002476457.1 	9	542122	542193	Sup	TTA	0	0	75.1	
NW_002476457.1 	10	542629	542694	Sup	TTA	0	0	23.0	pseudo
NW_002476457.1 	11	543081	543152	Sup	TTA	0	0	75.1	
NW_002476457.1 	12	543333	543404	Sup	TTA	0	0	75.1	
NW_002476457.1 	13	543824	543895	Sup	TTA	0	0	75.1	
NW_002476457.1 	14	544103	544174	Sup	TTA	0	0	75.1	
NW_002476457.1 	15	544479	544550	Sup	TTA	0	0	75.1	
NW_002476457.1 	16	544945	545016	Sup	TTA	0	0	75.1	
NW_002476457.1 	17	581982	582053	Sup	TTA	0	0	75.1	
NW_002476457.1 	18	23037	22955	Leu	TAA	0	0	64.0	
NW_002476454.1 	1	707900	707830	Gly	TCC	0	0	68.2	
NW_002476452.1 	1	248791	248862	Trp	CCA	0	0	73.8	
NW_002476452.1 	2	249089	249161	Trp	CCA	0	0	69.8	
NW_002476452.1 	3	249420	249492	Trp	CCA	0	0	60.7	
NW_002476452.1 	4	249598	249670	Trp	CCA	0	0	68.7	
NW_002476452.1 	5	249946	250018	Trp	CCA	0	0	69.8	
NW_002476452.1 	6	65837	65765	Trp	CCA	0	0	69.8	
NW_002476449.1 	1	12495	12567	Lys	TTT	0	0	80.9	
NW_002476449.1 	2	19794	19722	Lys	TTT	0	0	80.9	
NW_002476449.1 	3	19576	19504	Lys	TTT	0	0	48.3	
NW_002476449.1 	4	14170	14098	Lys	TTT	0	0	80.9	
NW_002476449.1 	5	13916	13844	Lys	TTT	0	0	76.5	
NW_002476448.1 	1	12027	12099	Glu	CTC	0	0	69.6	
NW_002476448.1 	2	37942	38014	Glu	TTC	0	0	61.8	
NW_002476445.1 	1	45257	45174	Tyr	GTA	45220	45210	69.9	
NW_002476445.1 	2	44971	44900	Leu	CAG	0	0	44.3	
NW_002476443.1 	1	44724	44795	iMet	CAT	0	0	55.3	
NW_002476440.1 	1	141778	141849	Pro	AGG	0	0	55.8	
NW_002476440.1 	2	106212	106141	Pro	AGG	0	0	55.8	
NW_002476440.1 	3	105652	105581	Pro	AGG	0	0	55.8	
NW_002476440.1 	4	98959	98888	Pro	AGG	0	0	55.8	
NW_002476437.1 	1	159158	159230	Glu	TTC	0	0	61.8	
NW_002476437.1 	2	180583	180655	Glu	TTC	0	0	61.8	
NW_002476437.1 	3	186693	186765	Glu	TTC	0	0	61.8	
NW_002476437.1 	4	204112	204184	Glu	TTC	0	0	61.8	
NW_002476437.1 	5	241990	241917	Asn	GTT	0	0	85.2	
NW_002476434.1 	1	1085488	1085571	Tyr	GTA	1085525	1085535	69.9	
NW_002476434.1 	2	1680104	1680034	Gly	GCC	0	0	72.7	
NW_002476433.1 	1	75321	75402	Ser	GCT	0	0	76.3	
NW_002476433.1 	2	369472	369400	Val	AAC	0	0	76.1	
NW_002476433.1 	3	151111	151039	Val	AAC	0	0	76.1	
NW_002476433.1 	4	82687	82614	Asn	GTT	0	0	85.2	
NW_002476433.1 	5	75530	75457	Asn	GTT	0	0	85.2	
NW_002476432.1 	1	371028	371110	Leu	TAA	0	0	64.0	
NW_002476430.1 	1	142061	142133	Lys	CTT	0	0	90.6	
NW_002476430.1 	2	145603	145675	Lys	CTT	0	0	90.6	
NW_002476430.1 	3	185480	185407	Ile	TAT	0	0	86.6	
NW_002476430.1 	4	185197	185124	Ile	TAT	0	0	86.6	
NW_002476430.1 	5	184888	184815	Ile	TAT	0	0	86.6	
NW_002476430.1 	6	181349	181276	Ile	TAT	0	0	86.6	
NW_002476426.1 	1	882115	882187	Val	TAC	0	0	75.8	
NW_002476426.1 	2	1253863	1253791	Lys	CTT	0	0	90.6	
NW_002476425.1 	1	148844	148773	Arg	ACG	0	0	79.3	
NW_002476425.1 	2	148589	148518	Arg	ACG	0	0	79.3	
NW_002476425.1 	3	148334	148263	Arg	ACG	0	0	81.2	
NW_002476425.1 	4	148085	148014	Arg	ACG	0	0	81.2	
NW_002476425.1 	5	147935	147864	Arg	ACG	0	0	79.3	
NW_002476425.1 	6	147794	147723	Arg	ACG	0	0	79.3	
NW_002476425.1 	7	147475	147404	Arg	ACG	0	0	79.3	
NW_002476425.1 	8	147195	147124	Arg	ACG	0	0	79.3	
NW_002476422.1 	1	506758	506830	Lys	CTT	0	0	90.6	
NW_002476421.1 	1	342615	342536	Leu	AAG	0	0	65.3	
NW_002476421.1 	2	136124	136052	Phe	GAA	0	0	82.3	
NW_002476421.1 	3	54003	53931	Lys	CTT	0	0	90.6	
NW_002476418.1 	1	701959	702031	Glu	TTC	0	0	61.8	
NW_002476418.1 	2	996762	996691	Asp	GTC	0	0	72.9	
NW_002476418.1 	3	34447	34364	Tyr	GTA	34410	34400	69.9	
NW_002476417.1 	1	221721	221792	Sup	CTA	0	0	71.9	
NW_002476417.1 	2	430565	430636	Asp	GTC	0	0	72.9	
NW_002476417.1 	3	754695	754766	Asp	GTC	0	0	72.9	
NW_002476417.1 	4	801300	801217	Tyr	GTA	801263	801253	69.9	
NW_002476417.1 	5	801050	800967	Tyr	GTA	801013	801003	56.2	
NW_002476417.1 	6	800608	800525	Tyr	GTA	800571	800561	69.9	
NW_002476417.1 	7	800344	800262	Tyr	GTA	800307	800297	56.8	
NW_002476417.1 	8	800096	800013	Tyr	GTA	800059	800049	69.9	
NW_002476417.1 	9	799667	799584	Tyr	GTA	799630	799620	69.9	
NW_002476417.1 	10	799408	799325	Tyr	GTA	799371	799361	69.9	
NW_002476417.1 	11	798972	798899	Met	CAT	0	0	83.3	
NW_002476417.1 	12	784481	784409	Lys	CTT	0	0	90.6	
NW_002476417.1 	13	766434	766363	Sup	CTA	0	0	71.9	
NW_002476417.1 	14	10856	10784	Glu	TTC	0	0	61.8	
NW_002476414.1 	1	45275	45347	Ala	AGC	0	0	52.3	
NW_002476414.1 	2	49511	49583	Ala	AGC	0	0	52.3	
NW_002476414.1 	3	83042	83113	Asp	GTC	0	0	72.9	
NW_002476414.1 	4	119833	119904	Asp	GTC	0	0	72.9	
NW_002476414.1 	5	95637	95566	Asp	GTC	0	0	72.9	
NW_002476413.1 	1	246217	246300	Tyr	GTA	246254	246264	69.9	
NW_002476413.1 	2	307152	307224	Lys	CTT	0	0	90.6	
NW_002476413.1 	3	312041	312113	Lys	CTT	0	0	90.6	
NW_002476413.1 	4	312613	312685	Lys	CTT	0	0	90.6	
NW_002476413.1 	5	339406	339335	Arg	TCT	0	0	70.8	
NW_002476413.1 	6	338992	338921	Arg	TCT	0	0	70.8	
NW_002476413.1 	7	338423	338352	Arg	TCT	0	0	70.8	
NW_002476413.1 	8	337940	337869	Arg	TCT	0	0	70.8	
NW_002476413.1 	9	337505	337434	Arg	TCT	0	0	70.8	
NW_002476413.1 	10	336932	336861	Arg	TCT	0	0	70.8	
NW_002476413.1 	11	336571	336500	Arg	TCT	0	0	70.8	
NW_002476413.1 	12	336265	336194	Arg	TCT	0	0	70.8	
NW_002476413.1 	13	336123	336052	Arg	TCT	0	0	70.8	
NW_002476412.1 	1	53985	54059	Asn	GTT	0	0	31.6	
NW_002476412.1 	2	55942	56013	Asp	GTC	0	0	72.9	
NW_002476412.1 	3	28236	28164	Trp	CCA	0	0	61.6	
NW_002476412.1 	4	27949	27877	Undet	NNN	0	0	56.0	
NW_002476412.1 	5	27646	27574	Trp	CCA	0	0	55.9	
NW_002476412.1 	6	27179	27107	Trp	CCA	0	0	48.9	
NW_002476412.1 	7	25539	25467	Trp	CCA	0	0	64.3	
NW_002476407.1 	1	817519	817590	Asp	GTC	0	0	72.9	
NW_002476407.1 	2	978952	978879	Ile	AAT	0	0	82.7	
NW_002476406.1 	1	82114	82186	Glu	CTC	0	0	75.6	
NW_002476391.1 	1	67833	67762	iMet	CAT	0	0	55.3	
NW_002476391.1 	2	67636	67565	iMet	CAT	0	0	55.3	
NW_002476391.1 	3	67439	67368	iMet	CAT	0	0	55.3	
NW_002476391.1 	4	67244	67173	iMet	CAT	0	0	55.3	
NW_002476391.1 	5	67047	66976	iMet	CAT	0	0	55.3	
NW_002476391.1 	6	66852	66781	iMet	CAT	0	0	48.2	
NW_002476391.1 	7	66593	66522	iMet	CAT	0	0	55.3	
NW_002476391.1 	8	66391	66320	iMet	CAT	0	0	55.3	
NW_002476381.1 	1	101547	101620	Met	CAT	0	0	83.3	
NW_002476381.1 	2	498472	498401	Cys	GCA	0	0	67.4	
NW_002476380.1 	1	295788	295861	Ile	AAT	0	0	82.7	
NW_002476380.1 	2	295949	296022	Ile	AAT	0	0	82.7	
NW_002476380.1 	3	310534	310605	Arg	TCT	0	0	70.8	
NW_002476380.1 	4	330125	330204	Leu	AAG	0	0	65.3	
NW_002476380.1 	5	654432	654503	Arg	TCT	0	0	70.8	
NW_002476380.1 	6	393402	393323	Leu	AAG	0	0	65.3	
NW_002476380.1 	7	257579	257496	Tyr	GTA	257542	257532	69.9	
NW_002476380.1 	8	257404	257321	Tyr	GTA	257367	257357	69.9	
NW_002476380.1 	9	122368	122297	Sup	TTA	0	0	75.1	
NW_002476379.1 	1	74436	74365	Gln	TTG	0	0	67.9	
NW_002476379.1 	2	71989	71918	Gln	TTG	0	0	67.9	
NW_002476379.1 	3	17076	17004	Phe	GAA	0	0	79.9	
NW_002476377.1 	1	65526	65598	Phe	GAA	0	0	82.3	
NW_002476377.1 	2	122083	122010	Ile	TAT	0	0	83.5	
NW_002476377.1 	3	121732	121659	Ile	TAT	0	0	83.5	
NW_002476377.1 	4	121445	121372	Ile	TAT	0	0	83.5	
NW_002476376.1 	1	15089	15160	Gln	TTG	0	0	67.9	
NW_002476373.1 	1	36666	36584	Ile	AAT	0	0	49.4	
NW_002476370.1 	1	120276	120348	Lys	CTT	0	0	90.6	
NW_002476370.1 	2	120914	120986	Glu	TTC	0	0	61.8	
NW_002476370.1 	3	216150	216222	Glu	TTC	0	0	61.8	
NW_002476370.1 	4	216767	216839	Glu	TTC	0	0	61.8	
NW_002476370.1 	5	219488	219560	Glu	TTC	0	0	61.8	
NW_002476370.1 	6	277707	277787	Ser	AGA	0	0	75.3	
NW_002476370.1 	7	369178	369261	Tyr	GTA	369215	369225	69.9	
NW_002476370.1 	8	782822	782893	iMet	CAT	0	0	55.3	
NW_002476370.1 	9	783111	783182	iMet	CAT	0	0	55.3	
NW_002476370.1 	10	701915	701843	Val	AAC	0	0	76.1	
NW_002476370.1 	11	315012	314941	Sup	CTA	0	0	71.9	
NW_002476370.1 	12	314698	314627	Sup	CTA	0	0	71.9	
NW_002476369.1 	1	212540	212458	Leu	TAA	0	0	64.0	
NW_002476369.1 	2	205816	205734	Leu	TAA	0	0	64.0	
NW_002476369.1 	3	205454	205372	Leu	TAA	0	0	64.0	
NW_002476369.1 	4	204699	204618	Leu	TAA	0	0	54.1	
NW_002476369.1 	5	123209	123138	Asp	GTC	0	0	72.9	
NW_002476368.1 	1	595283	595354	Asp	GTC	0	0	72.9	
NW_002476368.1 	2	624511	624583	Ala	AGC	0	0	52.3	
NW_002476368.1 	3	624748	624820	Ala	AGC	0	0	52.3	
NW_002476368.1 	4	624944	625016	Ala	AGC	0	0	52.3	
NW_002476368.1 	5	624414	624342	Ala	AGC	0	0	52.3	
NW_002476368.1 	6	624058	623986	Ala	AGC	0	0	52.3	
NW_002476368.1 	7	152897	152824	Asn	GTT	0	0	85.2	
NW_002476368.1 	8	2918	2847	Sup	TTA	0	0	75.1	
NW_002476365.1 	1	730747	730818	Sup	TTA	0	0	75.1	
NW_002476365.1 	2	756670	756753	Tyr	GTA	756707	756717	69.9	
NW_002476365.1 	3	739370	739298	Ala	AGC	0	0	52.3	
NW_002476365.1 	4	739228	739156	Ala	AGC	0	0	52.3	
NW_002476365.1 	5	739087	739015	Ala	AGC	0	0	52.3	
NW_002476365.1 	6	457500	457429	Sup	TTA	0	0	75.1	
NW_002476364.1 	1	182477	182395	Leu	TAA	0	0	64.0	
NW_002476363.1 	1	68774	68845	Arg	TCT	0	0	50.2	
NW_002476363.1 	2	69840	69910	Undet	NNN	0	0	37.2	
NW_002476363.1 	3	251102	251174	Ala	CGC	0	0	51.2	
NW_002476363.1 	4	251310	251382	Ala	TGC	0	0	56.7	
NW_002476363.1 	5	467997	468069	Val	TAC	0	0	75.8	
NW_002476363.1 	6	468233	468305	Val	TAC	0	0	75.8	
NW_002476363.1 	7	561225	561297	Glu	TTC	0	0	61.8	
NW_002476363.1 	8	36264	36193	Asp	GTC	0	0	72.9	
NW_002476363.1 	9	35896	35825	Asp	GTC	0	0	72.9	
NW_002476363.1 	10	35627	35556	Asp	GTC	0	0	72.9	
NW_002476362.1 	1	53828	53756	Phe	GAA	0	0	79.9	
NW_002476361.1 	1	101311	101382	Sup	TTA	0	0	75.1	
NW_002476359.1 	1	191434	191355	Leu	AAG	0	0	65.3	
NW_002476355.1 	1	569 	497 	Lys	TTT	0	0	80.9	
NW_002476354.1 	1	60610	60682	Lys	TTT	0	0	80.9	
NW_002476354.1 	2	61987	62059	Lys	TTT	0	0	80.9	
NW_002476354.1 	3	80456	80527	Sup	TTA	0	0	75.1	
NW_002476353.1 	1	26334	26406	Val	AAC	0	0	76.1	
NW_002476351.1 	1	273451	273379	Lys	TTT	0	0	80.9	
NW_002476350.1 	1	214856	214928	Val	AAC	0	0	76.1	
NW_002476347.1 	1	122680	122753	Met	CAT	0	0	83.3	
NW_002476347.1 	2	122917	122990	Met	CAT	0	0	83.3	
NW_002476347.1 	3	123135	123208	Met	CAT	0	0	83.3	
NW_002476347.1 	4	123369	123442	Met	CAT	0	0	83.3	
NW_002476342.1 	1	79016	78944	Glu	TTC	0	0	61.8	
NW_002476342.1 	2	77911	77839	Glu	TTC	0	0	61.8	
NW_002476342.1 	3	26417	26346	iMet	CAT	0	0	55.3	
NW_002476336.1 	1	259882	259963	Leu	CAA	0	0	66.9	
NW_002476336.1 	2	260046	260127	Leu	CAA	0	0	66.9	
NW_002476336.1 	3	298607	298679	Phe	GAA	0	0	79.9	
NW_002476336.1 	4	371901	371828	Met	CAT	0	0	83.3	
NW_002476336.1 	5	371754	371681	Met	CAT	0	0	83.3	
NW_002476336.1 	6	271523	271451	Ala	AGC	0	0	52.3	
NW_002476335.1 	1	645084	645014	Gly	GCC	0	0	72.7	
NW_002476334.1 	1	1305	1376	Gln	TTG	0	0	67.9	
NW_002476334.1 	2	54579	54659	Ser	AGA	0	0	76.5	
NW_002476334.1 	3	147043	147113	Gly	TCC	0	0	68.2	
NW_002476334.1 	4	147517	147587	Gly	TCC	0	0	67.3	
NW_002476334.1 	5	147792	147862	Gly	CCC	0	0	65.6	
NW_002476334.1 	6	2527	2456	Gln	TTG	0	0	67.9	
NW_002476334.1 	7	2277	2206	Gln	TTG	0	0	67.9	
NW_002476334.1 	8	2003	1932	Gln	TTG	0	0	67.9	
NW_002476334.1 	9	1759	1688	Gln	TTG	0	0	67.9	
NW_002476334.1 	10	868 	797 	Gln	CTG	0	0	70.2	
NW_002476334.1 	11	588 	517 	Gln	CTG	0	0	73.1	
NW_002476322.1 	1	192146	192219	Ile	AAT	0	0	82.7	
NW_002476322.1 	2	497001	497074	Ile	TAT	0	0	83.5	
NW_002476322.1 	3	689299	689227	Glu	CTC	0	0	69.6	
NW_002476322.1 	4	688896	688824	Glu	CTC	0	0	69.6	
NW_002476322.1 	5	688480	688408	Glu	CTC	0	0	69.6	
NW_002476322.1 	6	688323	688251	Glu	CTC	0	0	69.6	
NW_002476322.1 	7	615007	614934	Asn	GTT	0	0	85.2	
NW_002476322.1 	8	614850	614777	Asn	GTT	0	0	85.2	
NW_002476322.1 	9	614699	614627	Glu	CTC	0	0	69.6	
NW_002476322.1 	10	195278	195205	Ile	AAT	0	0	82.7	
NW_002476322.1 	11	195051	194978	Ile	AAT	0	0	82.7	
NW_002476322.1 	12	194759	194686	Ile	AAT	0	0	82.7	
NW_002476322.1 	13	191548	191475	Ile	AAT	0	0	82.7	
NW_002476322.1 	14	54330	54258	Glu	TTC	0	0	61.8	
NW_002476320.1 	1	215363	215435	Lys	CTT	0	0	90.6	
NW_002476320.1 	2	215583	215655	Lys	CTT	0	0	90.6	
NW_002476320.1 	3	215783	215855	Lys	CTT	0	0	90.6	
NW_002476319.1 	1	326765	326694	Pro	TGG	0	0	67.8	
NW_002476319.1 	2	326553	326482	Pro	TGG	0	0	67.8	
NW_002476319.1 	3	326341	326270	Pro	TGG	0	0	67.8	
NW_002476319.1 	4	325595	325524	Pro	TGG	0	0	67.8	
NW_002476319.1 	5	324577	324506	Trp	CCA	0	0	50.7	
NW_002476319.1 	6	324198	324127	Trp	CCA	0	0	50.7	
NW_002476319.1 	7	323803	323732	Trp	CCA	0	0	50.4	
NW_002476319.1 	8	323427	323356	Trp	CCA	0	0	47.4	
NW_002476319.1 	9	323093	323022	Trp	CCA	0	0	50.4	
NW_002476319.1 	10	322350	322279	Pro	TGG	0	0	67.8	
NW_002476319.1 	11	322057	321986	Pro	TGG	0	0	67.8	
NW_002476318.1 	1	430 	500 	Gly	GCC	0	0	72.7	
NW_002476318.1 	2	889 	959 	Gly	GCC	0	0	72.7	
NW_002476317.1 	1	779862	779934	Thr	AGT	0	0	83.7	
NW_002476317.1 	2	780119	780191	Thr	AGT	0	0	83.7	
NW_002476317.1 	3	926843	926771	Phe	GAA	0	0	79.9	
NW_002476317.1 	4	797375	797303	Val	AAC	0	0	76.1	
NW_002476301.1 	1	131128	131198	Gly	GCC	0	0	72.7	
NW_002476290.1 	1	258676	258604	Lys	CTT	0	0	90.6	
NW_002476290.1 	2	258464	258392	Lys	CTT	0	0	90.6	
NW_002476288.1 	1	1983	2065	Leu	TAA	0	0	64.0	
NW_002476288.1 	2	16098	16025	Asn	GTT	0	0	85.2	
NW_002476288.1 	3	3001	2930	Arg	TCT	0	0	70.8	
NW_002476288.1 	4	2572	2501	Arg	TCT	0	0	70.8	
NW_002476288.1 	5	2373	2302	Arg	TCT	0	0	70.8	
NW_002476288.1 	6	2187	2116	Arg	TCT	0	0	70.8	
NW_002476272.1 	1	4488	4561	Ile	AAT	0	0	82.7	
NW_002476272.1 	2	4679	4752	Ile	AAT	0	0	82.7	
NW_002476272.1 	3	4852	4925	Ile	AAT	0	0	82.7	
NW_002476272.1 	4	5044	5117	Ile	AAT	0	0	82.7	
NW_002476272.1 	5	5266	5339	Ile	AAT	0	0	82.7	
NW_002476272.1 	6	5458	5531	Ile	AAT	0	0	82.7	
NW_002476272.1 	7	5679	5752	Ile	AAT	0	0	82.7	
NW_002476272.1 	8	5858	5931	Ile	AAT	0	0	82.7	
NW_002476272.1 	9	6050	6123	Ile	AAT	0	0	82.7	
NW_002476272.1 	10	6229	6302	Ile	AAT	0	0	82.7	
NW_002476272.1 	11	6428	6501	Ile	AAT	0	0	82.7	
NW_002476272.1 	12	6632	6705	Ile	AAT	0	0	82.7	
NW_002476272.1 	13	6811	6884	Ile	AAT	0	0	82.7	
NW_002476272.1 	14	6990	7058	Undet	NNN	0	0	32.1	pseudo
NW_002476272.1 	15	7157	7230	Ile	AAT	0	0	80.5	
NW_002476272.1 	16	26889	26960	Pro	TGG	0	0	67.8	
NW_002476271.1 	1	113031	112952	Leu	TAG	0	0	67.8	
NW_002476271.1 	2	112740	112661	Leu	TAG	0	0	67.8	
NW_002476271.1 	3	112481	112402	Leu	TAG	0	0	67.8	
NW_002476264.1 	1	97837	97917	Ser	TGA	0	0	79.8	
NW_002476264.1 	2	98101	98181	Ser	TGA	0	0	79.8	
NW_002476264.1 	3	98549	98629	Ser	TGA	0	0	79.8	
NW_002476262.1 	1	248536	248608	His	GTG	0	0	72.5	
NW_002476262.1 	2	248724	248652	His	GTG	0	0	72.2	
NW_002476262.1 	3	247951	247879	His	GTG	0	0	72.5	
NW_002476262.1 	4	247700	247628	His	GTG	0	0	72.2	
NW_002476262.1 	5	247477	247405	His	GTG	0	0	72.2	
NW_002476262.1 	6	247241	247169	His	GTG	0	0	72.2	
NW_002476261.1 	1	192819	192892	Asn	GTT	0	0	85.2	
NW_002476261.1 	2	322207	322286	Leu	AAG	0	0	65.3	
NW_002476258.1 	1	55266	55346	Ser	AGA	0	0	75.3	
NW_002476258.1 	2	87103	87176	Ile	AAT	0	0	82.7	
NW_002476258.1 	3	87348	87421	Ile	AAT	0	0	82.7	
NW_002476258.1 	4	87615	87688	Ile	AAT	0	0	82.7	
NW_002476258.1 	5	88047	88120	Ile	AAT	0	0	82.7	
NW_002476258.1 	6	216249	216177	Lys	TTT	0	0	80.9	
NW_002476258.1 	7	216037	215965	Lys	TTT	0	0	80.9	
NW_002476256.1 	1	954 	1036	Leu	TAA	0	0	64.0	
NW_002476251.1 	1	158579	158651	Phe	GAA	0	0	82.3	
NW_002476250.1 	1	521029	520957	Ala	AGC	0	0	52.3	
NW_002476250.1 	2	76299	76227	Thr	AGT	0	0	83.7	
NW_002476250.1 	3	76070	75998	Thr	AGT	0	0	83.7	
NW_002476250.1 	4	75760	75688	Thr	AGT	0	0	83.7	
NW_002476250.1 	5	75463	75391	Thr	AGT	0	0	83.7	
NW_002476250.1 	6	75309	75237	Thr	AGT	0	0	83.7	
NW_002476246.1 	1	174592	174663	Asp	GTC	0	0	72.9	
NW_002476246.1 	2	195532	195603	Asp	GTC	0	0	72.9	
NW_002476246.1 	3	200674	200745	Asp	GTC	0	0	72.9	
NW_002476246.1 	4	247768	247838	Gly	GCC	0	0	72.7	
NW_002476246.1 	5	248033	248103	Gly	GCC	0	0	72.7	
NW_002476246.1 	6	248274	248344	Gly	GCC	0	0	72.7	
NW_002476246.1 	7	324981	325051	Gly	GCC	0	0	72.7	
NW_002476246.1 	8	325301	325371	Gly	GCC	0	0	72.7	
NW_002476246.1 	9	325920	325990	Gly	GCC	0	0	72.7	
NW_002476246.1 	10	337994	338064	Gly	GCC	0	0	72.7	
NW_002476246.1 	11	339206	339276	Gly	GCC	0	0	72.7	
NW_002476246.1 	12	351011	351081	Gly	GCC	0	0	72.7	
NW_002476246.1 	13	1086166	1086237	Sup	TTA	0	0	75.1	
NW_002476246.1 	14	796012	795940	Phe	GAA	0	0	79.9	
NW_002476246.1 	15	767697	767624	Ile	AAT	0	0	82.7	
NW_002476246.1 	16	518620	518550	Gly	GCC	0	0	72.7	
NW_002476246.1 	17	506588	506518	Gly	GCC	0	0	72.7	
NW_002476246.1 	18	493836	493766	Gly	GCC	0	0	72.7	
NW_002476246.1 	19	422221	422149	Ala	AGC	0	0	52.3	
NW_002476246.1 	20	414446	414374	Ala	AGC	0	0	52.3	
NW_002476246.1 	21	414221	414149	Ala	AGC	0	0	52.3	
NW_002476246.1 	22	206852	206754	Ile	TAT	206814	206789	57.7	
NW_002476246.1 	23	202924	202824	Leu	TAA	202886	202859	52.0	
NW_002476246.1 	24	200986	200894	Ile	TAT	200948	200929	52.8	
NW_002476245.1 	1	86196	86115	Ser	GCT	0	0	76.3	
NW_002476244.1 	1	31555	31483	Ala	TGC	0	0	57.6	
NW_002476244.1 	2	31265	31193	Ala	TGC	0	0	57.6	
NW_002476244.1 	3	30999	30927	Ala	TGC	0	0	57.6	
NW_002476244.1 	4	30778	30706	Ala	TGC	0	0	57.6	
NW_002476244.1 	5	30606	30534	Ala	TGC	0	0	45.2	
NW_002476244.1 	6	30350	30278	Ala	TGC	0	0	57.6	
NW_002476244.1 	7	30128	30056	Ala	TGC	0	0	57.6	
NW_002476244.1 	8	29951	29879	Ala	CGC	0	0	47.3	
NW_002476244.1 	9	29707	29635	Ala	TGC	0	0	57.6	
NW_002476244.1 	10	28996	28924	Ala	TGC	0	0	57.6	
NW_002476244.1 	11	28837	28765	Ala	TGC	0	0	57.6	
NW_002476242.1 	1	9750	9668	Sup	CTA	0	0	31.9	
NW_002476242.1 	2	7938	7866	Lys	TTT	0	0	80.9	
NW_002476242.1 	3	7680	7608	Lys	TTT	0	0	80.9	
NW_002476237.1 	1	59580	59652	Glu	TTC	0	0	61.8	
NW_002476237.1 	2	60203	60275	Glu	TTC	0	0	61.8	
NW_002476237.1 	3	34141	34069	Lys	CTT	0	0	90.6	
NW_002476236.1 	1	311999	311927	Trp	CCA	0	0	69.6	
NW_002476236.1 	2	311769	311697	Trp	CCA	0	0	69.6	
NW_002476236.1 	3	311481	311409	Trp	CCA	0	0	69.6	
NW_002476236.1 	4	311179	311107	Trp	CCA	0	0	69.6	
NW_002476236.1 	5	310813	310741	Trp	CCA	0	0	69.6	
NW_002476236.1 	6	310400	310328	Trp	CCA	0	0	69.6	
NW_002476235.1 	1	136919	136847	Val	AAC	0	0	76.1	
NW_002476235.1 	2	136677	136605	Val	TAC	0	0	76.1	
NW_002476235.1 	3	136495	136423	Val	TAC	0	0	76.1	
NW_002476235.1 	4	136296	136224	Val	CAC	0	0	69.3	
NW_002476235.1 	5	136105	136033	Val	TAC	0	0	67.7	
NW_002476235.1 	6	135876	135804	Val	AAC	0	0	76.1	
NW_002476227.1 	1	71868	71938	Gly	GCC	0	0	72.7	
NW_002476226.1 	1	386131	386212	Ser	GCT	0	0	76.3	
NW_002476226.1 	2	386385	386466	Ser	GCT	0	0	76.3	
NW_002476226.1 	3	386662	386743	Ser	GCT	0	0	76.3	
NW_002476226.1 	4	386983	387064	Ser	GCT	0	0	76.3	
NW_002476226.1 	5	387467	387548	Ser	GCT	0	0	76.3	
NW_002476226.1 	6	387798	387879	Ser	GCT	0	0	76.3	
NW_002476226.1 	7	475811	475891	Ser	AGA	0	0	75.3	
NW_002476226.1 	8	351429	351348	Ser	GCT	0	0	76.3	
NW_002476226.1 	9	351261	351180	Ser	GCT	0	0	76.3	
NW_002476226.1 	10	349261	349190	Arg	TCG	0	0	60.1	
NW_002476224.1 	1	249635	249553	Leu	TAA	0	0	64.0	
NW_002476224.1 	2	124619	124546	Asn	GTT	0	0	85.2	
NW_002476218.1 	1	412703	412632	His	GTG	0	0	39.7	
NW_002476218.1 	2	412408	412337	His	GTG	0	0	41.1	
NW_002476217.1 	1	125940	126012	Lys	CTT	0	0	90.6	
NW_002476216.1 	1	180249	180328	Leu	AAG	0	0	65.3	
NW_002476216.1 	2	189322	189401	Leu	AAG	0	0	65.3	
NW_002476216.1 	3	189499	189578	Leu	AAG	0	0	65.3	
NW_002476216.1 	4	189760	189839	Leu	AAG	0	0	65.3	
NW_002476214.1 	1	24091	24019	Lys	CTT	0	0	90.6	
NW_002476214.1 	2	9328	9256	Lys	CTT	0	0	90.6	
NW_002476214.1 	3	5390	5318	Lys	CTT	0	0	90.6	
NW_002476212.1 	1	1016897	1016968	Cys	GCA	0	0	74.6	
NW_002476212.1 	2	1017150	1017221	Cys	GCA	0	0	74.6	
NW_002476212.1 	3	718124	718053	Asp	GTC	0	0	56.4	
NW_002476212.1 	4	716822	716751	Glu	TTC	0	0	70.8	
NW_002476212.1 	5	715671	715601	Undet	NNN	0	0	32.5	
NW_002476212.1 	6	112036	111966	Arg	CCG	0	0	57.7	
NW_002476212.1 	7	55139	55068	Sup	TTA	0	0	75.1	
NW_002476204.1 	1	7097	7168	iMet	CAT	0	0	55.3	
NW_002476202.1 	1	290405	290334	iMet	CAT	0	0	55.3	
NW_002476202.1 	2	127535	127464	iMet	CAT	0	0	55.3	
NW_002476189.1 	1	24343	24271	Ile	TAT	0	0	63.4	
NW_002476189.1 	2	24060	23988	Ile	TAT	0	0	59.9	
NW_002476188.1 	1	449786	449715	Asp	GTC	0	0	72.9	
NW_002476188.1 	2	237992	237919	Met	CAT	0	0	83.3	
NW_002476188.1 	3	36464	36392	Lys	TTT	0	0	80.9	
NW_002476186.1 	1	294045	293974	Asp	GTC	0	0	72.9	
NW_002476186.1 	2	238254	238184	Pro	CGG	0	0	68.2	
NW_002476180.1 	1	57847	57919	Glu	TTC	0	0	61.8	
NW_002476180.1 	2	58094	58166	Glu	TTC	0	0	61.8	
NW_002476180.1 	3	60870	60943	Met	CAT	0	0	83.3	
NW_002476180.1 	4	141035	141107	Lys	CTT	0	0	90.6	
NW_002476180.1 	5	141314	141386	Lys	CTT	0	0	90.6	
NW_002476180.1 	6	49488	49416	Phe	GAA	0	0	79.9	
NW_002476179.1 	1	90038	89967	Cys	GCA	0	0	67.4	
NW_002476178.1 	1	362824	362897	Asn	GTT	0	0	85.2	
NW_002476175.1 	1	44774	44703	Asp	GTC	0	0	72.9	
NW_002476175.1 	2	41858	41788	Gly	GCC	0	0	72.7	
NW_002476175.1 	3	36781	36711	Gly	GCC	0	0	72.7	
NW_002476174.1 	1	286910	286990	Ser	TGA	0	0	79.8	
NW_002476172.1 	1	5813	5743	Gly	GCC	0	0	72.7	
NW_002476169.1 	1	227706	227776	Gly	GCC	0	0	72.7	
NW_002476169.1 	2	227849	227919	Gly	GCC	0	0	71.7	
NW_002476169.1 	3	67639	67569	Gly	TCC	0	0	68.2	
NW_002476169.1 	4	67372	67302	Gly	TCC	0	0	68.2	
NW_002476167.1 	1	10183	10264	Ser	GCT	0	0	76.3	
NW_002476163.1 	1	716761	716832	Arg	TCT	0	0	70.8	
NW_002476163.1 	2	716914	716985	Arg	TCT	0	0	70.8	
NW_002476163.1 	3	717154	717083	Arg	TCT	0	0	70.8	
NW_002476163.1 	4	716536	716465	Arg	TCT	0	0	70.8	
NW_002476163.1 	5	197636	197565	Pro	AGG	0	0	55.8	
NW_002476163.1 	6	197473	197402	Pro	AGG	0	0	55.8	
NW_002476163.1 	7	197114	197043	Pro	AGG	0	0	55.8	
NW_002476163.1 	8	196934	196863	Pro	AGG	0	0	55.8	
NW_002476163.1 	9	196722	196651	Pro	AGG	0	0	55.8	
NW_002476163.1 	10	196544	196473	Pro	AGG	0	0	55.8	
NW_002476163.1 	11	196372	196301	Pro	AGG	0	0	55.8	
NW_002476163.1 	12	196202	196131	Pro	AGG	0	0	55.8	
NW_002476161.1 	1	122677	122605	Phe	GAA	0	0	82.3	
NW_002476161.1 	2	122483	122411	Phe	GAA	0	0	79.9	
NW_002476157.1 	1	131171	131241	Gly	TCC	0	0	68.2	
NW_002476157.1 	2	263186	263259	Met	CAT	0	0	83.3	
NW_002476157.1 	3	429175	429248	Asn	GTT	0	0	85.2	
NW_002476157.1 	4	429404	429477	Asn	GTT	0	0	85.2	
NW_002476157.1 	5	652070	652151	Ser	GCT	0	0	76.3	
NW_002476157.1 	6	132325	132255	Gly	TCC	0	0	68.2	
NW_002476157.1 	7	132166	132096	Gly	TCC	0	0	68.2	
NW_002476157.1 	8	132002	131932	Gly	TCC	0	0	68.2	
NW_002476157.1 	9	131845	131775	Gly	TCC	0	0	68.2	
NW_002476157.1 	10	131684	131614	Gly	TCC	0	0	68.2	
NW_002476157.1 	11	131371	131301	Gly	TCC	0	0	68.2	
NW_002476155.1 	1	94247	94319	Lys	CTT	0	0	90.6	
NW_002476155.1 	2	94562	94634	Lys	CTT	0	0	90.6	
NW_002476155.1 	3	94873	94945	Lys	CTT	0	0	90.6	
NW_002476155.1 	4	317368	317441	Asn	GTT	0	0	85.2	
NW_002476153.1 	1	96854	96775	Leu	AAG	0	0	65.3	
NW_002476151.1 	1	160314	160386	Val	AAC	0	0	76.1	
NW_002476151.1 	2	168745	168673	Thr	AGT	0	0	83.7	
NW_002476151.1 	3	168564	168492	Thr	AGT	0	0	83.7	
NW_002476151.1 	4	168408	168336	Thr	AGT	0	0	83.7	
NW_002476151.1 	5	168224	168152	Thr	AGT	0	0	31.9	pseudo
NW_002476151.1 	6	168041	167969	Thr	AGT	0	0	83.7	
NW_002476151.1 	7	167865	167793	Thr	AGT	0	0	83.7	
NW_002476151.1 	8	167598	167526	Thr	AGT	0	0	83.7	
NW_002476151.1 	9	167429	167357	Thr	AGT	0	0	83.7	
NW_002476151.1 	10	167159	167087	Thr	AGT	0	0	83.7	
NW_002476151.1 	11	166839	166767	Thr	AGT	0	0	83.7	
NW_002476151.1 	12	166622	166550	Thr	AGT	0	0	83.7	
NW_002476151.1 	13	166398	166326	Thr	AGT	0	0	83.7	
NW_002476151.1 	14	166183	166111	Thr	AGT	0	0	83.7	
NW_002476151.1 	15	165978	165906	Thr	AGT	0	0	83.7	
NW_002476134.1 	1	1337	1418	Leu	CAA	0	0	65.8	
NW_002476134.1 	2	962 	881 	Leu	CAA	0	0	66.9	
NW_002476134.1 	3	707 	626 	Leu	CAA	0	0	66.9	
NW_002476121.1 	1	138079	138152	Asn	GTT	0	0	85.2	
NW_002476089.1 	1	102127	102206	Leu	AAG	0	0	65.3	
NW_002476086.1 	1	131752	131669	Tyr	GTA	131715	131705	69.9	
NW_002476086.1 	2	69456	69376	Ser	TGA	0	0	79.8	
NW_002476086.1 	3	69063	68983	Ser	TGA	0	0	79.8	
NW_002476086.1 	4	68725	68645	Ser	TGA	0	0	79.8	
NW_002476086.1 	5	68395	68315	Ser	TGA	0	0	79.8	
NW_002476052.1 	1	206410	206339	iMet	CAT	0	0	55.3	
NW_002476052.1 	2	126698	126626	Val	AAC	0	0	76.1	
NW_002476052.1 	3	126494	126422	Val	AAC	0	0	76.1	
NW_002476052.1 	4	126283	126211	Val	AAC	0	0	76.1	
NW_002476052.1 	5	126051	125979	Val	AAC	0	0	76.1	
NW_002476052.1 	6	125825	125753	Val	AAC	0	0	76.1	
NW_002476052.1 	7	125606	125534	Val	AAC	0	0	76.1	
NW_002476052.1 	8	125405	125333	Val	AAC	0	0	76.1	
NW_002476052.1 	9	125076	125004	Val	AAC	0	0	76.1	
NW_002476052.1 	10	124856	124784	Val	AAC	0	0	76.1	
NW_002476047.1 	1	78604	78525	Leu	CAG	0	0	65.2	
NW_002476037.1 	1	42037	42117	Ser	CGA	0	0	73.3	
NW_002476033.1 	1	52231	52160	Sup	TTA	0	0	75.1	
NW_002476025.1 	1	95490	95560	Gly	GCC	0	0	72.7	
NW_002476025.1 	2	95754	95824	Gly	GCC	0	0	72.7	
NW_002476025.1 	3	96446	96518	Thr	CGT	0	0	78.3	
NW_002476025.1 	4	89373	89301	Thr	TGT	0	0	85.5	
NW_002476025.1 	5	89118	89046	Thr	TGT	0	0	85.5	
NW_002476025.1 	6	88807	88735	Thr	TGT	0	0	85.5	
NW_002476025.1 	7	88527	88455	Thr	TGT	0	0	85.5	
NW_002476025.1 	8	87318	87246	Thr	TGT	0	0	85.5	
NW_002476025.1 	9	87063	86991	Thr	TGT	0	0	85.5	
NW_002476022.1 	1	319831	319917	SeC	TCA	0	0	100.8	
NW_002476012.1 	1	13094	13023	Arg	CCT	0	0	70.3	
NW_002476012.1 	2	12828	12757	Arg	CCT	0	0	70.3	
NW_002475999.1 	1	198648	198718	Gly	GCC	0	0	71.7	
NW_002475996.1 	1	3419	3347	Lys	TTT	0	0	80.9	
NW_002475996.1 	2	3175	3103	Lys	TTT	0	0	80.9	
NW_002475994.1 	1	7295	7367	Lys	TTT	0	0	80.9	
NW_002475994.1 	2	7512	7584	Lys	TTT	0	0	80.9	
NW_002475989.1 	1	10526	10598	Lys	TTT	0	0	63.8	
NW_002475978.1 	1	37509	37580	Sup	CTA	0	0	71.9	
NW_002475977.1 	1	16736	16807	Sup	TTA	0	0	72.7	
NW_002475972.1 	1	26826	26755	Sup	TTA	0	0	75.1	
NW_002475971.1 	1	177447	177375	Ala	AGC	0	0	52.3	
NW_002475967.1 	1	39320	39238	Ile	TAT	0	0	48.8	
NW_002475963.1 	1	213716	213634	Leu	TAA	0	0	64.0	
NW_002475963.1 	2	55153	55070	Tyr	GTA	55116	55106	69.9	
NW_002475961.1 	1	110228	110157	Arg	TCT	0	0	70.8	
NW_002475958.1 	1	56003	55931	Glu	TTC	0	0	61.8	
NW_002475953.1 	1	23174	23246	Lys	TTT	0	0	80.9	
NW_002475953.1 	2	23391	23463	Lys	TTT	0	0	80.9	
NW_002475946.1 	1	33801	33882	Ser	GCT	0	0	76.3	
NW_002475946.1 	2	34296	34377	Ser	GCT	0	0	76.3	
NW_002475946.1 	3	35097	35178	Ser	GCT	0	0	76.3	
NW_002475926.1 	1	254539	254467	Lys	TTT	0	0	80.9	
NW_002475923.1 	1	357072	357144	Phe	GAA	0	0	82.3	
NW_002475923.1 	2	357232	357304	Phe	GAA	0	0	82.3	
NW_002475923.1 	3	356739	356667	Phe	GAA	0	0	82.3	
NW_002475923.1 	4	356588	356516	Phe	GAA	0	0	82.3	
NW_002475923.1 	5	349385	349313	Phe	GAA	0	0	82.3	
NW_002475923.1 	6	341837	341765	Phe	GAA	0	0	82.3	
